<?xml version="1.0" encoding="UTF-8"?>
<!-- Generated by org.testng.reporters.JUnitReportReporter -->
<testsuite hostname="DESKTOP-IHTC1M0" failures="0" tests="18" name="Dashboard.UserLoginProfile_UITest" time="37.561" errors="0" timestamp="2020-11-25T17:26:14 SGT" skipped="0">
  <testcase classname="Dashboard.UserLoginProfile_UITest" name="Test_if_username_is_Present_onToprightcorner" time="8.488"/>
  <system-out/>
  <testcase classname="Dashboard.UserLoginProfile_UITest" name="Test_if_username_is_Enabled_onToprightcorner" time="0.037"/>
  <system-out/>
  <testcase classname="Dashboard.UserLoginProfile_UITest" name="Test_if_username_icon_is_Present" time="0.049"/>
  <system-out/>
  <testcase classname="Dashboard.UserLoginProfile_UITest" name="Test_if_Settings_Menu_is_Present_when_username_is_clicked" time="2.168"/>
  <system-out/>
  <testcase classname="Dashboard.UserLoginProfile_UITest" name="Test_if_Settings_Menu_is_Enabled_when_username_is_clicked" time="0.028"/>
  <system-out/>
  <testcase classname="Dashboard.UserLoginProfile_UITest" name="Test_if_Settings_Menu_is_TextisCorrect_when_username_is_clicked" time="0.042"/>
  <system-out/>
  <testcase classname="Dashboard.UserLoginProfile_UITest" name="Test_if_Settings_icon_is_Present_when_username_is_clicked" time="0.040"/>
  <system-out/>
  <testcase classname="Dashboard.UserLoginProfile_UITest" name="Test_if_Support_Menu_is_Present_when_username_is_clicked" time="0.045"/>
  <system-out/>
  <testcase classname="Dashboard.UserLoginProfile_UITest" name="Test_if_Support_Menu_is_Enabled_when_username_is_clicked" time="0.028"/>
  <system-out/>
  <testcase classname="Dashboard.UserLoginProfile_UITest" name="Test_if_Support_Icon_is_Present_when_username_is_clicked" time="0.036"/>
  <system-out/>
  <testcase classname="Dashboard.UserLoginProfile_UITest" name="Test_if_Logout_Menu_is_Present_when_username_is_clicked" time="0.047"/>
  <system-out/>
  <testcase classname="Dashboard.UserLoginProfile_UITest" name="Test_if_Support_Menu_is_CorrectTetxt_when_username_is_clicked" time="0.532"/>
  <system-out/>
  <testcase classname="Dashboard.UserLoginProfile_UITest" name="Test_if_Logout_Menu_is_Enabled_when_username_is_clicked" time="0.029"/>
  <system-out/>
  <testcase classname="Dashboard.UserLoginProfile_UITest" name="Test_if_Logout_Menu_is_CorrectText_when_username_is_clicked" time="2.035"/>
  <system-out/>
  <testcase classname="Dashboard.UserLoginProfile_UITest" name="Test_if_Logout_Icon_is_Present_when_username_is_clicked" time="0.226"/>
  <system-out/>
  <testcase classname="Dashboard.UserLoginProfile_UITest" name="Test_if_When_Settings_is_Clicked_Correct_URLDestination_and_CorrectPage_title" time="4.493"/>
  <system-out/>
  <testcase classname="Dashboard.UserLoginProfile_UITest" name="Test_if_When_Support_is_Clicked_Correct_URLDestination_and_CorrectPage_title" time="13.005"/>
  <system-out/>
  <testcase classname="Dashboard.UserLoginProfile_UITest" name="Test_if_When_LogOut_is_Clicked_Correct_URLDestination_and_CorrectPage_title" time="6.233"/>
  <system-out/>
</testsuite> <!-- Dashboard.UserLoginProfile_UITest -->
