<?xml version="1.0" encoding="UTF-8"?>
<!-- Generated by org.testng.reporters.JUnitReportReporter -->
<testsuite hostname="DESKTOP-IHTC1M0" failures="0" tests="7" name="Webinars.aaa0018AddNewAdelineTemplate_LiveWebinar_GoesTo_AllWebinarsPage" time="55.028" errors="0" timestamp="2020-12-21T19:36:22 SGT" skipped="0">
  <testcase classname="Webinars.aaa0018AddNewAdelineTemplate_LiveWebinar_GoesTo_AllWebinarsPage" name="Test_If_AddNewAdelimeTemplate_LiveWebinar_It_Should_GoesTo_CorrectPath" time="38.261"/>
  <system-out/>
  <testcase classname="Webinars.aaa0018AddNewAdelineTemplate_LiveWebinar_GoesTo_AllWebinarsPage" name="Test_If_The_Recent_CreatedLiveWebinar_Appears_inLastRow_At_AllWebinarsTablePage" time="15.906"/>
  <system-out/>
  <testcase classname="Webinars.aaa0018AddNewAdelineTemplate_LiveWebinar_GoesTo_AllWebinarsPage" name="Test_If_The_Created_LiveWebinar_Has_StartLiveBroadcast_button_Enabled_CorrectButtonName_ButtonHasIconandWithCorrectIconName" time="0.269"/>
  <system-out/>
  <testcase classname="Webinars.aaa0018AddNewAdelineTemplate_LiveWebinar_GoesTo_AllWebinarsPage" name="Test_If_The_Created_LiveWebinar_Has_WebinarLink_Enabled_CorrectLinkText" time="0.148"/>
  <system-out/>
  <testcase classname="Webinars.aaa0018AddNewAdelineTemplate_LiveWebinar_GoesTo_AllWebinarsPage" name="Test_If_The_Created_LiveWebinar_Has_EditLink_Enabled_Correctlinktext" time="0.154"/>
  <system-out/>
  <testcase classname="Webinars.aaa0018AddNewAdelineTemplate_LiveWebinar_GoesTo_AllWebinarsPage" name="Test_If_The_Created_LiveWebinar_Has_CopyLink_Enabled_Correctlinktext" time="0.146"/>
  <system-out/>
  <testcase classname="Webinars.aaa0018AddNewAdelineTemplate_LiveWebinar_GoesTo_AllWebinarsPage" name="Test_If_The_Created_LiveWebinar_Has_DeleteLink_Enabled_Correctlinktext" time="0.144"/>
  <system-out/>
</testsuite> <!-- Webinars.aaa0018AddNewAdelineTemplate_LiveWebinar_GoesTo_AllWebinarsPage -->
