<?xml version="1.0" encoding="UTF-8"?>
<!-- Generated by org.testng.reporters.JUnitReportReporter -->
<testsuite hostname="DESKTOP-IHTC1M0" failures="0" tests="19" name="MeetingRooms.meetingRoomsUITest" time="20.803" errors="0" timestamp="2020-11-12T22:54:41 SGT" skipped="0">
  <testcase classname="MeetingRooms.meetingRoomsUITest" name="Test_if_when_MeetingRoomsMenu_is_Clicked_Correct_URL_Destination" time="19.865"/>
  <system-out/>
  <testcase classname="MeetingRooms.meetingRoomsUITest" name="Test_if_PageTitle_is_Present" time="0.088"/>
  <system-out/>
  <testcase classname="MeetingRooms.meetingRoomsUITest" name="Test_if_PageTitle_is_Correct" time="0.049"/>
  <system-out/>
  <testcase classname="MeetingRooms.meetingRoomsUITest" name="Test_if_PageTitle_icon_is_present" time="0.036"/>
  <system-out/>
  <testcase classname="MeetingRooms.meetingRoomsUITest" name="Test_if_WebinarLength_Label_is_Present" time="0.045"/>
  <system-out/>
  <testcase classname="MeetingRooms.meetingRoomsUITest" name="Test_if_WebinarLength_Label_is_Correct" time="0.095"/>
  <system-out/>
  <testcase classname="MeetingRooms.meetingRoomsUITest" name="Test_if_ListLengthSelector_is_Present" time="0.050"/>
  <system-out/>
  <testcase classname="MeetingRooms.meetingRoomsUITest" name="Test_if_ListLengthSelector_is_Enabled" time="0.026"/>
  <system-out/>
  <testcase classname="MeetingRooms.meetingRoomsUITest" name="Test_if_ListOption5_is_Present" time="0.179"/>
  <system-out/>
  <testcase classname="MeetingRooms.meetingRoomsUITest" name="Test_if_ListOption10_is_Present" time="0.047"/>
  <system-out/>
  <testcase classname="MeetingRooms.meetingRoomsUITest" name="Test_if_ListOptionA11_is_Present" time="0.041"/>
  <system-out/>
  <testcase classname="MeetingRooms.meetingRoomsUITest" name="Test_if_SearchLabel_is_Present" time="0.039"/>
  <system-out/>
  <testcase classname="MeetingRooms.meetingRoomsUITest" name="Test_if_SearchLabel_is_Correct" time="0.047"/>
  <system-out/>
  <testcase classname="MeetingRooms.meetingRoomsUITest" name="Test_if_SearchInputfield_is_Present" time="0.037"/>
  <system-out/>
  <testcase classname="MeetingRooms.meetingRoomsUITest" name="Test_if_SearchInputfield_is_Enabled" time="0.023"/>
  <system-out/>
  <testcase classname="MeetingRooms.meetingRoomsUITest" name="Test_if_AddNewButton_is_Present" time="0.030"/>
  <system-out/>
  <testcase classname="MeetingRooms.meetingRoomsUITest" name="Test_if_AddNewButton_is_Enabled" time="0.023"/>
  <system-out/>
  <testcase classname="MeetingRooms.meetingRoomsUITest" name="Test_if_AddNewButton_name_is_Correct" time="0.048"/>
  <system-out/>
  <testcase classname="MeetingRooms.meetingRoomsUITest" name="Test_if_AddNewButton_icon_is_Present" time="0.035"/>
  <system-out/>
</testsuite> <!-- MeetingRooms.meetingRoomsUITest -->
