<?xml version="1.0" encoding="UTF-8"?>
<!-- Generated by org.testng.reporters.JUnitReportReporter -->
<testsuite hostname="LAPTOP-ESEL78H9" failures="0" tests="8" name="Webinars.runTestWebinarSettingsUI" time="214.597" errors="0" timestamp="2020-09-26T23:45:28 PST" skipped="0">
  <testcase classname="Webinars.runTestWebinarSettingsUI" name="Test_Webinar_Settings_Template_From_AdelineTemplate" time="30.779"/>
  <system-out/>
  <testcase classname="Webinars.runTestWebinarSettingsUI" name="Test_Webinar_Settings_Template_From_MesaTemplate" time="23.161"/>
  <system-out/>
  <testcase classname="Webinars.runTestWebinarSettingsUI" name="Test_Webinar_Settings_Template_From_BelmontTemplate" time="29.417"/>
  <system-out/>
  <testcase classname="Webinars.runTestWebinarSettingsUI" name="Test_Webinar_Settings_Template_From_OakTemplate" time="26.103"/>
  <system-out/>
  <testcase classname="Webinars.runTestWebinarSettingsUI" name="Test_Webinar_Settings_Template_From_NexgenTemplate" time="27.959"/>
  <system-out/>
  <testcase classname="Webinars.runTestWebinarSettingsUI" name="Test_Webinar_Settings_Template_From_ChicagoTemplate" time="25.135"/>
  <system-out/>
  <testcase classname="Webinars.runTestWebinarSettingsUI" name="Test_Webinar_Settings_Template_From_ClarkTemplate" time="25.965"/>
  <system-out/>
  <testcase classname="Webinars.runTestWebinarSettingsUI" name="Test_Webinar_Settings_Template_From_LagunaTemplate" time="26.078"/>
  <system-out/>
</testsuite> <!-- Webinars.runTestWebinarSettingsUI -->
