<?xml version="1.0" encoding="UTF-8"?>
<!-- Generated by org.testng.reporters.JUnitReportReporter -->
<testsuite hostname="DESKTOP-IHTC1M0" failures="0" tests="7" name="Webinars.aaa0019AddNewMesaTemplate_LiveWebinar_GoesTo_AllWebinarsPage" time="94.347" errors="0" timestamp="2020-12-21T19:45:12 SGT" skipped="0">
  <testcase classname="Webinars.aaa0019AddNewMesaTemplate_LiveWebinar_GoesTo_AllWebinarsPage" name="Test_If_AddNewAdelimeTemplate_LiveWebinar_It_Should_GoesTo_CorrectPath" time="54.051"/>
  <system-out/>
  <testcase classname="Webinars.aaa0019AddNewMesaTemplate_LiveWebinar_GoesTo_AllWebinarsPage" name="Test_If_The_Recent_CreatedLiveWebinar_Appears_inLastRow_At_AllWebinarsTablePage" time="39.317"/>
  <system-out/>
  <testcase classname="Webinars.aaa0019AddNewMesaTemplate_LiveWebinar_GoesTo_AllWebinarsPage" name="Test_If_The_Created_LiveWebinar_Has_StartLiveBroadcast_button_Enabled_CorrectButtonName_ButtonHasIconandWithCorrectIconName" time="0.278"/>
  <system-out/>
  <testcase classname="Webinars.aaa0019AddNewMesaTemplate_LiveWebinar_GoesTo_AllWebinarsPage" name="Test_If_The_Created_LiveWebinar_Has_WebinarLink_Enabled_CorrectLinkText" time="0.164"/>
  <system-out/>
  <testcase classname="Webinars.aaa0019AddNewMesaTemplate_LiveWebinar_GoesTo_AllWebinarsPage" name="Test_If_The_Created_LiveWebinar_Has_EditLink_Enabled_Correctlinktext" time="0.221"/>
  <system-out/>
  <testcase classname="Webinars.aaa0019AddNewMesaTemplate_LiveWebinar_GoesTo_AllWebinarsPage" name="Test_If_The_Created_LiveWebinar_Has_CopyLink_Enabled_Correctlinktext" time="0.153"/>
  <system-out/>
  <testcase classname="Webinars.aaa0019AddNewMesaTemplate_LiveWebinar_GoesTo_AllWebinarsPage" name="Test_If_The_Created_LiveWebinar_Has_DeleteLink_Enabled_Correctlinktext" time="0.163"/>
  <system-out/>
</testsuite> <!-- Webinars.aaa0019AddNewMesaTemplate_LiveWebinar_GoesTo_AllWebinarsPage -->
