<?xml version="1.0" encoding="UTF-8"?>
<!-- Generated by org.testng.reporters.JUnitReportReporter -->
<testsuite hostname="DESKTOP-IHTC1M0" failures="0" tests="7" name="Webinars.aaa0025AddNewLagunaTemplate_LiveWebinar_GoesTo_AllWebinarsPage" time="41.597" errors="0" timestamp="2020-12-21T23:18:36 SGT" skipped="0">
  <testcase classname="Webinars.aaa0025AddNewLagunaTemplate_LiveWebinar_GoesTo_AllWebinarsPage" name="Test_If_AddNewLagunaTemplate_LiveWebinar_It_Should_GoesTo_CorrectPath" time="31.892"/>
  <system-out/>
  <testcase classname="Webinars.aaa0025AddNewLagunaTemplate_LiveWebinar_GoesTo_AllWebinarsPage" name="Test_If_The_Recent_CreatedLiveWebinar_Appears_inLastRow_At_AllWebinarsTablePage" time="8.659"/>
  <system-out/>
  <testcase classname="Webinars.aaa0025AddNewLagunaTemplate_LiveWebinar_GoesTo_AllWebinarsPage" name="Test_If_The_Created_LiveWebinar_Has_StartLiveBroadcast_button_Enabled_CorrectButtonName_ButtonHasIconandWithCorrectIconName" time="0.289"/>
  <system-out/>
  <testcase classname="Webinars.aaa0025AddNewLagunaTemplate_LiveWebinar_GoesTo_AllWebinarsPage" name="Test_If_The_Created_LiveWebinar_Has_WebinarLink_Enabled_CorrectLinkText" time="0.163"/>
  <system-out/>
  <testcase classname="Webinars.aaa0025AddNewLagunaTemplate_LiveWebinar_GoesTo_AllWebinarsPage" name="Test_If_The_Created_LiveWebinar_Has_EditLink_Enabled_Correctlinktext" time="0.237"/>
  <system-out/>
  <testcase classname="Webinars.aaa0025AddNewLagunaTemplate_LiveWebinar_GoesTo_AllWebinarsPage" name="Test_If_The_Created_LiveWebinar_Has_CopyLink_Enabled_Correctlinktext" time="0.178"/>
  <system-out/>
  <testcase classname="Webinars.aaa0025AddNewLagunaTemplate_LiveWebinar_GoesTo_AllWebinarsPage" name="Test_If_The_Created_LiveWebinar_Has_DeleteLink_Enabled_Correctlinktext" time="0.179"/>
  <system-out/>
</testsuite> <!-- Webinars.aaa0025AddNewLagunaTemplate_LiveWebinar_GoesTo_AllWebinarsPage -->
