<?xml version="1.0" encoding="UTF-8"?>
<!-- Generated by org.testng.reporters.JUnitReportReporter -->
<testsuite hostname="DESKTOP-IHTC1M0" failures="0" tests="16" name="Webinars.aaa0046AddNewWebinarNexgenTemplate_SimulatedLiveWebinar_RunRecurring" time="331.040" errors="0" timestamp="2020-12-23T18:04:17 SGT" skipped="0">
  <testcase classname="Webinars.aaa0046AddNewWebinarNexgenTemplate_SimulatedLiveWebinar_RunRecurring" name="Test_If_AddNew_SimulatedLiveWebinar_When_Selecting_RunHourly_SetWeekdayTime_and_AddAnotherTime_Elements_Emerges" time="81.307"/>
  <system-out/>
  <testcase classname="Webinars.aaa0046AddNewWebinarNexgenTemplate_SimulatedLiveWebinar_RunRecurring" name="Test_ChooseaWeekDay_SelectionMenu_Has_Submenus" time="3.810"/>
  <system-out/>
  <testcase classname="Webinars.aaa0046AddNewWebinarNexgenTemplate_SimulatedLiveWebinar_RunRecurring" name="Test_When_host_SelectDay_Sunday_SetTimeInputfield_With_Closebutton_Emerges" time="2.662"/>
  <system-out/>
  <testcase classname="Webinars.aaa0046AddNewWebinarNexgenTemplate_SimulatedLiveWebinar_RunRecurring" name="Test_When_host_SelectDay_Monday_SetTimeInputfield_With_Closebutton_Emerges" time="2.611"/>
  <system-out/>
  <testcase classname="Webinars.aaa0046AddNewWebinarNexgenTemplate_SimulatedLiveWebinar_RunRecurring" name="Test_When_host_SelectDay_Tuesday_SetTimeInputfield_With_Closebutton_Emerges" time="2.662"/>
  <system-out/>
  <testcase classname="Webinars.aaa0046AddNewWebinarNexgenTemplate_SimulatedLiveWebinar_RunRecurring" name="Test_When_host_SelectDay_Wednesday_SetTimeInputfield_With_Closebutton_Emerges" time="2.614"/>
  <system-out/>
  <testcase classname="Webinars.aaa0046AddNewWebinarNexgenTemplate_SimulatedLiveWebinar_RunRecurring" name="Test_When_host_SelectDay_Thursday_SetTimeInputfield_With_Closebutton_Emerges" time="2.710"/>
  <system-out/>
  <testcase classname="Webinars.aaa0046AddNewWebinarNexgenTemplate_SimulatedLiveWebinar_RunRecurring" name="Test_When_host_SelectDay_Friday_SetTimeInputfield_With_Closebutton_Emerges" time="2.536"/>
  <system-out/>
  <testcase classname="Webinars.aaa0046AddNewWebinarNexgenTemplate_SimulatedLiveWebinar_RunRecurring" name="Test_When_host_SelectDay_Saturday_SetTimeInputfield_With_Closebutton_Emerges" time="2.555"/>
  <system-out/>
  <testcase classname="Webinars.aaa0046AddNewWebinarNexgenTemplate_SimulatedLiveWebinar_RunRecurring" name="Test_Adding_Multiple_SeTimerPerDay_OnSaturday" time="30.677"/>
  <system-out/>
  <testcase classname="Webinars.aaa0046AddNewWebinarNexgenTemplate_SimulatedLiveWebinar_RunRecurring" name="Test_Adding_Multiple_SeTimerPerDay_OnSunday" time="33.512"/>
  <system-out/>
  <testcase classname="Webinars.aaa0046AddNewWebinarNexgenTemplate_SimulatedLiveWebinar_RunRecurring" name="Test_Adding_Multiple_SeTimerPerDay_OnMonday" time="32.629"/>
  <system-out/>
  <testcase classname="Webinars.aaa0046AddNewWebinarNexgenTemplate_SimulatedLiveWebinar_RunRecurring" name="Test_Adding_Multiple_SeTimerPerDay_OnTuesday" time="32.667"/>
  <system-out/>
  <testcase classname="Webinars.aaa0046AddNewWebinarNexgenTemplate_SimulatedLiveWebinar_RunRecurring" name="Test_Adding_Multiple_SeTimerPerDay_OnWednesday" time="32.659"/>
  <system-out/>
  <testcase classname="Webinars.aaa0046AddNewWebinarNexgenTemplate_SimulatedLiveWebinar_RunRecurring" name="Test_Adding_Multiple_SeTimerPerDay_OnThrusday" time="32.616"/>
  <system-out/>
  <testcase classname="Webinars.aaa0046AddNewWebinarNexgenTemplate_SimulatedLiveWebinar_RunRecurring" name="Test_Adding_Multiple_SeTimerPerDay_OnFriday" time="32.813"/>
  <system-out/>
</testsuite> <!-- Webinars.aaa0046AddNewWebinarNexgenTemplate_SimulatedLiveWebinar_RunRecurring -->
