<?xml version="1.0" encoding="UTF-8"?>
<!-- Generated by org.testng.reporters.JUnitReportReporter -->
<testsuite hostname="LAPTOP-ESEL78H9" failures="0" tests="7" name="Login_Home_Page.runTestLoginHomePage" time="0.552" errors="0" timestamp="2020-09-23T15:26:14 PST" skipped="0">
  <testcase classname="Login_Home_Page.runTestLoginHomePage" name="Test_If_Title_Exist" time="0.058"/>
  <system-out/>
  <testcase classname="Login_Home_Page.runTestLoginHomePage" name="Test_If_Username_Input_field_Exist" time="0.092"/>
  <system-out/>
  <testcase classname="Login_Home_Page.runTestLoginHomePage" name="Test_If_Password_Input_field_Exist" time="0.066"/>
  <system-out/>
  <testcase classname="Login_Home_Page.runTestLoginHomePage" name="Test_If_RememberMe_Exist_and_its_checkbox" time="0.090"/>
  <system-out/>
  <testcase classname="Login_Home_Page.runTestLoginHomePage" name="Test_If_ForgotPassword_LinkText_Exist" time="0.106"/>
  <system-out/>
  <testcase classname="Login_Home_Page.runTestLoginHomePage" name="Test_If_SignIn_Button_Exist" time="0.087"/>
  <system-out/>
  <testcase classname="Login_Home_Page.runTestLoginHomePage" name="Test_If_Footer_Text_Exist" time="0.053"/>
  <system-out/>
</testsuite> <!-- Login_Home_Page.runTestLoginHomePage -->
