<?xml version="1.0" encoding="UTF-8"?>
<!-- Generated by org.testng.reporters.JUnitReportReporter -->
<testsuite hostname="LAPTOP-ESEL78H9" failures="0" tests="6" name="Login_Home_Page.runTestLoginScenarios" time="20.765" errors="0" timestamp="2020-09-23T15:26:14 PST" skipped="0">
  <testcase classname="Login_Home_Page.runTestLoginScenarios" name="Test_If_Login_Without_Credentials" time="3.502"/>
  <system-out/>
  <testcase classname="Login_Home_Page.runTestLoginScenarios" name="Test_If_Login_Username_Only_Credentials" time="3.208"/>
  <system-out/>
  <testcase classname="Login_Home_Page.runTestLoginScenarios" name="Test_If_Login_Password_Only_Credentials" time="3.191"/>
  <system-out/>
  <testcase classname="Login_Home_Page.runTestLoginScenarios" name="Test_If_Login_Incorrect_Username_Incorrect_Password_Credentials" time="3.268"/>
  <system-out/>
  <testcase classname="Login_Home_Page.runTestLoginScenarios" name="Test_If_Login_Correct_Username_Incorrect_Password_Credentials" time="3.316"/>
  <system-out/>
  <testcase classname="Login_Home_Page.runTestLoginScenarios" name="Test_If_Login_Correct_Username_And_Password_Credentials" time="4.280"/>
  <system-out/>
</testsuite> <!-- Login_Home_Page.runTestLoginScenarios -->
