<?xml version="1.0" encoding="UTF-8"?>
<!-- Generated by org.testng.reporters.JUnitReportReporter -->
<testsuite hostname="DESKTOP-IHTC1M0" failures="0" tests="63" name="Dashboard.dashboardMenuUITest" time="35.710" errors="0" timestamp="2020-11-25T17:28:43 SGT" skipped="0">
  <testcase classname="Dashboard.dashboardMenuUITest" name="Test_if_DashboardTitlePanel_is_Present" time="6.583"/>
  <system-out/>
  <testcase classname="Dashboard.dashboardMenuUITest" name="Test_if_DashboardTitlePanel_is_Enabled" time="0.038"/>
  <system-out/>
  <testcase classname="Dashboard.dashboardMenuUITest" name="Test_if_DashboardTitlePanel_is_Correct" time="0.052"/>
  <system-out/>
  <testcase classname="Dashboard.dashboardMenuUITest" name="Test_if_DashboardTitlePanel_has_icon" time="0.045"/>
  <system-out/>
  <testcase classname="Dashboard.dashboardMenuUITest" name="Test_if_DashboardPanel_subTitle_is_Present" time="0.057"/>
  <system-out/>
  <testcase classname="Dashboard.dashboardMenuUITest" name="Test_if_DashboardPanel_subTitle_is_Correct" time="0.041"/>
  <system-out/>
  <testcase classname="Dashboard.dashboardMenuUITest" name="Test_if_DashboardPanel_Webinars_Menu_is_Present" time="0.062"/>
  <system-out/>
  <testcase classname="Dashboard.dashboardMenuUITest" name="Test_if_DashboardPanel_Webinars_Menu_is_Enabled" time="0.034"/>
  <system-out/>
  <testcase classname="Dashboard.dashboardMenuUITest" name="Test_if_DashboardPanel_Webinars_Menu_is_Correct" time="0.043"/>
  <system-out/>
  <testcase classname="Dashboard.dashboardMenuUITest" name="Test_if_DashboardPanel_Webinars_Menu_has_icon" time="0.257"/>
  <system-out/>
  <testcase classname="Dashboard.dashboardMenuUITest" name="Test_if_DashboardPanel_Webinars_subMenus_are_Present_and_Hidden_WhenClicked_Webinars" time="26.579"/>
  <system-out/>
  <testcase classname="Dashboard.dashboardMenuUITest" name="Test_if_MessageCenter_is_Present" time="0.054"/>
  <system-out/>
  <testcase classname="Dashboard.dashboardMenuUITest" name="Test_if_MessageCenter_is_Enabled" time="0.028"/>
  <system-out/>
  <testcase classname="Dashboard.dashboardMenuUITest" name="Test_if_MessageCenter_is_Correct" time="0.038"/>
  <system-out/>
  <testcase classname="Dashboard.dashboardMenuUITest" name="Test_if_MessageCenter_has_icon" time="0.033"/>
  <system-out/>
  <testcase classname="Dashboard.dashboardMenuUITest" name="Test_if_Attendees_is_Present" time="0.044"/>
  <system-out/>
  <testcase classname="Dashboard.dashboardMenuUITest" name="Test_if_Attendees_is_Enabled" time="0.027"/>
  <system-out/>
  <testcase classname="Dashboard.dashboardMenuUITest" name="Test_if_Attendees_is_Correct" time="0.038"/>
  <system-out/>
  <testcase classname="Dashboard.dashboardMenuUITest" name="Test_if_Attendees_has_icon" time="0.032"/>
  <system-out/>
  <testcase classname="Dashboard.dashboardMenuUITest" name="Test_if_Affiliates_is_Present" time="0.044"/>
  <system-out/>
  <testcase classname="Dashboard.dashboardMenuUITest" name="Test_if_Affiliates_is_Enabled" time="0.026"/>
  <system-out/>
  <testcase classname="Dashboard.dashboardMenuUITest" name="Test_if_Affiliates_is_Correct" time="0.038"/>
  <system-out/>
  <testcase classname="Dashboard.dashboardMenuUITest" name="Test_if_Affiliates_has_icon" time="0.031"/>
  <system-out/>
  <testcase classname="Dashboard.dashboardMenuUITest" name="Test_if_Meetings_CategoryTitle_is_Present" time="0.042"/>
  <system-out/>
  <testcase classname="Dashboard.dashboardMenuUITest" name="Test_if_Meetings_CategoryTitle_is_Correct" time="0.032"/>
  <system-out/>
  <testcase classname="Dashboard.dashboardMenuUITest" name="Test_if_MeetingRooms_is_Present" time="0.041"/>
  <system-out/>
  <testcase classname="Dashboard.dashboardMenuUITest" name="Test_if_MeetingRooms_is_Enabled" time="0.026"/>
  <system-out/>
  <testcase classname="Dashboard.dashboardMenuUITest" name="Test_if_MeetingRooms_is_Correct" time="0.039"/>
  <system-out/>
  <testcase classname="Dashboard.dashboardMenuUITest" name="Test_if_MeetingRooms_has_icon" time="0.031"/>
  <system-out/>
  <testcase classname="Dashboard.dashboardMenuUITest" name="Test_if_VideoAssets_CategoryTitle_is_Present" time="0.064"/>
  <system-out/>
  <testcase classname="Dashboard.dashboardMenuUITest" name="Test_if_VideoAssets_CategoryTitle_is_Correct" time="0.037"/>
  <system-out/>
  <testcase classname="Dashboard.dashboardMenuUITest" name="Test_if_Media_is_Present" time="0.047"/>
  <system-out/>
  <testcase classname="Dashboard.dashboardMenuUITest" name="Test_if_Media_is_Enabled" time="0.031"/>
  <system-out/>
  <testcase classname="Dashboard.dashboardMenuUITest" name="Test_if_Media_is_Correct" time="0.041"/>
  <system-out/>
  <testcase classname="Dashboard.dashboardMenuUITest" name="Test_if_Media_has_icon" time="0.036"/>
  <system-out/>
  <testcase classname="Dashboard.dashboardMenuUITest" name="Test_if_MyAccounts_CategoryTitle_is_Present" time="0.042"/>
  <system-out/>
  <testcase classname="Dashboard.dashboardMenuUITest" name="Test_if_MyAccounts_CategoryTitle_is_Correct" time="0.035"/>
  <system-out/>
  <testcase classname="Dashboard.dashboardMenuUITest" name="Test_if_Users_is_Present" time="0.044"/>
  <system-out/>
  <testcase classname="Dashboard.dashboardMenuUITest" name="Test_if_Users_is_Enabled" time="0.026"/>
  <system-out/>
  <testcase classname="Dashboard.dashboardMenuUITest" name="Test_if_Users_is_Correct" time="0.037"/>
  <system-out/>
  <testcase classname="Dashboard.dashboardMenuUITest" name="Test_if_Users_has_icon" time="0.032"/>
  <system-out/>
  <testcase classname="Dashboard.dashboardMenuUITest" name="Test_if_Settings_is_Present" time="0.039"/>
  <system-out/>
  <testcase classname="Dashboard.dashboardMenuUITest" name="Test_if_Settings_is_Enabled" time="0.026"/>
  <system-out/>
  <testcase classname="Dashboard.dashboardMenuUITest" name="Test_if_Settings_is_Correct" time="0.036"/>
  <system-out/>
  <testcase classname="Dashboard.dashboardMenuUITest" name="Test_if_Settings_has_icon" time="0.032"/>
  <system-out/>
  <testcase classname="Dashboard.dashboardMenuUITest" name="Test_if_Subscription_is_Present" time="0.043"/>
  <system-out/>
  <testcase classname="Dashboard.dashboardMenuUITest" name="Test_if_Subscription_is_Enabled" time="0.027"/>
  <system-out/>
  <testcase classname="Dashboard.dashboardMenuUITest" name="Test_if_Subscription_is_Correct" time="0.037"/>
  <system-out/>
  <testcase classname="Dashboard.dashboardMenuUITest" name="Test_if_Subscription_has_icon" time="0.030"/>
  <system-out/>
  <testcase classname="Dashboard.dashboardMenuUITest" name="Test_if_Support_CategoryTitle_is_Present" time="0.079"/>
  <system-out/>
  <testcase classname="Dashboard.dashboardMenuUITest" name="Test_if_Support_CategoryTitle_is_Correct" time="0.036"/>
  <system-out/>
  <testcase classname="Dashboard.dashboardMenuUITest" name="Test_if_VideoTutorials_is_Present" time="0.041"/>
  <system-out/>
  <testcase classname="Dashboard.dashboardMenuUITest" name="Test_if_VideoTutorials_is_Enabled" time="0.029"/>
  <system-out/>
  <testcase classname="Dashboard.dashboardMenuUITest" name="Test_if_VideoTutorials_is_Correct" time="0.039"/>
  <system-out/>
  <testcase classname="Dashboard.dashboardMenuUITest" name="Test_if_VideoTutorials_has_icon" time="0.031"/>
  <system-out/>
  <testcase classname="Dashboard.dashboardMenuUITest" name="Test_if_Documentation_is_Present" time="0.043"/>
  <system-out/>
  <testcase classname="Dashboard.dashboardMenuUITest" name="Test_if_Documentation_is_Enabled" time="0.026"/>
  <system-out/>
  <testcase classname="Dashboard.dashboardMenuUITest" name="Test_if_Documentation_is_Correct" time="0.037"/>
  <system-out/>
  <testcase classname="Dashboard.dashboardMenuUITest" name="Test_if_Documentation_has_icon" time="0.030"/>
  <system-out/>
  <testcase classname="Dashboard.dashboardMenuUITest" name="Test_if_Submit_Support_Ticket_is_Present" time="0.044"/>
  <system-out/>
  <testcase classname="Dashboard.dashboardMenuUITest" name="Test_if_Submit_Support_Ticket_is_Enabled" time="0.028"/>
  <system-out/>
  <testcase classname="Dashboard.dashboardMenuUITest" name="Test_if_Submit_Support_Ticket_is_Correct" time="0.039"/>
  <system-out/>
  <testcase classname="Dashboard.dashboardMenuUITest" name="Test_if_Submit_Support_Ticket_has_icon" time="0.031"/>
  <system-out/>
</testsuite> <!-- Dashboard.dashboardMenuUITest -->
