<?xml version="1.0" encoding="UTF-8"?>
<!-- Generated by org.testng.reporters.JUnitReportReporter -->
<testsuite hostname="DESKTOP-IHTC1M0" failures="0" tests="7" name="Webinars.aaa0022AddNewNexgenTemplate_LiveWebinar_GoesTo_AllWebinarsPage" time="66.630" errors="0" timestamp="2020-12-21T19:55:52 SGT" skipped="0">
  <testcase classname="Webinars.aaa0022AddNewNexgenTemplate_LiveWebinar_GoesTo_AllWebinarsPage" name="Test_If_AddNewNexgenTemplate_LiveWebinar_It_Should_GoesTo_CorrectPath" time="50.445"/>
  <system-out/>
  <testcase classname="Webinars.aaa0022AddNewNexgenTemplate_LiveWebinar_GoesTo_AllWebinarsPage" name="Test_If_The_Recent_CreatedLiveWebinar_Appears_inLastRow_At_AllWebinarsTablePage" time="15.264"/>
  <system-out/>
  <testcase classname="Webinars.aaa0022AddNewNexgenTemplate_LiveWebinar_GoesTo_AllWebinarsPage" name="Test_If_The_Created_LiveWebinar_Has_StartLiveBroadcast_button_Enabled_CorrectButtonName_ButtonHasIconandWithCorrectIconName" time="0.275"/>
  <system-out/>
  <testcase classname="Webinars.aaa0022AddNewNexgenTemplate_LiveWebinar_GoesTo_AllWebinarsPage" name="Test_If_The_Created_LiveWebinar_Has_WebinarLink_Enabled_CorrectLinkText" time="0.177"/>
  <system-out/>
  <testcase classname="Webinars.aaa0022AddNewNexgenTemplate_LiveWebinar_GoesTo_AllWebinarsPage" name="Test_If_The_Created_LiveWebinar_Has_EditLink_Enabled_Correctlinktext" time="0.156"/>
  <system-out/>
  <testcase classname="Webinars.aaa0022AddNewNexgenTemplate_LiveWebinar_GoesTo_AllWebinarsPage" name="Test_If_The_Created_LiveWebinar_Has_CopyLink_Enabled_Correctlinktext" time="0.153"/>
  <system-out/>
  <testcase classname="Webinars.aaa0022AddNewNexgenTemplate_LiveWebinar_GoesTo_AllWebinarsPage" name="Test_If_The_Created_LiveWebinar_Has_DeleteLink_Enabled_Correctlinktext" time="0.160"/>
  <system-out/>
</testsuite> <!-- Webinars.aaa0022AddNewNexgenTemplate_LiveWebinar_GoesTo_AllWebinarsPage -->
