<?xml version="1.0" encoding="UTF-8"?>
<!-- Generated by org.testng.reporters.JUnitReportReporter -->
<testsuite hostname="LAPTOP-ESEL78H9" failures="0" tests="1" name="Webinars.AddNewWebinar" time="1.503" errors="0" timestamp="2020-09-19T23:55:18 PST" skipped="0">
  <testcase classname="Webinars.AddNewWebinar" name="Test_If_When_Webinars_Main_Menu_Is_Clicked_It_Reveals_Its_SubMenus" time="1.503"/>
  <system-out/>
</testsuite> <!-- Webinars.AddNewWebinar -->
