<?xml version="1.0" encoding="UTF-8"?>
<!-- Generated by org.testng.reporters.JUnitReportReporter -->
<testsuite hostname="DESKTOP-IHTC1M0" failures="0" tests="16" name="Webinars.aaa0048AddNewWebinarClarkTemplate_SimulatedLiveWebinar_RunRecurring" time="270.533" errors="0" timestamp="2020-12-23T18:22:41 SGT" skipped="0">
  <testcase classname="Webinars.aaa0048AddNewWebinarClarkTemplate_SimulatedLiveWebinar_RunRecurring" name="Test_If_AddNew_SimulatedLiveWebinar_When_Selecting_RunHourly_SetWeekdayTime_and_AddAnotherTime_Elements_Emerges" time="22.155"/>
  <system-out/>
  <testcase classname="Webinars.aaa0048AddNewWebinarClarkTemplate_SimulatedLiveWebinar_RunRecurring" name="Test_ChooseaWeekDay_SelectionMenu_Has_Submenus" time="3.159"/>
  <system-out/>
  <testcase classname="Webinars.aaa0048AddNewWebinarClarkTemplate_SimulatedLiveWebinar_RunRecurring" name="Test_When_host_SelectDay_Sunday_SetTimeInputfield_With_Closebutton_Emerges" time="2.558"/>
  <system-out/>
  <testcase classname="Webinars.aaa0048AddNewWebinarClarkTemplate_SimulatedLiveWebinar_RunRecurring" name="Test_When_host_SelectDay_Monday_SetTimeInputfield_With_Closebutton_Emerges" time="2.494"/>
  <system-out/>
  <testcase classname="Webinars.aaa0048AddNewWebinarClarkTemplate_SimulatedLiveWebinar_RunRecurring" name="Test_When_host_SelectDay_Tuesday_SetTimeInputfield_With_Closebutton_Emerges" time="2.597"/>
  <system-out/>
  <testcase classname="Webinars.aaa0048AddNewWebinarClarkTemplate_SimulatedLiveWebinar_RunRecurring" name="Test_When_host_SelectDay_Wednesday_SetTimeInputfield_With_Closebutton_Emerges" time="2.476"/>
  <system-out/>
  <testcase classname="Webinars.aaa0048AddNewWebinarClarkTemplate_SimulatedLiveWebinar_RunRecurring" name="Test_When_host_SelectDay_Thursday_SetTimeInputfield_With_Closebutton_Emerges" time="2.510"/>
  <system-out/>
  <testcase classname="Webinars.aaa0048AddNewWebinarClarkTemplate_SimulatedLiveWebinar_RunRecurring" name="Test_When_host_SelectDay_Friday_SetTimeInputfield_With_Closebutton_Emerges" time="2.622"/>
  <system-out/>
  <testcase classname="Webinars.aaa0048AddNewWebinarClarkTemplate_SimulatedLiveWebinar_RunRecurring" name="Test_When_host_SelectDay_Saturday_SetTimeInputfield_With_Closebutton_Emerges" time="2.556"/>
  <system-out/>
  <testcase classname="Webinars.aaa0048AddNewWebinarClarkTemplate_SimulatedLiveWebinar_RunRecurring" name="Test_Adding_Multiple_SeTimerPerDay_OnSaturday" time="30.309"/>
  <system-out/>
  <testcase classname="Webinars.aaa0048AddNewWebinarClarkTemplate_SimulatedLiveWebinar_RunRecurring" name="Test_Adding_Multiple_SeTimerPerDay_OnSunday" time="33.049"/>
  <system-out/>
  <testcase classname="Webinars.aaa0048AddNewWebinarClarkTemplate_SimulatedLiveWebinar_RunRecurring" name="Test_Adding_Multiple_SeTimerPerDay_OnMonday" time="32.675"/>
  <system-out/>
  <testcase classname="Webinars.aaa0048AddNewWebinarClarkTemplate_SimulatedLiveWebinar_RunRecurring" name="Test_Adding_Multiple_SeTimerPerDay_OnTuesday" time="33.279"/>
  <system-out/>
  <testcase classname="Webinars.aaa0048AddNewWebinarClarkTemplate_SimulatedLiveWebinar_RunRecurring" name="Test_Adding_Multiple_SeTimerPerDay_OnWednesday" time="32.783"/>
  <system-out/>
  <testcase classname="Webinars.aaa0048AddNewWebinarClarkTemplate_SimulatedLiveWebinar_RunRecurring" name="Test_Adding_Multiple_SeTimerPerDay_OnThrusday" time="32.864"/>
  <system-out/>
  <testcase classname="Webinars.aaa0048AddNewWebinarClarkTemplate_SimulatedLiveWebinar_RunRecurring" name="Test_Adding_Multiple_SeTimerPerDay_OnFriday" time="32.447"/>
  <system-out/>
</testsuite> <!-- Webinars.aaa0048AddNewWebinarClarkTemplate_SimulatedLiveWebinar_RunRecurring -->
