<?xml version="1.0" encoding="UTF-8"?>
<!-- Generated by org.testng.reporters.JUnitReportReporter -->
<testsuite hostname="LAPTOP-ESEL78H9" failures="0" tests="1" name="Users.AddusersPageUITest" time="12.145" errors="0" timestamp="2020-08-20T02:17:12 PST" skipped="0">
  <testcase classname="Users.AddusersPageUITest" name="TestAddUserPageDestinations" time="12.145"/>
  <system-out/>
</testsuite> <!-- Users.AddusersPageUITest -->
