<?xml version="1.0" encoding="UTF-8"?>
<!-- Generated by org.testng.reporters.JUnitReportReporter -->
<testsuite hostname="DESKTOP-IHTC1M0" failures="0" tests="31" name="MeetingRooms.aaa0007HostWebinarRoomCurrentAttendeeslist_AND_GlobalChatTestUI" time="0.000" errors="0" timestamp="2020-12-17T19:49:10 SGT" skipped="31">
  <testcase classname="MeetingRooms.aaa0007HostWebinarRoomCurrentAttendeeslist_AND_GlobalChatTestUI" name="Test_If_CurrentAttendeesPortlet_is_Present" time="0.000">
    <skipped/>
  </testcase> <!-- Test_If_CurrentAttendeesPortlet_is_Present -->
  <system-out/>
  <testcase classname="MeetingRooms.aaa0007HostWebinarRoomCurrentAttendeeslist_AND_GlobalChatTestUI" name="Test_If_CurrentAttendeesPortlet_Title_is_Present" time="0.000">
    <skipped/>
  </testcase> <!-- Test_If_CurrentAttendeesPortlet_Title_is_Present -->
  <system-out/>
  <testcase classname="MeetingRooms.aaa0007HostWebinarRoomCurrentAttendeeslist_AND_GlobalChatTestUI" name="Test_If_CurrentAttendeesPortlet_Title_is_textCorrect" time="0.000">
    <skipped/>
  </testcase> <!-- Test_If_CurrentAttendeesPortlet_Title_is_textCorrect -->
  <system-out/>
  <testcase classname="MeetingRooms.aaa0007HostWebinarRoomCurrentAttendeeslist_AND_GlobalChatTestUI" name="Test_If_CurrentAttendeesPortlet_Title_Icon_is_Present" time="0.000">
    <skipped/>
  </testcase> <!-- Test_If_CurrentAttendeesPortlet_Title_Icon_is_Present -->
  <system-out/>
  <testcase classname="MeetingRooms.aaa0007HostWebinarRoomCurrentAttendeeslist_AND_GlobalChatTestUI" name="Test_If_CurrentAttendeesPortlet_HostName_is_Present" time="0.000">
    <skipped/>
  </testcase> <!-- Test_If_CurrentAttendeesPortlet_HostName_is_Present -->
  <system-out/>
  <testcase classname="MeetingRooms.aaa0007HostWebinarRoomCurrentAttendeeslist_AND_GlobalChatTestUI" name="Test_If_CurrentAttendeesPortlet_HostName_Has_Tagwith_Host_is_Present" time="0.000">
    <skipped/>
  </testcase> <!-- Test_If_CurrentAttendeesPortlet_HostName_Has_Tagwith_Host_is_Present -->
  <system-out/>
  <testcase classname="MeetingRooms.aaa0007HostWebinarRoomCurrentAttendeeslist_AND_GlobalChatTestUI" name="Test_If_CurrentAttendeesPortlet_HostName_is_Correct_and_Match_in_HostName_AboveUpperRightCorner" time="0.000">
    <skipped/>
  </testcase> <!-- Test_If_CurrentAttendeesPortlet_HostName_is_Correct_and_Match_in_HostName_AboveUpperRightCorner -->
  <system-out/>
  <testcase classname="MeetingRooms.aaa0007HostWebinarRoomCurrentAttendeeslist_AND_GlobalChatTestUI" name="Test_If_CurrentAttendeesPortlet_Title_TotalCount_IfHostOnly_is_PresentanCorrect" time="0.000">
    <skipped/>
  </testcase> <!-- Test_If_CurrentAttendeesPortlet_Title_TotalCount_IfHostOnly_is_PresentanCorrect -->
  <system-out/>
  <testcase classname="MeetingRooms.aaa0007HostWebinarRoomCurrentAttendeeslist_AND_GlobalChatTestUI" name="Test_If_FindAttendee_InputField_is_Present" time="0.000">
    <skipped/>
  </testcase> <!-- Test_If_FindAttendee_InputField_is_Present -->
  <system-out/>
  <testcase classname="MeetingRooms.aaa0007HostWebinarRoomCurrentAttendeeslist_AND_GlobalChatTestUI" name="Test_If_FindAttendee_InputField_is_Enabled" time="0.000">
    <skipped/>
  </testcase> <!-- Test_If_FindAttendee_InputField_is_Enabled -->
  <system-out/>
  <testcase classname="MeetingRooms.aaa0007HostWebinarRoomCurrentAttendeeslist_AND_GlobalChatTestUI" name="Test_If_FindAttendee_InputField_label_is_PresentandCorrect" time="0.000">
    <skipped/>
  </testcase> <!-- Test_If_FindAttendee_InputField_label_is_PresentandCorrect -->
  <system-out/>
  <testcase classname="MeetingRooms.aaa0007HostWebinarRoomCurrentAttendeeslist_AND_GlobalChatTestUI" name="Test_If_Attendeeslist_FullscreenIcon_is_Present" time="0.000">
    <skipped/>
  </testcase> <!-- Test_If_Attendeeslist_FullscreenIcon_is_Present -->
  <system-out/>
  <testcase classname="MeetingRooms.aaa0007HostWebinarRoomCurrentAttendeeslist_AND_GlobalChatTestUI" name="Test_If_Attendeeslist_FullscreenIcon_is_Enabled" time="0.000">
    <skipped/>
  </testcase> <!-- Test_If_Attendeeslist_FullscreenIcon_is_Enabled -->
  <system-out/>
  <testcase classname="MeetingRooms.aaa0007HostWebinarRoomCurrentAttendeeslist_AND_GlobalChatTestUI" name="Test_If_When_FullscreenIcon_isClicked_AttendeeslistPortlet_willExpand" time="0.000">
    <skipped/>
  </testcase> <!-- Test_If_When_FullscreenIcon_isClicked_AttendeeslistPortlet_willExpand -->
  <system-out/>
  <testcase classname="MeetingRooms.aaa0007HostWebinarRoomCurrentAttendeeslist_AND_GlobalChatTestUI" name="Test_If_When_Click_Again_FullscreenIcon_Itwillgoback_ToNormalsize" time="0.000">
    <skipped/>
  </testcase> <!-- Test_If_When_Click_Again_FullscreenIcon_Itwillgoback_ToNormalsize -->
  <system-out/>
  <testcase classname="MeetingRooms.aaa0007HostWebinarRoomCurrentAttendeeslist_AND_GlobalChatTestUI" name="Test_If_portletGlobalChat_is_Present" time="0.000">
    <skipped/>
  </testcase> <!-- Test_If_portletGlobalChat_is_Present -->
  <system-out/>
  <testcase classname="MeetingRooms.aaa0007HostWebinarRoomCurrentAttendeeslist_AND_GlobalChatTestUI" name="Test_If_portletGlobalChat_Title_is_Present" time="0.000">
    <skipped/>
  </testcase> <!-- Test_If_portletGlobalChat_Title_is_Present -->
  <system-out/>
  <testcase classname="MeetingRooms.aaa0007HostWebinarRoomCurrentAttendeeslist_AND_GlobalChatTestUI" name="Test_If_portletGlobalChat_Title_is_textCorrect" time="0.000">
    <skipped/>
  </testcase> <!-- Test_If_portletGlobalChat_Title_is_textCorrect -->
  <system-out/>
  <testcase classname="MeetingRooms.aaa0007HostWebinarRoomCurrentAttendeeslist_AND_GlobalChatTestUI" name="Test_If_portletGlobalChat_Title_Icon_is_Present" time="0.000">
    <skipped/>
  </testcase> <!-- Test_If_portletGlobalChat_Title_Icon_is_Present -->
  <system-out/>
  <testcase classname="MeetingRooms.aaa0007HostWebinarRoomCurrentAttendeeslist_AND_GlobalChatTestUI" name="Test_If_portletGlobalChat_NoNewMessageInfo_is_Present" time="0.000">
    <skipped/>
  </testcase> <!-- Test_If_portletGlobalChat_NoNewMessageInfo_is_Present -->
  <system-out/>
  <testcase classname="MeetingRooms.aaa0007HostWebinarRoomCurrentAttendeeslist_AND_GlobalChatTestUI" name="Test_If_portletGlobalChat_NoNewMessageInfo_is_textCorrect" time="0.000">
    <skipped/>
  </testcase> <!-- Test_If_portletGlobalChat_NoNewMessageInfo_is_textCorrect -->
  <system-out/>
  <testcase classname="MeetingRooms.aaa0007HostWebinarRoomCurrentAttendeeslist_AND_GlobalChatTestUI" name="Test_If_SendaMessageInputfield_is_Present" time="0.000">
    <skipped/>
  </testcase> <!-- Test_If_SendaMessageInputfield_is_Present -->
  <system-out/>
  <testcase classname="MeetingRooms.aaa0007HostWebinarRoomCurrentAttendeeslist_AND_GlobalChatTestUI" name="Test_If_SendaMessageInputfield_is_Enabled" time="0.000">
    <skipped/>
  </testcase> <!-- Test_If_SendaMessageInputfield_is_Enabled -->
  <system-out/>
  <testcase classname="MeetingRooms.aaa0007HostWebinarRoomCurrentAttendeeslist_AND_GlobalChatTestUI" name="Test_If_SendaMessageInputfield_is_textCorrect" time="0.000">
    <skipped/>
  </testcase> <!-- Test_If_SendaMessageInputfield_is_textCorrect -->
  <system-out/>
  <testcase classname="MeetingRooms.aaa0007HostWebinarRoomCurrentAttendeeslist_AND_GlobalChatTestUI" name="Test_If_SendButton_is_Present" time="0.000">
    <skipped/>
  </testcase> <!-- Test_If_SendButton_is_Present -->
  <system-out/>
  <testcase classname="MeetingRooms.aaa0007HostWebinarRoomCurrentAttendeeslist_AND_GlobalChatTestUI" name="Test_If_SendButton_is_Enabled" time="0.000">
    <skipped/>
  </testcase> <!-- Test_If_SendButton_is_Enabled -->
  <system-out/>
  <testcase classname="MeetingRooms.aaa0007HostWebinarRoomCurrentAttendeeslist_AND_GlobalChatTestUI" name="Test_If_SendButton_Name_is_PresentandCorrect" time="0.000">
    <skipped/>
  </testcase> <!-- Test_If_SendButton_Name_is_PresentandCorrect -->
  <system-out/>
  <testcase classname="MeetingRooms.aaa0007HostWebinarRoomCurrentAttendeeslist_AND_GlobalChatTestUI" name="Test_If_FullscreenIcon_is_Present" time="0.000">
    <skipped/>
  </testcase> <!-- Test_If_FullscreenIcon_is_Present -->
  <system-out/>
  <testcase classname="MeetingRooms.aaa0007HostWebinarRoomCurrentAttendeeslist_AND_GlobalChatTestUI" name="Test_If_FullscreenIcon_is_Enabled" time="0.000">
    <skipped/>
  </testcase> <!-- Test_If_FullscreenIcon_is_Enabled -->
  <system-out/>
  <testcase classname="MeetingRooms.aaa0007HostWebinarRoomCurrentAttendeeslist_AND_GlobalChatTestUI" name="Test_If_When_FullscreenIcon_isClicked_portletGlobalChat_willExpand" time="0.000">
    <skipped/>
  </testcase> <!-- Test_If_When_FullscreenIcon_isClicked_portletGlobalChat_willExpand -->
  <system-out/>
  <testcase classname="MeetingRooms.aaa0007HostWebinarRoomCurrentAttendeeslist_AND_GlobalChatTestUI" name="Test_If_When_Click_Again_FullscreenIcon_Itwillgoback_ToNormalsizePortletGlobalChat" time="0.000">
    <skipped/>
  </testcase> <!-- Test_If_When_Click_Again_FullscreenIcon_Itwillgoback_ToNormalsizePortletGlobalChat -->
  <system-out/>
</testsuite> <!-- MeetingRooms.aaa0007HostWebinarRoomCurrentAttendeeslist_AND_GlobalChatTestUI -->
