<?xml version="1.0" encoding="UTF-8"?>
<!-- Generated by org.testng.reporters.JUnitReportReporter -->
<testsuite hostname="DESKTOP-IHTC1M0" failures="0" tests="29" name="Dashboard.aaa0002JetWebinarLogo_ClosedDashboardPanel_HideMenus_UITest" time="0.000" errors="0" timestamp="2020-12-17T19:49:10 SGT" skipped="29">
  <testcase classname="Dashboard.aaa0002JetWebinarLogo_ClosedDashboardPanel_HideMenus_UITest" name="Test_if_JetWebinar_Logo_is_Present" time="0.000">
    <skipped/>
  </testcase> <!-- Test_if_JetWebinar_Logo_is_Present -->
  <system-out/>
  <testcase classname="Dashboard.aaa0002JetWebinarLogo_ClosedDashboardPanel_HideMenus_UITest" name="Test_if_Hamburgerbutton_is_Present" time="0.000">
    <skipped/>
  </testcase> <!-- Test_if_Hamburgerbutton_is_Present -->
  <system-out/>
  <testcase classname="Dashboard.aaa0002JetWebinarLogo_ClosedDashboardPanel_HideMenus_UITest" name="Test_if_Hamburgerbutton_is_Enabled" time="0.000">
    <skipped/>
  </testcase> <!-- Test_if_Hamburgerbutton_is_Enabled -->
  <system-out/>
  <testcase classname="Dashboard.aaa0002JetWebinarLogo_ClosedDashboardPanel_HideMenus_UITest" name="Test_if_Only_Home_Icon_is_Visible" time="0.000">
    <skipped/>
  </testcase> <!-- Test_if_Only_Home_Icon_is_Visible -->
  <system-out/>
  <testcase classname="Dashboard.aaa0002JetWebinarLogo_ClosedDashboardPanel_HideMenus_UITest" name="Test_if_Only_Webinars_Icon_is_Visible_While__Webinarsmenu_is_Hidden" time="0.000">
    <skipped/>
  </testcase> <!-- Test_if_Only_Webinars_Icon_is_Visible_While__Webinarsmenu_is_Hidden -->
  <system-out/>
  <testcase classname="Dashboard.aaa0002JetWebinarLogo_ClosedDashboardPanel_HideMenus_UITest" name="Test_if_whenMouseisHover_to_Webinars_submenu_shows_checkAllwebinars" time="0.000">
    <skipped/>
  </testcase> <!-- Test_if_whenMouseisHover_to_Webinars_submenu_shows_checkAllwebinars -->
  <system-out/>
  <testcase classname="Dashboard.aaa0002JetWebinarLogo_ClosedDashboardPanel_HideMenus_UITest" name="Test_if_whenMouseisHover_to_Webinars_submenu_shows_checkAddwebinars" time="0.000">
    <skipped/>
  </testcase> <!-- Test_if_whenMouseisHover_to_Webinars_submenu_shows_checkAddwebinars -->
  <system-out/>
  <testcase classname="Dashboard.aaa0002JetWebinarLogo_ClosedDashboardPanel_HideMenus_UITest" name="Test_if_MessageCentericon_is_visible" time="0.000">
    <skipped/>
  </testcase> <!-- Test_if_MessageCentericon_is_visible -->
  <system-out/>
  <testcase classname="Dashboard.aaa0002JetWebinarLogo_ClosedDashboardPanel_HideMenus_UITest" name="Test_whenMouseisHover_to_MessageCentericon_menu_shows_checkMessageCenter" time="0.000">
    <skipped/>
  </testcase> <!-- Test_whenMouseisHover_to_MessageCentericon_menu_shows_checkMessageCenter -->
  <system-out/>
  <testcase classname="Dashboard.aaa0002JetWebinarLogo_ClosedDashboardPanel_HideMenus_UITest" name="Test_if_Attendeesicon_is_visible" time="0.000">
    <skipped/>
  </testcase> <!-- Test_if_Attendeesicon_is_visible -->
  <system-out/>
  <testcase classname="Dashboard.aaa0002JetWebinarLogo_ClosedDashboardPanel_HideMenus_UITest" name="Test_whenMouseisHover_to_Attendeesicon_menu_shows_checkAttendees" time="0.000">
    <skipped/>
  </testcase> <!-- Test_whenMouseisHover_to_Attendeesicon_menu_shows_checkAttendees -->
  <system-out/>
  <testcase classname="Dashboard.aaa0002JetWebinarLogo_ClosedDashboardPanel_HideMenus_UITest" name="Test_if_Affiliatesicon_is_visible" time="0.000">
    <skipped/>
  </testcase> <!-- Test_if_Affiliatesicon_is_visible -->
  <system-out/>
  <testcase classname="Dashboard.aaa0002JetWebinarLogo_ClosedDashboardPanel_HideMenus_UITest" name="Test_whenMouseisHover_to_Affiliatesicon_menu_shows_checkAffiliates" time="0.000">
    <skipped/>
  </testcase> <!-- Test_whenMouseisHover_to_Affiliatesicon_menu_shows_checkAffiliates -->
  <system-out/>
  <testcase classname="Dashboard.aaa0002JetWebinarLogo_ClosedDashboardPanel_HideMenus_UITest" name="Test_if_MeetingRoomsicon_is_visible" time="0.000">
    <skipped/>
  </testcase> <!-- Test_if_MeetingRoomsicon_is_visible -->
  <system-out/>
  <testcase classname="Dashboard.aaa0002JetWebinarLogo_ClosedDashboardPanel_HideMenus_UITest" name="Test_whenMouseisHover_to_MeetingRoomssicon_menu_shows_checkMeetingRooms" time="0.000">
    <skipped/>
  </testcase> <!-- Test_whenMouseisHover_to_MeetingRoomssicon_menu_shows_checkMeetingRooms -->
  <system-out/>
  <testcase classname="Dashboard.aaa0002JetWebinarLogo_ClosedDashboardPanel_HideMenus_UITest" name="Test_if_Mediaicon_is_visible" time="0.000">
    <skipped/>
  </testcase> <!-- Test_if_Mediaicon_is_visible -->
  <system-out/>
  <testcase classname="Dashboard.aaa0002JetWebinarLogo_ClosedDashboardPanel_HideMenus_UITest" name="Test_whenMouseisHover_to_Mediaicon_menu_shows_checkMedia" time="0.000">
    <skipped/>
  </testcase> <!-- Test_whenMouseisHover_to_Mediaicon_menu_shows_checkMedia -->
  <system-out/>
  <testcase classname="Dashboard.aaa0002JetWebinarLogo_ClosedDashboardPanel_HideMenus_UITest" name="Test_if_Usersicon_is_visible" time="0.000">
    <skipped/>
  </testcase> <!-- Test_if_Usersicon_is_visible -->
  <system-out/>
  <testcase classname="Dashboard.aaa0002JetWebinarLogo_ClosedDashboardPanel_HideMenus_UITest" name="Test_whenMouseisHover_to_Usersicon_menu_shows_checkUsers" time="0.000">
    <skipped/>
  </testcase> <!-- Test_whenMouseisHover_to_Usersicon_menu_shows_checkUsers -->
  <system-out/>
  <testcase classname="Dashboard.aaa0002JetWebinarLogo_ClosedDashboardPanel_HideMenus_UITest" name="Test_if_Settingsicon_is_visible" time="0.000">
    <skipped/>
  </testcase> <!-- Test_if_Settingsicon_is_visible -->
  <system-out/>
  <testcase classname="Dashboard.aaa0002JetWebinarLogo_ClosedDashboardPanel_HideMenus_UITest" name="Test_whenMouseisHover_to_Settingsicon_menu_shows_checkSettings" time="0.000">
    <skipped/>
  </testcase> <!-- Test_whenMouseisHover_to_Settingsicon_menu_shows_checkSettings -->
  <system-out/>
  <testcase classname="Dashboard.aaa0002JetWebinarLogo_ClosedDashboardPanel_HideMenus_UITest" name="Test_if_Subscriptionicon_is_visible" time="0.000">
    <skipped/>
  </testcase> <!-- Test_if_Subscriptionicon_is_visible -->
  <system-out/>
  <testcase classname="Dashboard.aaa0002JetWebinarLogo_ClosedDashboardPanel_HideMenus_UITest" name="Test_whenMouseisHover_to_Subscriptionicon_menu_shows_checkSubscription" time="0.000">
    <skipped/>
  </testcase> <!-- Test_whenMouseisHover_to_Subscriptionicon_menu_shows_checkSubscription -->
  <system-out/>
  <testcase classname="Dashboard.aaa0002JetWebinarLogo_ClosedDashboardPanel_HideMenus_UITest" name="Test_if_VideoTutorialsicon_is_visible" time="0.000">
    <skipped/>
  </testcase> <!-- Test_if_VideoTutorialsicon_is_visible -->
  <system-out/>
  <testcase classname="Dashboard.aaa0002JetWebinarLogo_ClosedDashboardPanel_HideMenus_UITest" name="Test_whenMouseisHover_to_VideoTutorialsicon_menu_shows_checkVideoTutorials" time="0.000">
    <skipped/>
  </testcase> <!-- Test_whenMouseisHover_to_VideoTutorialsicon_menu_shows_checkVideoTutorials -->
  <system-out/>
  <testcase classname="Dashboard.aaa0002JetWebinarLogo_ClosedDashboardPanel_HideMenus_UITest" name="Test_if_Documentationicon_is_visible" time="0.000">
    <skipped/>
  </testcase> <!-- Test_if_Documentationicon_is_visible -->
  <system-out/>
  <testcase classname="Dashboard.aaa0002JetWebinarLogo_ClosedDashboardPanel_HideMenus_UITest" name="Test_whenMouseisHover_to_SubmitSupportTicketicon_menu_shows_checkSubmitSupportTicket" time="0.000">
    <skipped/>
  </testcase> <!-- Test_whenMouseisHover_to_SubmitSupportTicketicon_menu_shows_checkSubmitSupportTicket -->
  <system-out/>
  <testcase classname="Dashboard.aaa0002JetWebinarLogo_ClosedDashboardPanel_HideMenus_UITest" name="Test_whenMouseisHover_to_Documentationicon_menu_shows_checkDocumentation" time="0.000">
    <skipped/>
  </testcase> <!-- Test_whenMouseisHover_to_Documentationicon_menu_shows_checkDocumentation -->
  <system-out/>
  <testcase classname="Dashboard.aaa0002JetWebinarLogo_ClosedDashboardPanel_HideMenus_UITest" name="Test_if_SubmitSupportTicketicon_is_visible" time="0.000">
    <skipped/>
  </testcase> <!-- Test_if_SubmitSupportTicketicon_is_visible -->
  <system-out/>
</testsuite> <!-- Dashboard.aaa0002JetWebinarLogo_ClosedDashboardPanel_HideMenus_UITest -->
