<?xml version="1.0" encoding="UTF-8"?>
<!-- Generated by org.testng.reporters.JUnitReportReporter -->
<testsuite hostname="LAPTOP-ESEL78H9" failures="0" tests="6" name="forgotPassword.forgotpasswordUITest" time="5.071" errors="0" timestamp="2020-09-17T22:08:57 PST" skipped="0">
  <testcase classname="forgotPassword.forgotpasswordUITest" name="Testforgotpasswordsubtitle" time="0.692"/>
  <system-out/>
  <testcase classname="forgotPassword.forgotpasswordUITest" name="TestInstructiontext" time="0.747"/>
  <system-out/>
  <testcase classname="forgotPassword.forgotpasswordUITest" name="Testemailinputfield" time="0.553"/>
  <system-out/>
  <testcase classname="forgotPassword.forgotpasswordUITest" name="Testbackbutton" time="2.058"/>
  <system-out/>
  <testcase classname="forgotPassword.forgotpasswordUITest" name="Testsubmitbutton" time="0.513"/>
  <system-out/>
  <testcase classname="forgotPassword.forgotpasswordUITest" name="Testcopyright" time="0.508"/>
  <system-out/>
</testsuite> <!-- forgotPassword.forgotpasswordUITest -->
