<?xml version="1.0" encoding="UTF-8"?>
<!-- Generated by org.testng.reporters.JUnitReportReporter -->
<testsuite hostname="DESKTOP-IHTC1M0" failures="0" tests="14" name="MeetingRooms.aaa0002StartMeetingRoomConfirmationDialogTest" time="0.000" errors="0" timestamp="2020-12-17T19:49:10 SGT" skipped="14">
  <testcase classname="MeetingRooms.aaa0002StartMeetingRoomConfirmationDialogTest" name="Test_If_StartMeetingRoom_ConfirmmationDialog_Will_Popup_When_StartMeetingNow_Button_Is_Clicked" time="0.000">
    <skipped/>
  </testcase> <!-- Test_If_StartMeetingRoom_ConfirmmationDialog_Will_Popup_When_StartMeetingNow_Button_Is_Clicked -->
  <system-out/>
  <testcase classname="MeetingRooms.aaa0002StartMeetingRoomConfirmationDialogTest" name="Test_Start_Meeting_Room_modalDialog_Title_is_Present" time="0.000">
    <skipped/>
  </testcase> <!-- Test_Start_Meeting_Room_modalDialog_Title_is_Present -->
  <system-out/>
  <testcase classname="MeetingRooms.aaa0002StartMeetingRoomConfirmationDialogTest" name="Test_Start_Meeting_Room_modalDialog_Title_is_textCorrect" time="0.000">
    <skipped/>
  </testcase> <!-- Test_Start_Meeting_Room_modalDialog_Title_is_textCorrect -->
  <system-out/>
  <testcase classname="MeetingRooms.aaa0002StartMeetingRoomConfirmationDialogTest" name="Test_Start_Meeting_Room_modalDialog_questionText_is_Present" time="0.000">
    <skipped/>
  </testcase> <!-- Test_Start_Meeting_Room_modalDialog_questionText_is_Present -->
  <system-out/>
  <testcase classname="MeetingRooms.aaa0002StartMeetingRoomConfirmationDialogTest" name="Test_Start_Meeting_Room_modalDialog_questionText_is_textCorrect" time="0.000">
    <skipped/>
  </testcase> <!-- Test_Start_Meeting_Room_modalDialog_questionText_is_textCorrect -->
  <system-out/>
  <testcase classname="MeetingRooms.aaa0002StartMeetingRoomConfirmationDialogTest" name="Test_Start_Meeting_Room_modalDialog_CancelButton_is_Present" time="0.000">
    <skipped/>
  </testcase> <!-- Test_Start_Meeting_Room_modalDialog_CancelButton_is_Present -->
  <system-out/>
  <testcase classname="MeetingRooms.aaa0002StartMeetingRoomConfirmationDialogTest" name="Test_Start_Meeting_Room_modalDialog_CancelButton_is_Enabled" time="0.000">
    <skipped/>
  </testcase> <!-- Test_Start_Meeting_Room_modalDialog_CancelButton_is_Enabled -->
  <system-out/>
  <testcase classname="MeetingRooms.aaa0002StartMeetingRoomConfirmationDialogTest" name="Test_Start_Meeting_Room_modalDialog_CancelButton_name_is_Correct" time="0.000">
    <skipped/>
  </testcase> <!-- Test_Start_Meeting_Room_modalDialog_CancelButton_name_is_Correct -->
  <system-out/>
  <testcase classname="MeetingRooms.aaa0002StartMeetingRoomConfirmationDialogTest" name="Test_Start_Meeting_Room_modalDialog_STARTMEETINGButton_is_Present" time="0.000">
    <skipped/>
  </testcase> <!-- Test_Start_Meeting_Room_modalDialog_STARTMEETINGButton_is_Present -->
  <system-out/>
  <testcase classname="MeetingRooms.aaa0002StartMeetingRoomConfirmationDialogTest" name="Test_Start_Meeting_Room_modalDialog_STARTMEETINGButton_is_Enabled" time="0.000">
    <skipped/>
  </testcase> <!-- Test_Start_Meeting_Room_modalDialog_STARTMEETINGButton_is_Enabled -->
  <system-out/>
  <testcase classname="MeetingRooms.aaa0002StartMeetingRoomConfirmationDialogTest" name="Test_Start_Meeting_Room_modalDialog_STARTMEETINGButton_name_is_Correct" time="0.000">
    <skipped/>
  </testcase> <!-- Test_Start_Meeting_Room_modalDialog_STARTMEETINGButton_name_is_Correct -->
  <system-out/>
  <testcase classname="MeetingRooms.aaa0002StartMeetingRoomConfirmationDialogTest" name="Test_if_Click_cancelButton_will_close_StartMeetingRoomModalDialog" time="0.000">
    <skipped/>
  </testcase> <!-- Test_if_Click_cancelButton_will_close_StartMeetingRoomModalDialog -->
  <system-out/>
  <testcase classname="MeetingRooms.aaa0002StartMeetingRoomConfirmationDialogTest" name="Test_if_STARTMEETINGbutton_is_click_HostMeetingRoom_will_launch_next_windowTab" time="0.000">
    <skipped/>
  </testcase> <!-- Test_if_STARTMEETINGbutton_is_click_HostMeetingRoom_will_launch_next_windowTab -->
  <system-out/>
  <testcase classname="MeetingRooms.aaa0002StartMeetingRoomConfirmationDialogTest" name="Test_if_Correct_URL_in_HostMeetingRoom" time="0.000">
    <skipped/>
  </testcase> <!-- Test_if_Correct_URL_in_HostMeetingRoom -->
  <system-out/>
</testsuite> <!-- MeetingRooms.aaa0002StartMeetingRoomConfirmationDialogTest -->
