<?xml version="1.0" encoding="UTF-8"?>
<!-- Generated by org.testng.reporters.JUnitReportReporter -->
<testsuite hostname="DESKTOP-IHTC1M0" failures="0" tests="92" name="MeetingRooms.JoinRegistrationAttendeeMeetingRoomPageUITest" time="97.165" errors="0" timestamp="2020-12-15T22:32:51 SGT" skipped="0">
  <testcase classname="MeetingRooms.JoinRegistrationAttendeeMeetingRoomPageUITest" name="Test_If_When_add_NewMeeting_MeetingName_appears_atJoinMeetingURLLink" time="33.925"/>
  <system-out/>
  <testcase classname="MeetingRooms.JoinRegistrationAttendeeMeetingRoomPageUITest" name="Test_If_JoinMeeting_Title_is_Present" time="0.070"/>
  <system-out/>
  <testcase classname="MeetingRooms.JoinRegistrationAttendeeMeetingRoomPageUITest" name="Test_If_JoinMeeting_Title_is_textCorrect" time="0.048"/>
  <system-out/>
  <testcase classname="MeetingRooms.JoinRegistrationAttendeeMeetingRoomPageUITest" name="Test_If_NameInputfield_is_Present" time="0.054"/>
  <system-out/>
  <testcase classname="MeetingRooms.JoinRegistrationAttendeeMeetingRoomPageUITest" name="Test_If_NameInputfield_is_Enabled" time="0.030"/>
  <system-out/>
  <testcase classname="MeetingRooms.JoinRegistrationAttendeeMeetingRoomPageUITest" name="Test_If_NameInputfield_Name_is_Correct" time="0.034"/>
  <system-out/>
  <testcase classname="MeetingRooms.JoinRegistrationAttendeeMeetingRoomPageUITest" name="Test_If_EmailAddressInputfield_is_Present" time="0.043"/>
  <system-out/>
  <testcase classname="MeetingRooms.JoinRegistrationAttendeeMeetingRoomPageUITest" name="Test_If_EmailAddressInputfield_is_Enabled" time="0.028"/>
  <system-out/>
  <testcase classname="MeetingRooms.JoinRegistrationAttendeeMeetingRoomPageUITest" name="Test_If_EmailAddressInputfield_Name_is_Correct" time="0.034"/>
  <system-out/>
  <testcase classname="MeetingRooms.JoinRegistrationAttendeeMeetingRoomPageUITest" name="Test_If_JoinMeetingNowButton_is_Present" time="0.042"/>
  <system-out/>
  <testcase classname="MeetingRooms.JoinRegistrationAttendeeMeetingRoomPageUITest" name="Test_If_JoinMeetingNowButton_is_Enabled" time="0.028"/>
  <system-out/>
  <testcase classname="MeetingRooms.JoinRegistrationAttendeeMeetingRoomPageUITest" name="Test_If_JoinMeetingNowButton_Name_is_Correct" time="0.051"/>
  <system-out/>
  <testcase classname="MeetingRooms.JoinRegistrationAttendeeMeetingRoomPageUITest" name="Test_If_WhenClickJoinMeetingNowButton_WithoutUserAccount_AlertMessageAppears_at_nameInputfield" time="0.261"/>
  <system-out/>
  <testcase classname="MeetingRooms.JoinRegistrationAttendeeMeetingRoomPageUITest" name="Test_If_WhenClickJoinMeetingNowButton_EnterNameOnly_AlertMessageAppears_at_EmailAddressinputfield" time="0.441"/>
  <system-out/>
  <testcase classname="MeetingRooms.JoinRegistrationAttendeeMeetingRoomPageUITest" name="Test_If_Attendee_Register_GoesTo_AttendeeMeetingRoomURL" time="18.119"/>
  <system-out/>
  <testcase classname="MeetingRooms.JoinRegistrationAttendeeMeetingRoomPageUITest" name="Test_If_Attendee_Register_GoesTo_AttendeeMeetingRoom_WebinarInProgressModal_WillLaunch" time="3.050"/>
  <system-out/>
  <testcase classname="MeetingRooms.JoinRegistrationAttendeeMeetingRoomPageUITest" name="Test_If_Attendee_Register_GoesTo_AttendeeMeetingRoom_WebinarInProgressModal_Title_is_Present" time="0.047"/>
  <system-out/>
  <testcase classname="MeetingRooms.JoinRegistrationAttendeeMeetingRoomPageUITest" name="Test_If_Attendee_Register_GoesTo_AttendeeMeetingRoom_WebinarInProgressModal_Title_is_textCorrect" time="0.055"/>
  <system-out/>
  <testcase classname="MeetingRooms.JoinRegistrationAttendeeMeetingRoomPageUITest" name="Test_If_Attendee_Register_GoesTo_AttendeeMeetingRoom_WebinarInProgressModal_Instruction_Text_is_Present" time="0.045"/>
  <system-out/>
  <testcase classname="MeetingRooms.JoinRegistrationAttendeeMeetingRoomPageUITest" name="Test_If_Attendee_Register_GoesTo_AttendeeMeetingRoom_WebinarInProgressModal_Instruction_Text_is_textCorrect" time="0.040"/>
  <system-out/>
  <testcase classname="MeetingRooms.JoinRegistrationAttendeeMeetingRoomPageUITest" name="Test_If_Attendee_Register_GoesTo_AttendeeMeetingRoom_WebinarInProgressModal_JoinRoomNow_Button_is_Present" time="0.041"/>
  <system-out/>
  <testcase classname="MeetingRooms.JoinRegistrationAttendeeMeetingRoomPageUITest" name="Test_If_Attendee_Register_GoesTo_AttendeeMeetingRoom_WebinarInProgressModal_JoinRoomNow_Button_is_Enabled" time="0.026"/>
  <system-out/>
  <testcase classname="MeetingRooms.JoinRegistrationAttendeeMeetingRoomPageUITest" name="Test_If_Attendee_Register_GoesTo_AttendeeMeetingRoom_WebinarInProgressModal_JoinRoomNow_Button_Name_is_PresentandCorrect" time="0.042"/>
  <system-out/>
  <testcase classname="MeetingRooms.JoinRegistrationAttendeeMeetingRoomPageUITest" name="Test_if_click_JOINROOMNOW_button_WebinarInProgress_Modal_willClosed" time="11.262"/>
  <system-out/>
  <testcase classname="MeetingRooms.JoinRegistrationAttendeeMeetingRoomPageUITest" name="Test_If_AttendeeName_appears_atUpperRightCorner_ofTheAttendees_MeetingRoom" time="0.041"/>
  <system-out/>
  <testcase classname="MeetingRooms.JoinRegistrationAttendeeMeetingRoomPageUITest" name="Test_If_AttendeeName_appears_atUpperRightCorner_ofTheAttendees_MeetingRoo_is_textCorrect" time="0.045"/>
  <system-out/>
  <testcase classname="MeetingRooms.JoinRegistrationAttendeeMeetingRoomPageUITest" name="Test_If_JetWebinar_Logo_is_Present" time="0.041"/>
  <system-out/>
  <testcase classname="MeetingRooms.JoinRegistrationAttendeeMeetingRoomPageUITest" name="Test_If_JetWebinar_Logo_is_Correct" time="0.030"/>
  <system-out/>
  <testcase classname="MeetingRooms.JoinRegistrationAttendeeMeetingRoomPageUITest" name="Test_If_LiveBroadcast_Title_is_Present" time="0.042"/>
  <system-out/>
  <testcase classname="MeetingRooms.JoinRegistrationAttendeeMeetingRoomPageUITest" name="Test_If_LiveBroadcast_Title_is_textCorrect" time="0.067"/>
  <system-out/>
  <testcase classname="MeetingRooms.JoinRegistrationAttendeeMeetingRoomPageUITest" name="Test_if_LiveBroadcast_videoScreen_Icon_is_Present" time="2.036"/>
  <system-out/>
  <testcase classname="MeetingRooms.JoinRegistrationAttendeeMeetingRoomPageUITest" name="Test_if_FullScreen_ButtonIcon_is_Present" time="2.052"/>
  <system-out/>
  <testcase classname="MeetingRooms.JoinRegistrationAttendeeMeetingRoomPageUITest" name="Test_if_FullScreen_ButtonIcon_is_Enabled" time="0.035"/>
  <system-out/>
  <testcase classname="MeetingRooms.JoinRegistrationAttendeeMeetingRoomPageUITest" name="Test_if_ToggleswitchCamera_is_Present" time="0.043"/>
  <system-out/>
  <testcase classname="MeetingRooms.JoinRegistrationAttendeeMeetingRoomPageUITest" name="Test_if_ToggleswitchCamera_is_Enabled" time="0.024"/>
  <system-out/>
  <testcase classname="MeetingRooms.JoinRegistrationAttendeeMeetingRoomPageUITest" name="Test_if_ToggleswitchCamera_Icon_is_Present" time="0.032"/>
  <system-out/>
  <testcase classname="MeetingRooms.JoinRegistrationAttendeeMeetingRoomPageUITest" name="Test_if_ToggleswitchCamera_is_ToggleON" time="2.278"/>
  <system-out/>
  <testcase classname="MeetingRooms.JoinRegistrationAttendeeMeetingRoomPageUITest" name="Test_if_ToggleswitchCamera_is_ToggleOFF" time="2.251"/>
  <system-out/>
  <testcase classname="MeetingRooms.JoinRegistrationAttendeeMeetingRoomPageUITest" name="Test_if_ToggleScreenSharing_is_Present" time="0.045"/>
  <system-out/>
  <testcase classname="MeetingRooms.JoinRegistrationAttendeeMeetingRoomPageUITest" name="Test_if_ToggleswitchScreenSharing_is_Enabled" time="0.026"/>
  <system-out/>
  <testcase classname="MeetingRooms.JoinRegistrationAttendeeMeetingRoomPageUITest" name="Test_if_ToggleswitchScreenSharing_Icon_is_Present" time="0.032"/>
  <system-out/>
  <testcase classname="MeetingRooms.JoinRegistrationAttendeeMeetingRoomPageUITest" name="Test_if_ToggleswitchScreenSharing_is_ToggleON" time="2.356"/>
  <system-out/>
  <testcase classname="MeetingRooms.JoinRegistrationAttendeeMeetingRoomPageUITest" name="Test_if_ToggleswitchScreenSharing_is_ToggleOFF" time="2.236"/>
  <system-out/>
  <testcase classname="MeetingRooms.JoinRegistrationAttendeeMeetingRoomPageUITest" name="Test_If_CurrentAttendeesPortlet_is_Present" time="0.043"/>
  <system-out/>
  <testcase classname="MeetingRooms.JoinRegistrationAttendeeMeetingRoomPageUITest" name="Test_If_CurrentAttendeesPortlet_Fullscreen_button_is_Present" time="0.043"/>
  <system-out/>
  <testcase classname="MeetingRooms.JoinRegistrationAttendeeMeetingRoomPageUITest" name="Test_If_CurrentAttendeesPortlet_Fullscreen_button_is_Enabled" time="0.028"/>
  <system-out/>
  <testcase classname="MeetingRooms.JoinRegistrationAttendeeMeetingRoomPageUITest" name="Test_If_CurrentAttendeesPortlet_Fullscreen_button_is_Clicked_PortletGoesFullScreen" time="2.346"/>
  <system-out/>
  <testcase classname="MeetingRooms.JoinRegistrationAttendeeMeetingRoomPageUITest" name="Test_If_CurrentAttendeesPortlet_Fullscreen_button_is_ClickedAgain_PortletGoesBack_toNormalScreensize" time="2.259"/>
  <system-out/>
  <testcase classname="MeetingRooms.JoinRegistrationAttendeeMeetingRoomPageUITest" name="Test_If_CurrentAttendeesPortlet_FindAttendee_Inputfield_is_Present" time="0.039"/>
  <system-out/>
  <testcase classname="MeetingRooms.JoinRegistrationAttendeeMeetingRoomPageUITest" name="Test_If_CurrentAttendeesPortlet_FindAttendee_Inputfield_is_Enabled" time="0.029"/>
  <system-out/>
  <testcase classname="MeetingRooms.JoinRegistrationAttendeeMeetingRoomPageUITest" name="Test_If_CurrentAttendeesPortlet_FindAttendee_Inputfield_is_textCorrect" time="0.025"/>
  <system-out/>
  <testcase classname="MeetingRooms.JoinRegistrationAttendeeMeetingRoomPageUITest" name="Test_If_CurrentAttendeesPortlet_Title_is_Present" time="0.038"/>
  <system-out/>
  <testcase classname="MeetingRooms.JoinRegistrationAttendeeMeetingRoomPageUITest" name="Test_If_CurrentAttendeesPortlet_Title_is_textCorrect" time="0.043"/>
  <system-out/>
  <testcase classname="MeetingRooms.JoinRegistrationAttendeeMeetingRoomPageUITest" name="Test_If_CurrentAttendeesPortlet_Title_Icon_is_Present" time="0.030"/>
  <system-out/>
  <testcase classname="MeetingRooms.JoinRegistrationAttendeeMeetingRoomPageUITest" name="Test_If_ChatPortlet_is_Present" time="0.039"/>
  <system-out/>
  <testcase classname="MeetingRooms.JoinRegistrationAttendeeMeetingRoomPageUITest" name="Test_If_ChatPortlet_Title_is_Present" time="0.042"/>
  <system-out/>
  <testcase classname="MeetingRooms.JoinRegistrationAttendeeMeetingRoomPageUITest" name="Test_If_ChatPortlet_Title_is_textCorrect" time="0.042"/>
  <system-out/>
  <testcase classname="MeetingRooms.JoinRegistrationAttendeeMeetingRoomPageUITest" name="Test_If_ChatPortlet_Title_icon_is_present" time="0.033"/>
  <system-out/>
  <testcase classname="MeetingRooms.JoinRegistrationAttendeeMeetingRoomPageUITest" name="Test_If_ChatPortlet_messageField_is_Present" time="0.040"/>
  <system-out/>
  <testcase classname="MeetingRooms.JoinRegistrationAttendeeMeetingRoomPageUITest" name="Test_If_ChatPortlet_messageField_is_Enabled" time="0.034"/>
  <system-out/>
  <testcase classname="MeetingRooms.JoinRegistrationAttendeeMeetingRoomPageUITest" name="Test_If_ChatPortlet_messageField_DefaultText_is_Present" time="0.092"/>
  <system-out/>
  <testcase classname="MeetingRooms.JoinRegistrationAttendeeMeetingRoomPageUITest" name="Test_If_ChatPortlet_Sendbutton_is_Present" time="0.047"/>
  <system-out/>
  <testcase classname="MeetingRooms.JoinRegistrationAttendeeMeetingRoomPageUITest" name="Test_If_ChatPortlet_Sendbutton_is_Enabled" time="0.032"/>
  <system-out/>
  <testcase classname="MeetingRooms.JoinRegistrationAttendeeMeetingRoomPageUITest" name="Test_If_ChatPortlet_Sendbutton_Name_is_Present" time="0.048"/>
  <system-out/>
  <testcase classname="MeetingRooms.JoinRegistrationAttendeeMeetingRoomPageUITest" name="Test_If_ChatPortlet_SendaMessage_Inputfield_is_Present" time="0.061"/>
  <system-out/>
  <testcase classname="MeetingRooms.JoinRegistrationAttendeeMeetingRoomPageUITest" name="Test_If_ChatPortlet_SendaMessage_Inputfield_is_Enabled" time="0.042"/>
  <system-out/>
  <testcase classname="MeetingRooms.JoinRegistrationAttendeeMeetingRoomPageUITest" name="Test_If_ChatPortlet_SendaMessage_Inputfield_is_textCorrect" time="0.040"/>
  <system-out/>
  <testcase classname="MeetingRooms.JoinRegistrationAttendeeMeetingRoomPageUITest" name="Test_If_ChatPortlet_ReactionToolbutton_is_Present" time="0.082"/>
  <system-out/>
  <testcase classname="MeetingRooms.JoinRegistrationAttendeeMeetingRoomPageUITest" name="Test_If_ChatPortlet_ReactionToolbutton_is_Enabled" time="0.031"/>
  <system-out/>
  <testcase classname="MeetingRooms.JoinRegistrationAttendeeMeetingRoomPageUITest" name="Test_If_ChatPortlet_ReactionToolbutton_Icon_is_Present" time="0.054"/>
  <system-out/>
  <testcase classname="MeetingRooms.JoinRegistrationAttendeeMeetingRoomPageUITest" name="Test_If_ChatPortlet_ReactionToolbutton_is_Clicked_It_willOpen_submenus" time="2.335"/>
  <system-out/>
  <testcase classname="MeetingRooms.JoinRegistrationAttendeeMeetingRoomPageUITest" name="Test_If_ChatPortlet_ReactionToolbutton_Agree_submmenu_is_Present" time="0.064"/>
  <system-out/>
  <testcase classname="MeetingRooms.JoinRegistrationAttendeeMeetingRoomPageUITest" name="Test_If_ChatPortlet_ReactionToolbutton_Agree_submmenu_is_Enabled" time="0.042"/>
  <system-out/>
  <testcase classname="MeetingRooms.JoinRegistrationAttendeeMeetingRoomPageUITest" name="Test_If_ChatPortlet_ReactionToolbutton_submmenu_Name_is_Present" time="0.054"/>
  <system-out/>
  <testcase classname="MeetingRooms.JoinRegistrationAttendeeMeetingRoomPageUITest" name="Test_If_ChatPortlet_ReactionToolbutton_Agree_submmenu_Icon_is_Present" time="0.032"/>
  <system-out/>
  <testcase classname="MeetingRooms.JoinRegistrationAttendeeMeetingRoomPageUITest" name="Test_If_ChatPortlet_ReactionToolbutton_DisAgree_submmenu_is_Present" time="0.040"/>
  <system-out/>
  <testcase classname="MeetingRooms.JoinRegistrationAttendeeMeetingRoomPageUITest" name="Test_If_ChatPortlet_ReactionToolbutton_DisAgree_submmenu_is_Enabled" time="0.032"/>
  <system-out/>
  <testcase classname="MeetingRooms.JoinRegistrationAttendeeMeetingRoomPageUITest" name="Test_If_ChatPortlet_ReactionToolbutton_DisAgree_submmenu_Name_is_Present" time="0.114"/>
  <system-out/>
  <testcase classname="MeetingRooms.JoinRegistrationAttendeeMeetingRoomPageUITest" name="Test_If_ChatPortlet_ReactionToolbutton_DisAgree_submmenu_Icon_is_Present" time="0.052"/>
  <system-out/>
  <testcase classname="MeetingRooms.JoinRegistrationAttendeeMeetingRoomPageUITest" name="Test_If_ChatPortlet_ReactionToolbutton_Love_submmenu_is_Present" time="0.071"/>
  <system-out/>
  <testcase classname="MeetingRooms.JoinRegistrationAttendeeMeetingRoomPageUITest" name="Test_If_ChatPortlet_ReactionToolbutton_Love_submmenu_is_Enabled" time="0.032"/>
  <system-out/>
  <testcase classname="MeetingRooms.JoinRegistrationAttendeeMeetingRoomPageUITest" name="Test_If_ChatPortlet_ReactionToolbutton_Love_submmenu_Name_is_Present" time="0.052"/>
  <system-out/>
  <testcase classname="MeetingRooms.JoinRegistrationAttendeeMeetingRoomPageUITest" name="Test_If_ChatPortlet_ReactionToolbutton_Love_submmenu_Icon_is_Present" time="0.031"/>
  <system-out/>
  <testcase classname="MeetingRooms.JoinRegistrationAttendeeMeetingRoomPageUITest" name="Test_If_ChatPortlet_ReactionToolbutton_Raisehand_submmenu_is_Present" time="0.043"/>
  <system-out/>
  <testcase classname="MeetingRooms.JoinRegistrationAttendeeMeetingRoomPageUITest" name="Test_If_ChatPortlet_ReactionToolbutton_Raisehand_submmenu_is_Enabled" time="0.030"/>
  <system-out/>
  <testcase classname="MeetingRooms.JoinRegistrationAttendeeMeetingRoomPageUITest" name="Test_If_ChatPortlet_ReactionToolbutton_Raisehand_submmenu_Name_is_Present" time="0.047"/>
  <system-out/>
  <testcase classname="MeetingRooms.JoinRegistrationAttendeeMeetingRoomPageUITest" name="Test_If_ChatPortlet_ReactionToolbutton_Raisehand_submmenu_Icon_is_Present" time="0.031"/>
  <system-out/>
  <testcase classname="MeetingRooms.JoinRegistrationAttendeeMeetingRoomPageUITest" name="Test_If_ChatPortlet_ReactionToolbutton_isClickAgain_submenu_willClosed" time="2.237"/>
  <system-out/>
  <testcase classname="MeetingRooms.JoinRegistrationAttendeeMeetingRoomPageUITest" name="Test_If_ChatPortlet_Fullscreenbutton_is_Present" time="0.049"/>
  <system-out/>
  <testcase classname="MeetingRooms.JoinRegistrationAttendeeMeetingRoomPageUITest" name="Test_If_ChatPortlet_Fullscreenbutton_is_Enabled" time="0.025"/>
  <system-out/>
  <testcase classname="MeetingRooms.JoinRegistrationAttendeeMeetingRoomPageUITest" name="Test_If_ChatPortlet_Fullscreenbutton_is_Clicked_itwillgoFullscreen" time="2.275"/>
  <system-out/>
  <testcase classname="MeetingRooms.JoinRegistrationAttendeeMeetingRoomPageUITest" name="Test_If_ChatPortlet_Fullscreenbutton_is_Clicked_Again_itwillgoBacktoNormalsize" time="2.267"/>
  <system-out/>
</testsuite> <!-- MeetingRooms.JoinRegistrationAttendeeMeetingRoomPageUITest -->
