<?xml version="1.0" encoding="UTF-8"?>
<!-- Generated by org.testng.reporters.JUnitReportReporter -->
<testsuite hostname="DESKTOP-IHTC1M0" failures="0" tests="1" name="MeetingRooms.HostandAttendeeChatTesting" time="30.110" errors="0" timestamp="2020-12-14T17:36:24 SGT" skipped="0">
  <testcase classname="MeetingRooms.HostandAttendeeChatTesting" name="Test_If_WhenHost_SendSingleChat_To_Attendee_ChatMessageWillAppear_Both_ChatBox" time="30.110"/>
  <system-out/>
</testsuite> <!-- MeetingRooms.HostandAttendeeChatTesting -->
