<?xml version="1.0" encoding="UTF-8"?>
<!-- Generated by org.testng.reporters.JUnitReportReporter -->
<testsuite hostname="LAPTOP-ESEL78H9" failures="0" tests="11" name="loginPage.loginpageTestScenarios" time="13.794" errors="0" timestamp="2020-09-19T22:33:05 PST" skipped="0">
  <testcase classname="loginPage.loginpageTestScenarios" name="TestRememberanditscheckbox" time="0.557"/>
  <system-out/>
  <testcase classname="loginPage.loginpageTestScenarios" name="Testcopyright" time="0.123"/>
  <system-out/>
  <testcase classname="loginPage.loginpageTestScenarios" name="Testloginformtitle" time="0.094"/>
  <system-out/>
  <testcase classname="loginPage.loginpageTestScenarios" name="TestUsernameinputfield" time="0.142"/>
  <system-out/>
  <testcase classname="loginPage.loginpageTestScenarios" name="Testpasswordinputfield" time="0.122"/>
  <system-out/>
  <testcase classname="loginPage.loginpageTestScenarios" name="TestSigninbutton" time="0.096"/>
  <system-out/>
  <testcase classname="loginPage.loginpageTestScenarios" name="TestloginWithoutDataEntered" time="1.274"/>
  <system-out/>
  <testcase classname="loginPage.loginpageTestScenarios" name="TestloginUsernameonlyEntered" time="0.309"/>
  <system-out/>
  <testcase classname="loginPage.loginpageTestScenarios" name="TestloginPasswordonlyEntered" time="0.326"/>
  <system-out/>
  <testcase classname="loginPage.loginpageTestScenarios" name="TestNotYetRegisteresUserAccount" time="3.271"/>
  <system-out/>
  <testcase classname="loginPage.loginpageTestScenarios" name="TestloginValidAccount" time="7.480"/>
  <system-out/>
</testsuite> <!-- loginPage.loginpageTestScenarios -->
