<?xml version="1.0" encoding="UTF-8"?>
<!-- Generated by org.testng.reporters.JUnitReportReporter -->
<testsuite hostname="DESKTOP-IHTC1M0" failures="0" tests="28" name="MeetingRooms.HostWebinarRoom_Logo_BroadcastPortlet_ConferenceInfoTestUI" time="96.703" errors="0" timestamp="2020-12-10T22:12:40 SGT" skipped="0">
  <testcase classname="MeetingRooms.HostWebinarRoom_Logo_BroadcastPortlet_ConferenceInfoTestUI" name="Test_If_There_Is_JetWebinar_Logo_Inside_The_Host_WebinarRoom" time="57.056"/>
  <system-out/>
  <testcase classname="MeetingRooms.HostWebinarRoom_Logo_BroadcastPortlet_ConferenceInfoTestUI" name="Test_if_Correct_JetWebinarLogo_in_HostMeetingRoom" time="0.068"/>
  <system-out/>
  <testcase classname="MeetingRooms.HostWebinarRoom_Logo_BroadcastPortlet_ConferenceInfoTestUI" name="Test_if_BROACASTROOM_videoScreen_Title_is_Present" time="0.069"/>
  <system-out/>
  <testcase classname="MeetingRooms.HostWebinarRoom_Logo_BroadcastPortlet_ConferenceInfoTestUI" name="Test_if_BROACASTROOM_videoScreen_Title_is_textCorrect" time="0.064"/>
  <system-out/>
  <testcase classname="MeetingRooms.HostWebinarRoom_Logo_BroadcastPortlet_ConferenceInfoTestUI" name="Test_if_BROACASTROOM_videoScreen_Title_Icon_is_Present" time="2.039"/>
  <system-out/>
  <testcase classname="MeetingRooms.HostWebinarRoom_Logo_BroadcastPortlet_ConferenceInfoTestUI" name="Test_if_FullScreen_ButtonIcon_is_Present" time="2.049"/>
  <system-out/>
  <testcase classname="MeetingRooms.HostWebinarRoom_Logo_BroadcastPortlet_ConferenceInfoTestUI" name="Test_if_FullScreen_ButtonIcon_is_Enabled" time="0.032"/>
  <system-out/>
  <testcase classname="MeetingRooms.HostWebinarRoom_Logo_BroadcastPortlet_ConferenceInfoTestUI" name="Test_if_Conference_Info_button_is_Present" time="0.050"/>
  <system-out/>
  <testcase classname="MeetingRooms.HostWebinarRoom_Logo_BroadcastPortlet_ConferenceInfoTestUI" name="Test_if_Conference_Info_button_is_Enabled" time="0.033"/>
  <system-out/>
  <testcase classname="MeetingRooms.HostWebinarRoom_Logo_BroadcastPortlet_ConferenceInfoTestUI" name="Test_if_Conference_Info_button_name_is_Present" time="0.051"/>
  <system-out/>
  <testcase classname="MeetingRooms.HostWebinarRoom_Logo_BroadcastPortlet_ConferenceInfoTestUI" name="Test_if_Conference_Info_button_Icon_is_Present" time="2.041"/>
  <system-out/>
  <testcase classname="MeetingRooms.HostWebinarRoom_Logo_BroadcastPortlet_ConferenceInfoTestUI" name="Test_if_Conference_Info_ModalDialog_willLaunch_When_its_button_isClicked" time="2.299"/>
  <system-out/>
  <testcase classname="MeetingRooms.HostWebinarRoom_Logo_BroadcastPortlet_ConferenceInfoTestUI" name="Test_if_Conference_Info_ModalDialog_Title_is_Present" time="0.050"/>
  <system-out/>
  <testcase classname="MeetingRooms.HostWebinarRoom_Logo_BroadcastPortlet_ConferenceInfoTestUI" name="Test_if_Conference_Info_ModalDialog_Title_is_textCorrect" time="0.048"/>
  <system-out/>
  <testcase classname="MeetingRooms.HostWebinarRoom_Logo_BroadcastPortlet_ConferenceInfoTestUI" name="Test_if_Conference_Info_ModalDialog_LabelLink_is_Present" time="0.046"/>
  <system-out/>
  <testcase classname="MeetingRooms.HostWebinarRoom_Logo_BroadcastPortlet_ConferenceInfoTestUI" name="Test_if_Conference_Info_ModalDialog_LabelLink_is_textCorrect" time="0.053"/>
  <system-out/>
  <testcase classname="MeetingRooms.HostWebinarRoom_Logo_BroadcastPortlet_ConferenceInfoTestUI" name="Test_if_Conference_Info_ModalDialog_ConferenceLink_Inputfield_is_Present" time="0.051"/>
  <system-out/>
  <testcase classname="MeetingRooms.HostWebinarRoom_Logo_BroadcastPortlet_ConferenceInfoTestUI" name="Test_if_Conference_Info_ModalDialog_ConferenceLink_Inputfield_is_NotEmpty_and_Correct_Link" time="0.032"/>
  <system-out/>
  <testcase classname="MeetingRooms.HostWebinarRoom_Logo_BroadcastPortlet_ConferenceInfoTestUI" name="Test_if_Conference_Info_ModalDialog_CloseButton_is_Present" time="0.047"/>
  <system-out/>
  <testcase classname="MeetingRooms.HostWebinarRoom_Logo_BroadcastPortlet_ConferenceInfoTestUI" name="Test_if_Conference_Info_ModalDialog_CloseButton_is_Enabled" time="0.033"/>
  <system-out/>
  <testcase classname="MeetingRooms.HostWebinarRoom_Logo_BroadcastPortlet_ConferenceInfoTestUI" name="Test_if_Conference_Info_ModalDialog_CloseButton_name_is_Correct" time="0.050"/>
  <system-out/>
  <testcase classname="MeetingRooms.HostWebinarRoom_Logo_BroadcastPortlet_ConferenceInfoTestUI" name="Test_if_Conference_Info_ModalDialog_CloseButton_is_Clicked_Modal_willClosed" time="12.252"/>
  <system-out/>
  <testcase classname="MeetingRooms.HostWebinarRoom_Logo_BroadcastPortlet_ConferenceInfoTestUI" name="Test_if_Conference_Info_ModalDialog_xButton_is_Present" time="2.257"/>
  <system-out/>
  <testcase classname="MeetingRooms.HostWebinarRoom_Logo_BroadcastPortlet_ConferenceInfoTestUI" name="Test_if_Conference_Info_ModalDialog_xButton_is_Enabled" time="0.029"/>
  <system-out/>
  <testcase classname="MeetingRooms.HostWebinarRoom_Logo_BroadcastPortlet_ConferenceInfoTestUI" name="Test_if_Conference_Info_ModalDialog_xButton_is_Clicked_Modal_willClosed" time="12.256"/>
  <system-out/>
  <testcase classname="MeetingRooms.HostWebinarRoom_Logo_BroadcastPortlet_ConferenceInfoTestUI" name="Test_If_BroadcastRoom_Screen_Is_Present" time="0.051"/>
  <system-out/>
  <testcase classname="MeetingRooms.HostWebinarRoom_Logo_BroadcastPortlet_ConferenceInfoTestUI" name="Test_If_When_FullscreenIcon_Is_Click_BroadcastRoom_Will_GoFullScreen" time="3.307"/>
  <system-out/>
  <testcase classname="MeetingRooms.HostWebinarRoom_Logo_BroadcastPortlet_ConferenceInfoTestUI" name="Test_If_When_FullscreenIcon_Is_Click_BackAgain_BroadcastRoom_Will_GoBackToNormalScreenSize" time="0.290"/>
  <system-out/>
</testsuite> <!-- MeetingRooms.HostWebinarRoom_Logo_BroadcastPortlet_ConferenceInfoTestUI -->
