<?xml version="1.0" encoding="UTF-8"?>
<!-- Generated by org.testng.reporters.JUnitReportReporter -->
<testsuite hostname="LAPTOP-ESEL78H9" failures="0" tests="3" name="Users.userscenarioTest" time="8.287" errors="0" timestamp="2020-08-20T01:59:09 PST" skipped="0">
  <testcase classname="Users.userscenarioTest" name="TestUsersmenuPanel" time="7.328"/>
  <system-out/>
  <testcase classname="Users.userscenarioTest" name="TesturlpageAccountUsers" time="0.100"/>
  <system-out/>
  <testcase classname="Users.userscenarioTest" name="TestUsersPageUI" time="0.859"/>
  <system-out/>
</testsuite> <!-- Users.userscenarioTest -->
