<?xml version="1.0" encoding="UTF-8"?>
<!-- Generated by org.testng.reporters.JUnitReportReporter -->
<testsuite hostname="DESKTOP-IHTC1M0" failures="0" tests="16" name="Webinars.aaa0045AddNewWebinarOakTemplate_SimulatedLiveWebinar_RunRecurring" time="306.080" errors="0" timestamp="2020-12-23T17:53:54 SGT" skipped="0">
  <testcase classname="Webinars.aaa0045AddNewWebinarOakTemplate_SimulatedLiveWebinar_RunRecurring" name="Test_If_AddNew_SimulatedLiveWebinar_When_Selecting_RunHourly_SetWeekdayTime_and_AddAnotherTime_Elements_Emerges" time="58.556"/>
  <system-out/>
  <testcase classname="Webinars.aaa0045AddNewWebinarOakTemplate_SimulatedLiveWebinar_RunRecurring" name="Test_ChooseaWeekDay_SelectionMenu_Has_Submenus" time="3.214"/>
  <system-out/>
  <testcase classname="Webinars.aaa0045AddNewWebinarOakTemplate_SimulatedLiveWebinar_RunRecurring" name="Test_When_host_SelectDay_Sunday_SetTimeInputfield_With_Closebutton_Emerges" time="2.692"/>
  <system-out/>
  <testcase classname="Webinars.aaa0045AddNewWebinarOakTemplate_SimulatedLiveWebinar_RunRecurring" name="Test_When_host_SelectDay_Monday_SetTimeInputfield_With_Closebutton_Emerges" time="2.580"/>
  <system-out/>
  <testcase classname="Webinars.aaa0045AddNewWebinarOakTemplate_SimulatedLiveWebinar_RunRecurring" name="Test_When_host_SelectDay_Tuesday_SetTimeInputfield_With_Closebutton_Emerges" time="2.580"/>
  <system-out/>
  <testcase classname="Webinars.aaa0045AddNewWebinarOakTemplate_SimulatedLiveWebinar_RunRecurring" name="Test_When_host_SelectDay_Wednesday_SetTimeInputfield_With_Closebutton_Emerges" time="2.514"/>
  <system-out/>
  <testcase classname="Webinars.aaa0045AddNewWebinarOakTemplate_SimulatedLiveWebinar_RunRecurring" name="Test_When_host_SelectDay_Thursday_SetTimeInputfield_With_Closebutton_Emerges" time="2.607"/>
  <system-out/>
  <testcase classname="Webinars.aaa0045AddNewWebinarOakTemplate_SimulatedLiveWebinar_RunRecurring" name="Test_When_host_SelectDay_Friday_SetTimeInputfield_With_Closebutton_Emerges" time="2.563"/>
  <system-out/>
  <testcase classname="Webinars.aaa0045AddNewWebinarOakTemplate_SimulatedLiveWebinar_RunRecurring" name="Test_When_host_SelectDay_Saturday_SetTimeInputfield_With_Closebutton_Emerges" time="2.661"/>
  <system-out/>
  <testcase classname="Webinars.aaa0045AddNewWebinarOakTemplate_SimulatedLiveWebinar_RunRecurring" name="Test_Adding_Multiple_SeTimerPerDay_OnSaturday" time="30.432"/>
  <system-out/>
  <testcase classname="Webinars.aaa0045AddNewWebinarOakTemplate_SimulatedLiveWebinar_RunRecurring" name="Test_Adding_Multiple_SeTimerPerDay_OnSunday" time="32.706"/>
  <system-out/>
  <testcase classname="Webinars.aaa0045AddNewWebinarOakTemplate_SimulatedLiveWebinar_RunRecurring" name="Test_Adding_Multiple_SeTimerPerDay_OnMonday" time="32.559"/>
  <system-out/>
  <testcase classname="Webinars.aaa0045AddNewWebinarOakTemplate_SimulatedLiveWebinar_RunRecurring" name="Test_Adding_Multiple_SeTimerPerDay_OnTuesday" time="32.693"/>
  <system-out/>
  <testcase classname="Webinars.aaa0045AddNewWebinarOakTemplate_SimulatedLiveWebinar_RunRecurring" name="Test_Adding_Multiple_SeTimerPerDay_OnWednesday" time="32.579"/>
  <system-out/>
  <testcase classname="Webinars.aaa0045AddNewWebinarOakTemplate_SimulatedLiveWebinar_RunRecurring" name="Test_Adding_Multiple_SeTimerPerDay_OnThrusday" time="32.429"/>
  <system-out/>
  <testcase classname="Webinars.aaa0045AddNewWebinarOakTemplate_SimulatedLiveWebinar_RunRecurring" name="Test_Adding_Multiple_SeTimerPerDay_OnFriday" time="32.715"/>
  <system-out/>
</testsuite> <!-- Webinars.aaa0045AddNewWebinarOakTemplate_SimulatedLiveWebinar_RunRecurring -->
