<?xml version="1.0" encoding="UTF-8"?>
<!-- Generated by org.testng.reporters.JUnitReportReporter -->
<testsuite hostname="DESKTOP-IHTC1M0" failures="0" tests="7" name="Webinars.aaa0010AddNewWebinarAdelineTemplateNoUserInputData" time="27.032" errors="0" timestamp="2020-12-18T18:18:03 SGT" skipped="0">
  <testcase classname="Webinars.aaa0010AddNewWebinarAdelineTemplateNoUserInputData" name="Test_If_Attempt_ToAdd_NewWebinar_Without_UserInputData_AlertErrorMessage_Popup" time="26.789"/>
  <system-out/>
  <testcase classname="Webinars.aaa0010AddNewWebinarAdelineTemplateNoUserInputData" name="Test_If_Pleaseheck_ErrormessageText_Is_Correct" time="0.059"/>
  <system-out/>
  <testcase classname="Webinars.aaa0010AddNewWebinarAdelineTemplateNoUserInputData" name="Test_If_Pleaseheck_ErrormessageText_Color_Is_Correct" time="0.034"/>
  <system-out/>
  <testcase classname="Webinars.aaa0010AddNewWebinarAdelineTemplateNoUserInputData" name="Test_If_Pleasecheck_ErrormessageText_BackgroundColor_Is_Correct" time="0.030"/>
  <system-out/>
  <testcase classname="Webinars.aaa0010AddNewWebinarAdelineTemplateNoUserInputData" name="Test_If_Webinar_URL_TextColor_Is_Correct" time="0.037"/>
  <system-out/>
  <testcase classname="Webinars.aaa0010AddNewWebinarAdelineTemplateNoUserInputData" name="Test_If_Webinar_URL_InputfieldLabel_TextColor_Is_Correct" time="0.040"/>
  <system-out/>
  <testcase classname="Webinars.aaa0010AddNewWebinarAdelineTemplateNoUserInputData" name="Test_If_Webinar_Title_InputfieldLabel_TextColor_Is_Correct" time="0.043"/>
  <system-out/>
</testsuite> <!-- Webinars.aaa0010AddNewWebinarAdelineTemplateNoUserInputData -->
