<?xml version="1.0" encoding="UTF-8"?>
<!-- Generated by org.testng.reporters.JUnitReportReporter -->
<testsuite hostname="DESKTOP-IHTC1M0" failures="0" tests="21" name="MeetingRooms.aaa0003AddNewMeetingRoomTest" time="0.000" errors="0" timestamp="2020-12-17T19:49:10 SGT" skipped="21">
  <testcase classname="MeetingRooms.aaa0003AddNewMeetingRoomTest" name="Test_if_When_click_addNewbutton_Correct_URLdestination" time="0.000">
    <skipped/>
  </testcase> <!-- Test_if_When_click_addNewbutton_Correct_URLdestination -->
  <system-out/>
  <testcase classname="MeetingRooms.aaa0003AddNewMeetingRoomTest" name="Test_if_AddMeetingRoomPageTitle_is_Present" time="0.000">
    <skipped/>
  </testcase> <!-- Test_if_AddMeetingRoomPageTitle_is_Present -->
  <system-out/>
  <testcase classname="MeetingRooms.aaa0003AddNewMeetingRoomTest" name="Test_if_AddMeetingRoomPageTitle_Text_is_Correct" time="0.000">
    <skipped/>
  </testcase> <!-- Test_if_AddMeetingRoomPageTitle_Text_is_Correct -->
  <system-out/>
  <testcase classname="MeetingRooms.aaa0003AddNewMeetingRoomTest" name="Test_if_AddMeetingRoomPageTitle_Icon_is_Present" time="0.000">
    <skipped/>
  </testcase> <!-- Test_if_AddMeetingRoomPageTitle_Icon_is_Present -->
  <system-out/>
  <testcase classname="MeetingRooms.aaa0003AddNewMeetingRoomTest" name="Test_if_AddMeetingRoom_InputField_Label_is_Present" time="0.000">
    <skipped/>
  </testcase> <!-- Test_if_AddMeetingRoom_InputField_Label_is_Present -->
  <system-out/>
  <testcase classname="MeetingRooms.aaa0003AddNewMeetingRoomTest" name="Test_if_AddMeetingRoom_InputField_Label_name_is_Correct" time="0.000">
    <skipped/>
  </testcase> <!-- Test_if_AddMeetingRoom_InputField_Label_name_is_Correct -->
  <system-out/>
  <testcase classname="MeetingRooms.aaa0003AddNewMeetingRoomTest" name="Test_if_AddMeetingRoom_InputField__is_Present" time="0.000">
    <skipped/>
  </testcase> <!-- Test_if_AddMeetingRoom_InputField__is_Present -->
  <system-out/>
  <testcase classname="MeetingRooms.aaa0003AddNewMeetingRoomTest" name="Test_if_AddMeetingRoom_InputField__is_Enabled" time="0.000">
    <skipped/>
  </testcase> <!-- Test_if_AddMeetingRoom_InputField__is_Enabled -->
  <system-out/>
  <testcase classname="MeetingRooms.aaa0003AddNewMeetingRoomTest" name="Test_if_AddMeetingRoom_InputField__name_is_Correct" time="0.000">
    <skipped/>
  </testcase> <!-- Test_if_AddMeetingRoom_InputField__name_is_Correct -->
  <system-out/>
  <testcase classname="MeetingRooms.aaa0003AddNewMeetingRoomTest" name="Test_if_AddMeetingRoom_button__is_Present" time="0.000">
    <skipped/>
  </testcase> <!-- Test_if_AddMeetingRoom_button__is_Present -->
  <system-out/>
  <testcase classname="MeetingRooms.aaa0003AddNewMeetingRoomTest" name="Test_if_AddMeetingRoom_button__is_Enabled" time="0.000">
    <skipped/>
  </testcase> <!-- Test_if_AddMeetingRoom_button__is_Enabled -->
  <system-out/>
  <testcase classname="MeetingRooms.aaa0003AddNewMeetingRoomTest" name="Test_if_AddMeetingRoom_button__icon_is_Present" time="0.000">
    <skipped/>
  </testcase> <!-- Test_if_AddMeetingRoom_button__icon_is_Present -->
  <system-out/>
  <testcase classname="MeetingRooms.aaa0003AddNewMeetingRoomTest" name="Test_if_AddMeetingRoom_button__name_is_Correct" time="0.000">
    <skipped/>
  </testcase> <!-- Test_if_AddMeetingRoom_button__name_is_Correct -->
  <system-out/>
  <testcase classname="MeetingRooms.aaa0003AddNewMeetingRoomTest" name="Test_if_ReturnToMeetings_button__is_Present" time="0.000">
    <skipped/>
  </testcase> <!-- Test_if_ReturnToMeetings_button__is_Present -->
  <system-out/>
  <testcase classname="MeetingRooms.aaa0003AddNewMeetingRoomTest" name="Test_if_ReturnToMeetings_button_is_Enabled" time="0.000">
    <skipped/>
  </testcase> <!-- Test_if_ReturnToMeetings_button_is_Enabled -->
  <system-out/>
  <testcase classname="MeetingRooms.aaa0003AddNewMeetingRoomTest" name="Test_if_ReturnToMeetings_button_name_is_Correct" time="0.000">
    <skipped/>
  </testcase> <!-- Test_if_ReturnToMeetings_button_name_is_Correct -->
  <system-out/>
  <testcase classname="MeetingRooms.aaa0003AddNewMeetingRoomTest" name="Test_if_ReturnToMeetings_button_Icon_is_Present" time="0.000">
    <skipped/>
  </testcase> <!-- Test_if_ReturnToMeetings_button_Icon_is_Present -->
  <system-out/>
  <testcase classname="MeetingRooms.aaa0003AddNewMeetingRoomTest" name="Test_if_addNewMeeting_NoMeetingName_is_entered" time="0.000">
    <skipped/>
  </testcase> <!-- Test_if_addNewMeeting_NoMeetingName_is_entered -->
  <system-out/>
  <testcase classname="MeetingRooms.aaa0003AddNewMeetingRoomTest" name="Test_if_AddnewMeeting_enterAName" time="0.000">
    <skipped/>
  </testcase> <!-- Test_if_AddnewMeeting_enterAName -->
  <system-out/>
  <testcase classname="MeetingRooms.aaa0003AddNewMeetingRoomTest" name="Test_Delete_the_justAddedMeeting" time="0.000">
    <skipped/>
  </testcase> <!-- Test_Delete_the_justAddedMeeting -->
  <system-out/>
  <testcase classname="MeetingRooms.aaa0003AddNewMeetingRoomTest" name="Test_AddNewMeeting_AddName_click_ReturMeetingbutton" time="0.000">
    <skipped/>
  </testcase> <!-- Test_AddNewMeeting_AddName_click_ReturMeetingbutton -->
  <system-out/>
</testsuite> <!-- MeetingRooms.aaa0003AddNewMeetingRoomTest -->
