<?xml version="1.0" encoding="UTF-8"?>
<!-- Generated by org.testng.reporters.JUnitReportReporter -->
<testsuite hostname="DESKTOP-IHTC1M0" failures="0" tests="8" name="Webinars.aaa0028AddNewBelmontTemplate_SimulatedLiveWebinar_GoesTo_AllWebinarsPage" time="55.104" errors="0" timestamp="2020-12-21T22:33:48 SGT" skipped="0">
  <testcase classname="Webinars.aaa0028AddNewBelmontTemplate_SimulatedLiveWebinar_GoesTo_AllWebinarsPage" name="Test_If_WhenSelecting_SimulateLive_SimulatedLiveTiming_Menu_Will_Emerge" time="29.067"/>
  <system-out/>
  <testcase classname="Webinars.aaa0028AddNewBelmontTemplate_SimulatedLiveWebinar_GoesTo_AllWebinarsPage" name="Test_If_AddNew_SimulatedLiveWebinar_RunOnce_IT_GoesToCorrectpath" time="13.000"/>
  <system-out/>
  <testcase classname="Webinars.aaa0028AddNewBelmontTemplate_SimulatedLiveWebinar_GoesTo_AllWebinarsPage" name="Test_If_The_RecentCreated_SimulatedLiveWebinar_RunOnce_Appear_At_AllWebinarsPage" time="12.240"/>
  <system-out/>
  <testcase classname="Webinars.aaa0028AddNewBelmontTemplate_SimulatedLiveWebinar_GoesTo_AllWebinarsPage" name="Test_If_The_RecentCreated_SimulatedLiveWebinar_RunOnce_Has_ManageSimulatedEvent_button_Enabled_CorrectButtonName_ButtonHasIconandWithCorrectIconName" time="0.214"/>
  <system-out/>
  <testcase classname="Webinars.aaa0028AddNewBelmontTemplate_SimulatedLiveWebinar_GoesTo_AllWebinarsPage" name="Test_If_The_RecentCreated_SimulatedLiveWebinar_RunOnce_Has_WebinarLink_Enabled_CorrectLinkText" time="0.143"/>
  <system-out/>
  <testcase classname="Webinars.aaa0028AddNewBelmontTemplate_SimulatedLiveWebinar_GoesTo_AllWebinarsPage" name="Test_If_The_RecentCreated_SimulatedLiveWebinar_RunOnce_Has_EditLink_Enabled_Correctlinktext" time="0.150"/>
  <system-out/>
  <testcase classname="Webinars.aaa0028AddNewBelmontTemplate_SimulatedLiveWebinar_GoesTo_AllWebinarsPage" name="Test_If_The_RecentCreated_SimulatedLiveWebinar_RunOnce_Has_CopyLink_Enabled_Correctlinktext" time="0.145"/>
  <system-out/>
  <testcase classname="Webinars.aaa0028AddNewBelmontTemplate_SimulatedLiveWebinar_GoesTo_AllWebinarsPage" name="Test_If_The_RecentCreated_SimulatedLiveWebinar_RunOnce_Has_DeleteLink_Enabled_Correctlinktext" time="0.145"/>
  <system-out/>
</testsuite> <!-- Webinars.aaa0028AddNewBelmontTemplate_SimulatedLiveWebinar_GoesTo_AllWebinarsPage -->
