<?xml version="1.0" encoding="UTF-8"?>
<!-- Generated by org.testng.reporters.JUnitReportReporter -->
<testsuite hostname="DESKTOP-IHTC1M0" failures="0" tests="1" name="MeetingRooms.joinhostandattendeeIntegrationTesting" time="78.212" errors="0" timestamp="2020-12-04T21:56:20 SGT" skipped="0">
  <testcase classname="MeetingRooms.joinhostandattendeeIntegrationTesting" name="Test_If_AttendeesName_appears_at_HostMeetingRoom_CurrentAttendeesList" time="78.212"/>
  <system-out/>
</testsuite> <!-- MeetingRooms.joinhostandattendeeIntegrationTesting -->
