<?xml version="1.0" encoding="UTF-8"?>
<!-- Generated by org.testng.reporters.JUnitReportReporter -->
<testsuite hostname="DESKTOP-IHTC1M0" failures="0" tests="28" name="MeetingRooms.aaa0005HostWebinarRoom_Logo_BroadcastPortlet_ConferenceInfoTestUI" time="0.000" errors="0" timestamp="2020-12-17T19:49:10 SGT" skipped="28">
  <testcase classname="MeetingRooms.aaa0005HostWebinarRoom_Logo_BroadcastPortlet_ConferenceInfoTestUI" name="Test_If_There_Is_JetWebinar_Logo_Inside_The_Host_WebinarRoom" time="0.000">
    <skipped/>
  </testcase> <!-- Test_If_There_Is_JetWebinar_Logo_Inside_The_Host_WebinarRoom -->
  <system-out/>
  <testcase classname="MeetingRooms.aaa0005HostWebinarRoom_Logo_BroadcastPortlet_ConferenceInfoTestUI" name="Test_if_Correct_JetWebinarLogo_in_HostMeetingRoom" time="0.000">
    <skipped/>
  </testcase> <!-- Test_if_Correct_JetWebinarLogo_in_HostMeetingRoom -->
  <system-out/>
  <testcase classname="MeetingRooms.aaa0005HostWebinarRoom_Logo_BroadcastPortlet_ConferenceInfoTestUI" name="Test_if_BROACASTROOM_videoScreen_Title_is_Present" time="0.000">
    <skipped/>
  </testcase> <!-- Test_if_BROACASTROOM_videoScreen_Title_is_Present -->
  <system-out/>
  <testcase classname="MeetingRooms.aaa0005HostWebinarRoom_Logo_BroadcastPortlet_ConferenceInfoTestUI" name="Test_if_BROACASTROOM_videoScreen_Title_is_textCorrect" time="0.000">
    <skipped/>
  </testcase> <!-- Test_if_BROACASTROOM_videoScreen_Title_is_textCorrect -->
  <system-out/>
  <testcase classname="MeetingRooms.aaa0005HostWebinarRoom_Logo_BroadcastPortlet_ConferenceInfoTestUI" name="Test_if_BROACASTROOM_videoScreen_Title_Icon_is_Present" time="0.000">
    <skipped/>
  </testcase> <!-- Test_if_BROACASTROOM_videoScreen_Title_Icon_is_Present -->
  <system-out/>
  <testcase classname="MeetingRooms.aaa0005HostWebinarRoom_Logo_BroadcastPortlet_ConferenceInfoTestUI" name="Test_if_FullScreen_ButtonIcon_is_Present" time="0.000">
    <skipped/>
  </testcase> <!-- Test_if_FullScreen_ButtonIcon_is_Present -->
  <system-out/>
  <testcase classname="MeetingRooms.aaa0005HostWebinarRoom_Logo_BroadcastPortlet_ConferenceInfoTestUI" name="Test_if_FullScreen_ButtonIcon_is_Enabled" time="0.000">
    <skipped/>
  </testcase> <!-- Test_if_FullScreen_ButtonIcon_is_Enabled -->
  <system-out/>
  <testcase classname="MeetingRooms.aaa0005HostWebinarRoom_Logo_BroadcastPortlet_ConferenceInfoTestUI" name="Test_if_Conference_Info_button_is_Present" time="0.000">
    <skipped/>
  </testcase> <!-- Test_if_Conference_Info_button_is_Present -->
  <system-out/>
  <testcase classname="MeetingRooms.aaa0005HostWebinarRoom_Logo_BroadcastPortlet_ConferenceInfoTestUI" name="Test_if_Conference_Info_button_is_Enabled" time="0.000">
    <skipped/>
  </testcase> <!-- Test_if_Conference_Info_button_is_Enabled -->
  <system-out/>
  <testcase classname="MeetingRooms.aaa0005HostWebinarRoom_Logo_BroadcastPortlet_ConferenceInfoTestUI" name="Test_if_Conference_Info_button_name_is_Present" time="0.000">
    <skipped/>
  </testcase> <!-- Test_if_Conference_Info_button_name_is_Present -->
  <system-out/>
  <testcase classname="MeetingRooms.aaa0005HostWebinarRoom_Logo_BroadcastPortlet_ConferenceInfoTestUI" name="Test_if_Conference_Info_button_Icon_is_Present" time="0.000">
    <skipped/>
  </testcase> <!-- Test_if_Conference_Info_button_Icon_is_Present -->
  <system-out/>
  <testcase classname="MeetingRooms.aaa0005HostWebinarRoom_Logo_BroadcastPortlet_ConferenceInfoTestUI" name="Test_if_Conference_Info_ModalDialog_willLaunch_When_its_button_isClicked" time="0.000">
    <skipped/>
  </testcase> <!-- Test_if_Conference_Info_ModalDialog_willLaunch_When_its_button_isClicked -->
  <system-out/>
  <testcase classname="MeetingRooms.aaa0005HostWebinarRoom_Logo_BroadcastPortlet_ConferenceInfoTestUI" name="Test_if_Conference_Info_ModalDialog_Title_is_Present" time="0.000">
    <skipped/>
  </testcase> <!-- Test_if_Conference_Info_ModalDialog_Title_is_Present -->
  <system-out/>
  <testcase classname="MeetingRooms.aaa0005HostWebinarRoom_Logo_BroadcastPortlet_ConferenceInfoTestUI" name="Test_if_Conference_Info_ModalDialog_Title_is_textCorrect" time="0.000">
    <skipped/>
  </testcase> <!-- Test_if_Conference_Info_ModalDialog_Title_is_textCorrect -->
  <system-out/>
  <testcase classname="MeetingRooms.aaa0005HostWebinarRoom_Logo_BroadcastPortlet_ConferenceInfoTestUI" name="Test_if_Conference_Info_ModalDialog_LabelLink_is_Present" time="0.000">
    <skipped/>
  </testcase> <!-- Test_if_Conference_Info_ModalDialog_LabelLink_is_Present -->
  <system-out/>
  <testcase classname="MeetingRooms.aaa0005HostWebinarRoom_Logo_BroadcastPortlet_ConferenceInfoTestUI" name="Test_if_Conference_Info_ModalDialog_LabelLink_is_textCorrect" time="0.000">
    <skipped/>
  </testcase> <!-- Test_if_Conference_Info_ModalDialog_LabelLink_is_textCorrect -->
  <system-out/>
  <testcase classname="MeetingRooms.aaa0005HostWebinarRoom_Logo_BroadcastPortlet_ConferenceInfoTestUI" name="Test_if_Conference_Info_ModalDialog_ConferenceLink_Inputfield_is_Present" time="0.000">
    <skipped/>
  </testcase> <!-- Test_if_Conference_Info_ModalDialog_ConferenceLink_Inputfield_is_Present -->
  <system-out/>
  <testcase classname="MeetingRooms.aaa0005HostWebinarRoom_Logo_BroadcastPortlet_ConferenceInfoTestUI" name="Test_if_Conference_Info_ModalDialog_ConferenceLink_Inputfield_is_NotEmpty_and_Correct_Link" time="0.000">
    <skipped/>
  </testcase> <!-- Test_if_Conference_Info_ModalDialog_ConferenceLink_Inputfield_is_NotEmpty_and_Correct_Link -->
  <system-out/>
  <testcase classname="MeetingRooms.aaa0005HostWebinarRoom_Logo_BroadcastPortlet_ConferenceInfoTestUI" name="Test_if_Conference_Info_ModalDialog_CloseButton_is_Present" time="0.000">
    <skipped/>
  </testcase> <!-- Test_if_Conference_Info_ModalDialog_CloseButton_is_Present -->
  <system-out/>
  <testcase classname="MeetingRooms.aaa0005HostWebinarRoom_Logo_BroadcastPortlet_ConferenceInfoTestUI" name="Test_if_Conference_Info_ModalDialog_CloseButton_is_Enabled" time="0.000">
    <skipped/>
  </testcase> <!-- Test_if_Conference_Info_ModalDialog_CloseButton_is_Enabled -->
  <system-out/>
  <testcase classname="MeetingRooms.aaa0005HostWebinarRoom_Logo_BroadcastPortlet_ConferenceInfoTestUI" name="Test_if_Conference_Info_ModalDialog_CloseButton_name_is_Correct" time="0.000">
    <skipped/>
  </testcase> <!-- Test_if_Conference_Info_ModalDialog_CloseButton_name_is_Correct -->
  <system-out/>
  <testcase classname="MeetingRooms.aaa0005HostWebinarRoom_Logo_BroadcastPortlet_ConferenceInfoTestUI" name="Test_if_Conference_Info_ModalDialog_CloseButton_is_Clicked_Modal_willClosed" time="0.000">
    <skipped/>
  </testcase> <!-- Test_if_Conference_Info_ModalDialog_CloseButton_is_Clicked_Modal_willClosed -->
  <system-out/>
  <testcase classname="MeetingRooms.aaa0005HostWebinarRoom_Logo_BroadcastPortlet_ConferenceInfoTestUI" name="Test_if_Conference_Info_ModalDialog_xButton_is_Present" time="0.000">
    <skipped/>
  </testcase> <!-- Test_if_Conference_Info_ModalDialog_xButton_is_Present -->
  <system-out/>
  <testcase classname="MeetingRooms.aaa0005HostWebinarRoom_Logo_BroadcastPortlet_ConferenceInfoTestUI" name="Test_if_Conference_Info_ModalDialog_xButton_is_Enabled" time="0.000">
    <skipped/>
  </testcase> <!-- Test_if_Conference_Info_ModalDialog_xButton_is_Enabled -->
  <system-out/>
  <testcase classname="MeetingRooms.aaa0005HostWebinarRoom_Logo_BroadcastPortlet_ConferenceInfoTestUI" name="Test_if_Conference_Info_ModalDialog_xButton_is_Clicked_Modal_willClosed" time="0.000">
    <skipped/>
  </testcase> <!-- Test_if_Conference_Info_ModalDialog_xButton_is_Clicked_Modal_willClosed -->
  <system-out/>
  <testcase classname="MeetingRooms.aaa0005HostWebinarRoom_Logo_BroadcastPortlet_ConferenceInfoTestUI" name="Test_If_BroadcastRoom_Screen_Is_Present" time="0.000">
    <skipped/>
  </testcase> <!-- Test_If_BroadcastRoom_Screen_Is_Present -->
  <system-out/>
  <testcase classname="MeetingRooms.aaa0005HostWebinarRoom_Logo_BroadcastPortlet_ConferenceInfoTestUI" name="Test_If_When_FullscreenIcon_Is_Click_BroadcastRoom_Will_GoFullScreen" time="0.000">
    <skipped/>
  </testcase> <!-- Test_If_When_FullscreenIcon_Is_Click_BroadcastRoom_Will_GoFullScreen -->
  <system-out/>
  <testcase classname="MeetingRooms.aaa0005HostWebinarRoom_Logo_BroadcastPortlet_ConferenceInfoTestUI" name="Test_If_When_FullscreenIcon_Is_Click_BackAgain_BroadcastRoom_Will_GoBackToNormalScreenSize" time="0.000">
    <skipped/>
  </testcase> <!-- Test_If_When_FullscreenIcon_Is_Click_BackAgain_BroadcastRoom_Will_GoBackToNormalScreenSize -->
  <system-out/>
</testsuite> <!-- MeetingRooms.aaa0005HostWebinarRoom_Logo_BroadcastPortlet_ConferenceInfoTestUI -->
