<?xml version="1.0" encoding="UTF-8"?>
<!-- Generated by org.testng.reporters.JUnitReportReporter -->
<testsuite hostname="DESKTOP-IHTC1M0" failures="0" tests="6" name="Login_Home_Page.loginTestScenarios" time="22.700" errors="0" timestamp="2020-12-08T21:19:44 SGT" skipped="0">
  <testcase classname="Login_Home_Page.loginTestScenarios" name="Test_login_without_uname_and_password" time="3.426"/>
  <system-out/>
  <testcase classname="Login_Home_Page.loginTestScenarios" name="Test_login_Enter_Username_Only" time="3.461"/>
  <system-out/>
  <testcase classname="Login_Home_Page.loginTestScenarios" name="Test_login_Enter_Password_Only" time="3.407"/>
  <system-out/>
  <testcase classname="Login_Home_Page.loginTestScenarios" name="Test_login_Enter_Incorrect_Username_and_Password" time="3.493"/>
  <system-out/>
  <testcase classname="Login_Home_Page.loginTestScenarios" name="Test_login_Enter_Correct_Username_Incorrect_Password" time="3.480"/>
  <system-out/>
  <testcase classname="Login_Home_Page.loginTestScenarios" name="Test_login_Enter_Correct_Username_and_Password" time="5.433"/>
  <system-out/>
</testsuite> <!-- Login_Home_Page.loginTestScenarios -->
