<?xml version="1.0" encoding="UTF-8"?>
<!-- Generated by org.testng.reporters.JUnitReportReporter -->
<testsuite hostname="DESKTOP-IHTC1M0" failures="0" tests="8" name="Webinars.aaa0014AddNewWebinarNeGenTemplateInputErrorScenarios" time="146.440" errors="0" timestamp="2020-12-18T22:05:24 SGT" skipped="0">
  <testcase classname="Webinars.aaa0014AddNewWebinarNeGenTemplateInputErrorScenarios" name="Test_If_Attempt_ToAdd_NewWebinar_Without_UserInputData_AlertErrorMessage_Popup" time="146.165"/>
  <system-out/>
  <testcase classname="Webinars.aaa0014AddNewWebinarNeGenTemplateInputErrorScenarios" name="Test_If_Pleaseheck_ErrormessageText_Is_Correct" time="0.058"/>
  <system-out/>
  <testcase classname="Webinars.aaa0014AddNewWebinarNeGenTemplateInputErrorScenarios" name="Test_If_Pleaseheck_ErrormessageText_Color_Is_Correct" time="0.034"/>
  <system-out/>
  <testcase classname="Webinars.aaa0014AddNewWebinarNeGenTemplateInputErrorScenarios" name="Test_If_Pleasecheck_ErrormessageText_BackgroundColor_Is_Correct" time="0.035"/>
  <system-out/>
  <testcase classname="Webinars.aaa0014AddNewWebinarNeGenTemplateInputErrorScenarios" name="Test_If_Webinar_URL_TextColor_Is_Correct" time="0.036"/>
  <system-out/>
  <testcase classname="Webinars.aaa0014AddNewWebinarNeGenTemplateInputErrorScenarios" name="Test_If_Webinar_URL_InputfieldLabel_TextColor_Is_Correct" time="0.038"/>
  <system-out/>
  <testcase classname="Webinars.aaa0014AddNewWebinarNeGenTemplateInputErrorScenarios" name="Test_If_Webinar_Title_InputfieldLabel_TextColor_Is_Correct" time="0.036"/>
  <system-out/>
  <testcase classname="Webinars.aaa0014AddNewWebinarNeGenTemplateInputErrorScenarios" name="Test_If_EventTimezone_InputfieldLabel_TextColor_Is_Correct" time="0.038"/>
  <system-out/>
</testsuite> <!-- Webinars.aaa0014AddNewWebinarNeGenTemplateInputErrorScenarios -->
