<?xml version="1.0" encoding="UTF-8"?>
<!-- Generated by org.testng.reporters.JUnitReportReporter -->
<testsuite hostname="DESKTOP-IHTC1M0" failures="0" tests="7" name="Webinars.aaa0041AddNewLagunaTemplate_SimulatedLiveWebinar_RunHourly_GoesTo_AllWebinarsPage" time="37.368" errors="0" timestamp="2020-12-22T00:18:21 SGT" skipped="0">
  <testcase classname="Webinars.aaa0041AddNewLagunaTemplate_SimulatedLiveWebinar_RunHourly_GoesTo_AllWebinarsPage" name="Test_If_AddNew_SimulatedLiveWebinar_RunHourly_IT_GoesToCorrectpath" time="29.783"/>
  <system-out/>
  <testcase classname="Webinars.aaa0041AddNewLagunaTemplate_SimulatedLiveWebinar_RunHourly_GoesTo_AllWebinarsPage" name="Test_If_The_RecentCreated_SimulatedLiveWebinar_RunHourly_Appear_At_AllWebinarsPage" time="6.766"/>
  <system-out/>
  <testcase classname="Webinars.aaa0041AddNewLagunaTemplate_SimulatedLiveWebinar_RunHourly_GoesTo_AllWebinarsPage" name="Test_If_The_RecentCreated_SimulatedLiveWebinar_RunHourly_Has_ManageSimulatedEvent_button_Enabled_CorrectButtonName_ButtonHasIconandWithCorrectIconName" time="0.253"/>
  <system-out/>
  <testcase classname="Webinars.aaa0041AddNewLagunaTemplate_SimulatedLiveWebinar_RunHourly_GoesTo_AllWebinarsPage" name="Test_If_The_RecentCreated_SimulatedLiveWebinar_RunHourly_Has_WebinarLink_Enabled_CorrectLinkText" time="0.141"/>
  <system-out/>
  <testcase classname="Webinars.aaa0041AddNewLagunaTemplate_SimulatedLiveWebinar_RunHourly_GoesTo_AllWebinarsPage" name="Test_If_The_RecentCreated_SimulatedLiveWebinar_RunHourly_Has_EditLink_Enabled_Correctlinktext" time="0.147"/>
  <system-out/>
  <testcase classname="Webinars.aaa0041AddNewLagunaTemplate_SimulatedLiveWebinar_RunHourly_GoesTo_AllWebinarsPage" name="Test_If_The_RecentCreated_SimulatedLiveWebinar_RunHourly_Has_CopyLink_Enabled_Correctlinktext" time="0.136"/>
  <system-out/>
  <testcase classname="Webinars.aaa0041AddNewLagunaTemplate_SimulatedLiveWebinar_RunHourly_GoesTo_AllWebinarsPage" name="Test_If_The_RecentCreated_SimulatedLiveWebinar_RunHourly_Has_DeleteLink_Enabled_Correctlinktext" time="0.142"/>
  <system-out/>
</testsuite> <!-- Webinars.aaa0041AddNewLagunaTemplate_SimulatedLiveWebinar_RunHourly_GoesTo_AllWebinarsPage -->
