<?xml version="1.0" encoding="UTF-8"?>
<!-- Generated by org.testng.reporters.JUnitReportReporter -->
<testsuite hostname="DESKTOP-IHTC1M0" failures="0" tests="6" name="Login_Home_Page.aaa0002loginTestScenarios" time="0.000" errors="0" timestamp="2020-12-17T19:49:10 SGT" skipped="6">
  <testcase classname="Login_Home_Page.aaa0002loginTestScenarios" name="Test_login_without_uname_and_password" time="0.000">
    <skipped/>
  </testcase> <!-- Test_login_without_uname_and_password -->
  <system-out/>
  <testcase classname="Login_Home_Page.aaa0002loginTestScenarios" name="Test_login_Enter_Username_Only" time="0.000">
    <skipped/>
  </testcase> <!-- Test_login_Enter_Username_Only -->
  <system-out/>
  <testcase classname="Login_Home_Page.aaa0002loginTestScenarios" name="Test_login_Enter_Password_Only" time="0.000">
    <skipped/>
  </testcase> <!-- Test_login_Enter_Password_Only -->
  <system-out/>
  <testcase classname="Login_Home_Page.aaa0002loginTestScenarios" name="Test_login_Enter_Incorrect_Username_and_Password" time="0.000">
    <skipped/>
  </testcase> <!-- Test_login_Enter_Incorrect_Username_and_Password -->
  <system-out/>
  <testcase classname="Login_Home_Page.aaa0002loginTestScenarios" name="Test_login_Enter_Correct_Username_Incorrect_Password" time="0.000">
    <skipped/>
  </testcase> <!-- Test_login_Enter_Correct_Username_Incorrect_Password -->
  <system-out/>
  <testcase classname="Login_Home_Page.aaa0002loginTestScenarios" name="Test_login_Enter_Correct_Username_and_Password" time="0.000">
    <skipped/>
  </testcase> <!-- Test_login_Enter_Correct_Username_and_Password -->
  <system-out/>
</testsuite> <!-- Login_Home_Page.aaa0002loginTestScenarios -->
