<?xml version="1.0" encoding="UTF-8"?>
<!-- Generated by org.testng.reporters.JUnitReportReporter -->
<testsuite hostname="LAPTOP-ESEL78H9" failures="0" tests="1" name="forgotPassword.runTestforgotpasswordUI" time="6.157" errors="0" timestamp="2020-09-26T23:55:42 PST" skipped="0">
  <testcase classname="forgotPassword.runTestforgotpasswordUI" name="Testforgotpasswordsubtitle" time="6.157"/>
  <system-out/>
</testsuite> <!-- forgotPassword.runTestforgotpasswordUI -->
