<?xml version="1.0" encoding="UTF-8"?>
<!-- Generated by org.testng.reporters.JUnitReportReporter -->
<testsuite skipped="0" hostname="LAPTOP-ESEL78H9" name="MeetingRooms.runTestMeetingRoomsPage" tests="4" failures="0" timestamp="2020-09-30T19:24:52 SGT" time="18.340" errors="0">
  <testcase name="Test_If_There_Is_MeetingRooms_Menu_Button_Exist" time="6.080" classname="MeetingRooms.runTestMeetingRoomsPage"/>
  <system-out/>
  <testcase name="Test_If_Correct_URL_Destination_AND_PageElements_Exist" time="9.660" classname="MeetingRooms.runTestMeetingRoomsPage"/>
  <system-out/>
  <testcase name="Test_If_Correct_URL_Destination_When_Clicked_ADDNEW_Button" time="2.464" classname="MeetingRooms.runTestMeetingRoomsPage"/>
  <system-out/>
  <testcase name="Test_If_Attempt_To_Login_Without_userData_Input" time="0.136" classname="MeetingRooms.runTestMeetingRoomsPage"/>
  <system-out/>
</testsuite> <!-- MeetingRooms.runTestMeetingRoomsPage -->
