<?xml version="1.0" encoding="UTF-8"?>
<!-- Generated by org.testng.reporters.JUnitReportReporter -->
<testsuite hostname="DESKTOP-IHTC1M0" failures="0" tests="16" name="Webinars.aaa0043AddNewWebinarMesaTemplate_SimulatedLiveWebinar_RunRecurring" time="285.447" errors="0" timestamp="2020-12-23T17:37:08 SGT" skipped="0">
  <testcase classname="Webinars.aaa0043AddNewWebinarMesaTemplate_SimulatedLiveWebinar_RunRecurring" name="Test_If_AddNew_SimulatedLiveWebinar_When_Selecting_RunHourly_SetWeekdayTime_and_AddAnotherTime_Elements_Emerges" time="37.209"/>
  <system-out/>
  <testcase classname="Webinars.aaa0043AddNewWebinarMesaTemplate_SimulatedLiveWebinar_RunRecurring" name="Test_ChooseaWeekDay_SelectionMenu_Has_Submenus" time="3.029"/>
  <system-out/>
  <testcase classname="Webinars.aaa0043AddNewWebinarMesaTemplate_SimulatedLiveWebinar_RunRecurring" name="Test_When_host_SelectDay_Sunday_SetTimeInputfield_With_Closebutton_Emerges" time="2.594"/>
  <system-out/>
  <testcase classname="Webinars.aaa0043AddNewWebinarMesaTemplate_SimulatedLiveWebinar_RunRecurring" name="Test_When_host_SelectDay_Monday_SetTimeInputfield_With_Closebutton_Emerges" time="2.532"/>
  <system-out/>
  <testcase classname="Webinars.aaa0043AddNewWebinarMesaTemplate_SimulatedLiveWebinar_RunRecurring" name="Test_When_host_SelectDay_Tuesday_SetTimeInputfield_With_Closebutton_Emerges" time="2.822"/>
  <system-out/>
  <testcase classname="Webinars.aaa0043AddNewWebinarMesaTemplate_SimulatedLiveWebinar_RunRecurring" name="Test_When_host_SelectDay_Wednesday_SetTimeInputfield_With_Closebutton_Emerges" time="3.287"/>
  <system-out/>
  <testcase classname="Webinars.aaa0043AddNewWebinarMesaTemplate_SimulatedLiveWebinar_RunRecurring" name="Test_When_host_SelectDay_Thursday_SetTimeInputfield_With_Closebutton_Emerges" time="3.473"/>
  <system-out/>
  <testcase classname="Webinars.aaa0043AddNewWebinarMesaTemplate_SimulatedLiveWebinar_RunRecurring" name="Test_When_host_SelectDay_Friday_SetTimeInputfield_With_Closebutton_Emerges" time="2.603"/>
  <system-out/>
  <testcase classname="Webinars.aaa0043AddNewWebinarMesaTemplate_SimulatedLiveWebinar_RunRecurring" name="Test_When_host_SelectDay_Saturday_SetTimeInputfield_With_Closebutton_Emerges" time="2.620"/>
  <system-out/>
  <testcase classname="Webinars.aaa0043AddNewWebinarMesaTemplate_SimulatedLiveWebinar_RunRecurring" name="Test_Adding_Multiple_SeTimerPerDay_OnSaturday" time="30.284"/>
  <system-out/>
  <testcase classname="Webinars.aaa0043AddNewWebinarMesaTemplate_SimulatedLiveWebinar_RunRecurring" name="Test_Adding_Multiple_SeTimerPerDay_OnSunday" time="32.653"/>
  <system-out/>
  <testcase classname="Webinars.aaa0043AddNewWebinarMesaTemplate_SimulatedLiveWebinar_RunRecurring" name="Test_Adding_Multiple_SeTimerPerDay_OnMonday" time="32.500"/>
  <system-out/>
  <testcase classname="Webinars.aaa0043AddNewWebinarMesaTemplate_SimulatedLiveWebinar_RunRecurring" name="Test_Adding_Multiple_SeTimerPerDay_OnTuesday" time="32.520"/>
  <system-out/>
  <testcase classname="Webinars.aaa0043AddNewWebinarMesaTemplate_SimulatedLiveWebinar_RunRecurring" name="Test_Adding_Multiple_SeTimerPerDay_OnWednesday" time="32.369"/>
  <system-out/>
  <testcase classname="Webinars.aaa0043AddNewWebinarMesaTemplate_SimulatedLiveWebinar_RunRecurring" name="Test_Adding_Multiple_SeTimerPerDay_OnThrusday" time="32.492"/>
  <system-out/>
  <testcase classname="Webinars.aaa0043AddNewWebinarMesaTemplate_SimulatedLiveWebinar_RunRecurring" name="Test_Adding_Multiple_SeTimerPerDay_OnFriday" time="32.460"/>
  <system-out/>
</testsuite> <!-- Webinars.aaa0043AddNewWebinarMesaTemplate_SimulatedLiveWebinar_RunRecurring -->
