<?xml version="1.0" encoding="UTF-8"?>
<!-- Generated by org.testng.reporters.JUnitReportReporter -->
<testsuite hostname="DESKTOP-IHTC1M0" failures="0" tests="8" name="Webinars.aaa0010AddNewWebinarAdelineTemplateInputErrorScenarios" time="42.802" errors="0" timestamp="2020-12-18T21:35:35 SGT" skipped="0">
  <testcase classname="Webinars.aaa0010AddNewWebinarAdelineTemplateInputErrorScenarios" name="Test_If_Attempt_ToAdd_NewWebinar_Without_UserInputData_AlertErrorMessage_Popup" time="42.503"/>
  <system-out/>
  <testcase classname="Webinars.aaa0010AddNewWebinarAdelineTemplateInputErrorScenarios" name="Test_If_Pleaseheck_ErrormessageText_Is_Correct" time="0.062"/>
  <system-out/>
  <testcase classname="Webinars.aaa0010AddNewWebinarAdelineTemplateInputErrorScenarios" name="Test_If_Pleaseheck_ErrormessageText_Color_Is_Correct" time="0.034"/>
  <system-out/>
  <testcase classname="Webinars.aaa0010AddNewWebinarAdelineTemplateInputErrorScenarios" name="Test_If_Pleasecheck_ErrormessageText_BackgroundColor_Is_Correct" time="0.033"/>
  <system-out/>
  <testcase classname="Webinars.aaa0010AddNewWebinarAdelineTemplateInputErrorScenarios" name="Test_If_Webinar_URL_TextColor_Is_Correct" time="0.038"/>
  <system-out/>
  <testcase classname="Webinars.aaa0010AddNewWebinarAdelineTemplateInputErrorScenarios" name="Test_If_Webinar_URL_InputfieldLabel_TextColor_Is_Correct" time="0.040"/>
  <system-out/>
  <testcase classname="Webinars.aaa0010AddNewWebinarAdelineTemplateInputErrorScenarios" name="Test_If_Webinar_Title_InputfieldLabel_TextColor_Is_Correct" time="0.046"/>
  <system-out/>
  <testcase classname="Webinars.aaa0010AddNewWebinarAdelineTemplateInputErrorScenarios" name="Test_If_EventTimezone_InputfieldLabel_TextColor_Is_Correct" time="0.046"/>
  <system-out/>
</testsuite> <!-- Webinars.aaa0010AddNewWebinarAdelineTemplateInputErrorScenarios -->
