<?xml version="1.0" encoding="UTF-8"?>
<!-- Generated by org.testng.reporters.JUnitReportReporter -->
<testsuite hostname="DESKTOP-IHTC1M0" failures="0" tests="7" name="Webinars.aaa0039AddNewChicagoTemplate_SimulatedLiveWebinar_RunHourly_GoesTo_AllWebinarsPage" time="34.063" errors="0" timestamp="2020-12-22T00:14:16 SGT" skipped="0">
  <testcase classname="Webinars.aaa0039AddNewChicagoTemplate_SimulatedLiveWebinar_RunHourly_GoesTo_AllWebinarsPage" name="Test_If_AddNew_SimulatedLiveWebinar_RunHourly_IT_GoesToCorrectpath" time="27.347"/>
  <system-out/>
  <testcase classname="Webinars.aaa0039AddNewChicagoTemplate_SimulatedLiveWebinar_RunHourly_GoesTo_AllWebinarsPage" name="Test_If_The_RecentCreated_SimulatedLiveWebinar_RunHourly_Appear_At_AllWebinarsPage" time="5.809"/>
  <system-out/>
  <testcase classname="Webinars.aaa0039AddNewChicagoTemplate_SimulatedLiveWebinar_RunHourly_GoesTo_AllWebinarsPage" name="Test_If_The_RecentCreated_SimulatedLiveWebinar_RunHourly_Has_ManageSimulatedEvent_button_Enabled_CorrectButtonName_ButtonHasIconandWithCorrectIconName" time="0.262"/>
  <system-out/>
  <testcase classname="Webinars.aaa0039AddNewChicagoTemplate_SimulatedLiveWebinar_RunHourly_GoesTo_AllWebinarsPage" name="Test_If_The_RecentCreated_SimulatedLiveWebinar_RunHourly_Has_WebinarLink_Enabled_CorrectLinkText" time="0.168"/>
  <system-out/>
  <testcase classname="Webinars.aaa0039AddNewChicagoTemplate_SimulatedLiveWebinar_RunHourly_GoesTo_AllWebinarsPage" name="Test_If_The_RecentCreated_SimulatedLiveWebinar_RunHourly_Has_EditLink_Enabled_Correctlinktext" time="0.148"/>
  <system-out/>
  <testcase classname="Webinars.aaa0039AddNewChicagoTemplate_SimulatedLiveWebinar_RunHourly_GoesTo_AllWebinarsPage" name="Test_If_The_RecentCreated_SimulatedLiveWebinar_RunHourly_Has_CopyLink_Enabled_Correctlinktext" time="0.178"/>
  <system-out/>
  <testcase classname="Webinars.aaa0039AddNewChicagoTemplate_SimulatedLiveWebinar_RunHourly_GoesTo_AllWebinarsPage" name="Test_If_The_RecentCreated_SimulatedLiveWebinar_RunHourly_Has_DeleteLink_Enabled_Correctlinktext" time="0.151"/>
  <system-out/>
</testsuite> <!-- Webinars.aaa0039AddNewChicagoTemplate_SimulatedLiveWebinar_RunHourly_GoesTo_AllWebinarsPage -->
