<?xml version="1.0" encoding="UTF-8"?>
<!-- Generated by org.testng.reporters.JUnitReportReporter -->
<testsuite hostname="DESKTOP-IHTC1M0" failures="0" tests="16" name="Webinars.aaa0044AddNewWebinarBelmontTemplate_SimulatedLiveWebinar_RunRecurring" time="291.712" errors="0" timestamp="2020-12-23T17:44:08 SGT" skipped="0">
  <testcase classname="Webinars.aaa0044AddNewWebinarBelmontTemplate_SimulatedLiveWebinar_RunRecurring" name="Test_If_AddNew_SimulatedLiveWebinar_When_Selecting_RunHourly_SetWeekdayTime_and_AddAnotherTime_Elements_Emerges" time="45.498"/>
  <system-out/>
  <testcase classname="Webinars.aaa0044AddNewWebinarBelmontTemplate_SimulatedLiveWebinar_RunRecurring" name="Test_ChooseaWeekDay_SelectionMenu_Has_Submenus" time="3.006"/>
  <system-out/>
  <testcase classname="Webinars.aaa0044AddNewWebinarBelmontTemplate_SimulatedLiveWebinar_RunRecurring" name="Test_When_host_SelectDay_Sunday_SetTimeInputfield_With_Closebutton_Emerges" time="2.549"/>
  <system-out/>
  <testcase classname="Webinars.aaa0044AddNewWebinarBelmontTemplate_SimulatedLiveWebinar_RunRecurring" name="Test_When_host_SelectDay_Monday_SetTimeInputfield_With_Closebutton_Emerges" time="2.485"/>
  <system-out/>
  <testcase classname="Webinars.aaa0044AddNewWebinarBelmontTemplate_SimulatedLiveWebinar_RunRecurring" name="Test_When_host_SelectDay_Tuesday_SetTimeInputfield_With_Closebutton_Emerges" time="2.629"/>
  <system-out/>
  <testcase classname="Webinars.aaa0044AddNewWebinarBelmontTemplate_SimulatedLiveWebinar_RunRecurring" name="Test_When_host_SelectDay_Wednesday_SetTimeInputfield_With_Closebutton_Emerges" time="2.492"/>
  <system-out/>
  <testcase classname="Webinars.aaa0044AddNewWebinarBelmontTemplate_SimulatedLiveWebinar_RunRecurring" name="Test_When_host_SelectDay_Thursday_SetTimeInputfield_With_Closebutton_Emerges" time="2.485"/>
  <system-out/>
  <testcase classname="Webinars.aaa0044AddNewWebinarBelmontTemplate_SimulatedLiveWebinar_RunRecurring" name="Test_When_host_SelectDay_Friday_SetTimeInputfield_With_Closebutton_Emerges" time="2.567"/>
  <system-out/>
  <testcase classname="Webinars.aaa0044AddNewWebinarBelmontTemplate_SimulatedLiveWebinar_RunRecurring" name="Test_When_host_SelectDay_Saturday_SetTimeInputfield_With_Closebutton_Emerges" time="2.595"/>
  <system-out/>
  <testcase classname="Webinars.aaa0044AddNewWebinarBelmontTemplate_SimulatedLiveWebinar_RunRecurring" name="Test_Adding_Multiple_SeTimerPerDay_OnSaturday" time="30.427"/>
  <system-out/>
  <testcase classname="Webinars.aaa0044AddNewWebinarBelmontTemplate_SimulatedLiveWebinar_RunRecurring" name="Test_Adding_Multiple_SeTimerPerDay_OnSunday" time="32.448"/>
  <system-out/>
  <testcase classname="Webinars.aaa0044AddNewWebinarBelmontTemplate_SimulatedLiveWebinar_RunRecurring" name="Test_Adding_Multiple_SeTimerPerDay_OnMonday" time="32.486"/>
  <system-out/>
  <testcase classname="Webinars.aaa0044AddNewWebinarBelmontTemplate_SimulatedLiveWebinar_RunRecurring" name="Test_Adding_Multiple_SeTimerPerDay_OnTuesday" time="32.460"/>
  <system-out/>
  <testcase classname="Webinars.aaa0044AddNewWebinarBelmontTemplate_SimulatedLiveWebinar_RunRecurring" name="Test_Adding_Multiple_SeTimerPerDay_OnWednesday" time="32.444"/>
  <system-out/>
  <testcase classname="Webinars.aaa0044AddNewWebinarBelmontTemplate_SimulatedLiveWebinar_RunRecurring" name="Test_Adding_Multiple_SeTimerPerDay_OnThrusday" time="32.544"/>
  <system-out/>
  <testcase classname="Webinars.aaa0044AddNewWebinarBelmontTemplate_SimulatedLiveWebinar_RunRecurring" name="Test_Adding_Multiple_SeTimerPerDay_OnFriday" time="32.597"/>
  <system-out/>
</testsuite> <!-- Webinars.aaa0044AddNewWebinarBelmontTemplate_SimulatedLiveWebinar_RunRecurring -->
