<?xml version="1.0" encoding="UTF-8"?>
<!-- Generated by org.testng.reporters.JUnitReportReporter -->
<testsuite hostname="DESKTOP-IHTC1M0" failures="0" tests="75" name="MeetingRooms.HostBroadcastMeetingRoomUITest" time="159.328" errors="0" timestamp="2020-12-04T17:47:18 SGT" skipped="0">
  <testcase classname="MeetingRooms.HostBroadcastMeetingRoomUITest" name="Test_if_StartMeetingRoom_modalDialog_willLaunch_when_StartMeetingNow_button_is_clicked" time="22.564"/>
  <system-out/>
  <testcase classname="MeetingRooms.HostBroadcastMeetingRoomUITest" name="Test_Start_Meeting_Room_modalDialog_Title_is_Present" time="0.056"/>
  <system-out/>
  <testcase classname="MeetingRooms.HostBroadcastMeetingRoomUITest" name="Test_Start_Meeting_Room_modalDialog_Title_is_textCorrect" time="0.054"/>
  <system-out/>
  <testcase classname="MeetingRooms.HostBroadcastMeetingRoomUITest" name="Test_Start_Meeting_Room_modalDialog_questionText_is_Present" time="0.049"/>
  <system-out/>
  <testcase classname="MeetingRooms.HostBroadcastMeetingRoomUITest" name="Test_Start_Meeting_Room_modalDialog_questionText_is_textCorrect" time="0.049"/>
  <system-out/>
  <testcase classname="MeetingRooms.HostBroadcastMeetingRoomUITest" name="Test_Start_Meeting_Room_modalDialog_CancelButton_is_Present" time="0.049"/>
  <system-out/>
  <testcase classname="MeetingRooms.HostBroadcastMeetingRoomUITest" name="Test_Start_Meeting_Room_modalDialog_CancelButton_is_Enabled" time="0.033"/>
  <system-out/>
  <testcase classname="MeetingRooms.HostBroadcastMeetingRoomUITest" name="Test_Start_Meeting_Room_modalDialog_CancelButton_name_is_Correct" time="0.080"/>
  <system-out/>
  <testcase classname="MeetingRooms.HostBroadcastMeetingRoomUITest" name="Test_Start_Meeting_Room_modalDialog_STARTMEETINGButton_is_Present" time="0.044"/>
  <system-out/>
  <testcase classname="MeetingRooms.HostBroadcastMeetingRoomUITest" name="Test_Start_Meeting_Room_modalDialog_STARTMEETINGButton_is_Enabled" time="0.033"/>
  <system-out/>
  <testcase classname="MeetingRooms.HostBroadcastMeetingRoomUITest" name="Test_Start_Meeting_Room_modalDialog_STARTMEETINGButton_name_is_Correct" time="0.084"/>
  <system-out/>
  <testcase classname="MeetingRooms.HostBroadcastMeetingRoomUITest" name="Test_if_Click_cancelButton_will_close_StartMeetingRoomModalDialog" time="12.284"/>
  <system-out/>
  <testcase classname="MeetingRooms.HostBroadcastMeetingRoomUITest" name="Test_if_STARTMEETINGbutton_is_click_HostMeetingRoom_will_launch_next_windowTab" time="7.677"/>
  <system-out/>
  <testcase classname="MeetingRooms.HostBroadcastMeetingRoomUITest" name="Test_if_Correct_URL_in_HostMeetingRoom" time="31.509"/>
  <system-out/>
  <testcase classname="MeetingRooms.HostBroadcastMeetingRoomUITest" name="Test_if_JetWebinarLogo_is_Present_in_HostMeetingRoom" time="0.055"/>
  <system-out/>
  <testcase classname="MeetingRooms.HostBroadcastMeetingRoomUITest" name="Test_if_Correct_JetWebinarLogo_in_HostMeetingRoom" time="0.030"/>
  <system-out/>
  <testcase classname="MeetingRooms.HostBroadcastMeetingRoomUITest" name="Test_if_BROACASTROOM_videoScreen_Title_is_Present" time="0.051"/>
  <system-out/>
  <testcase classname="MeetingRooms.HostBroadcastMeetingRoomUITest" name="Test_if_BROACASTROOM_videoScreen_Title_is_textCorrect" time="0.046"/>
  <system-out/>
  <testcase classname="MeetingRooms.HostBroadcastMeetingRoomUITest" name="Test_if_BROACASTROOM_videoScreen_Icon_is_Present" time="2.035"/>
  <system-out/>
  <testcase classname="MeetingRooms.HostBroadcastMeetingRoomUITest" name="Test_if_FullScreen_ButtonIcon_is_Present" time="2.043"/>
  <system-out/>
  <testcase classname="MeetingRooms.HostBroadcastMeetingRoomUITest" name="Test_if_FullScreen_ButtonIcon_is_Enabled" time="0.030"/>
  <system-out/>
  <testcase classname="MeetingRooms.HostBroadcastMeetingRoomUITest" name="Test_if_Conference_Info_button_is_Present" time="0.043"/>
  <system-out/>
  <testcase classname="MeetingRooms.HostBroadcastMeetingRoomUITest" name="Test_if_Conference_Info_button_is_Enabled" time="0.029"/>
  <system-out/>
  <testcase classname="MeetingRooms.HostBroadcastMeetingRoomUITest" name="Test_if_Conference_Info_button_name_is_Present" time="0.059"/>
  <system-out/>
  <testcase classname="MeetingRooms.HostBroadcastMeetingRoomUITest" name="Test_if_Conference_Info_button_Icon_is_Present" time="2.033"/>
  <system-out/>
  <testcase classname="MeetingRooms.HostBroadcastMeetingRoomUITest" name="Test_if_Conference_Info_ModalDialog_willLaunch_When_its_button_isClicked" time="2.266"/>
  <system-out/>
  <testcase classname="MeetingRooms.HostBroadcastMeetingRoomUITest" name="Test_if_Conference_Info_ModalDialog_Title_is_Present" time="0.046"/>
  <system-out/>
  <testcase classname="MeetingRooms.HostBroadcastMeetingRoomUITest" name="Test_if_Conference_Info_ModalDialog_Title_is_textCorrect" time="0.046"/>
  <system-out/>
  <testcase classname="MeetingRooms.HostBroadcastMeetingRoomUITest" name="Test_if_Conference_Info_ModalDialog_LabelLink_is_Present" time="0.041"/>
  <system-out/>
  <testcase classname="MeetingRooms.HostBroadcastMeetingRoomUITest" name="Test_if_Conference_Info_ModalDialog_LabelLink_is_textCorrect" time="0.046"/>
  <system-out/>
  <testcase classname="MeetingRooms.HostBroadcastMeetingRoomUITest" name="Test_if_Conference_Info_ModalDialog_ConferenceLink_Inputfield_is_Present" time="0.080"/>
  <system-out/>
  <testcase classname="MeetingRooms.HostBroadcastMeetingRoomUITest" name="Test_if_Conference_Info_ModalDialog_ConferenceLink_Inputfield_is_NotEmpty_and_Correct_Link" time="0.061"/>
  <system-out/>
  <testcase classname="MeetingRooms.HostBroadcastMeetingRoomUITest" name="Test_if_Conference_Info_ModalDialog_CloseButton_is_Present" time="0.043"/>
  <system-out/>
  <testcase classname="MeetingRooms.HostBroadcastMeetingRoomUITest" name="Test_if_Conference_Info_ModalDialog_CloseButton_is_Enabled" time="0.031"/>
  <system-out/>
  <testcase classname="MeetingRooms.HostBroadcastMeetingRoomUITest" name="Test_if_Conference_Info_ModalDialog_CloseButton_name_is_Correct" time="0.049"/>
  <system-out/>
  <testcase classname="MeetingRooms.HostBroadcastMeetingRoomUITest" name="Test_if_Conference_Info_ModalDialog_CloseButton_is_Clicked_Modal_willClosed" time="12.238"/>
  <system-out/>
  <testcase classname="MeetingRooms.HostBroadcastMeetingRoomUITest" name="Test_if_Conference_Info_ModalDialog_xButton_is_Present" time="2.239"/>
  <system-out/>
  <testcase classname="MeetingRooms.HostBroadcastMeetingRoomUITest" name="Test_if_Conference_Info_ModalDialog_xButton_is_Enabled" time="0.028"/>
  <system-out/>
  <testcase classname="MeetingRooms.HostBroadcastMeetingRoomUITest" name="Test_if_Conference_Info_ModalDialog_xButton_is_Clicked_Modal_willClosed" time="12.267"/>
  <system-out/>
  <testcase classname="MeetingRooms.HostBroadcastMeetingRoomUITest" name="Test_If_CurrentAttendeesPortlet_is_Present" time="0.045"/>
  <system-out/>
  <testcase classname="MeetingRooms.HostBroadcastMeetingRoomUITest" name="Test_If_CurrentAttendeesPortlet_Title_is_Present" time="0.043"/>
  <system-out/>
  <testcase classname="MeetingRooms.HostBroadcastMeetingRoomUITest" name="Test_If_CurrentAttendeesPortlet_Title_is_textCorrect" time="0.046"/>
  <system-out/>
  <testcase classname="MeetingRooms.HostBroadcastMeetingRoomUITest" name="Test_If_CurrentAttendeesPortlet_Title_Icon_is_Present" time="0.032"/>
  <system-out/>
  <testcase classname="MeetingRooms.HostBroadcastMeetingRoomUITest" name="Test_If_CurrentAttendeesPortlet_HostName_is_Present" time="0.103"/>
  <system-out/>
  <testcase classname="MeetingRooms.HostBroadcastMeetingRoomUITest" name="Test_If_CurrentAttendeesPortlet_HostName_Has_Tagwith_Host_is_Present" time="0.049"/>
  <system-out/>
  <testcase classname="MeetingRooms.HostBroadcastMeetingRoomUITest" name="Test_If_CurrentAttendeesPortlet_HostName_is_Correct_and_Match_in_HostName_AboveUpperRightCorner" time="5.082"/>
  <system-out/>
  <testcase classname="MeetingRooms.HostBroadcastMeetingRoomUITest" name="Test_If_CurrentAttendeesPortlet_Title_TotalCount_IfHostOnly_is_PresentanCorrect" time="2.051"/>
  <system-out/>
  <testcase classname="MeetingRooms.HostBroadcastMeetingRoomUITest" name="Test_If_FindAttendee_InputField_is_Present" time="0.038"/>
  <system-out/>
  <testcase classname="MeetingRooms.HostBroadcastMeetingRoomUITest" name="Test_If_FindAttendee_InputField_is_Enabled" time="0.025"/>
  <system-out/>
  <testcase classname="MeetingRooms.HostBroadcastMeetingRoomUITest" name="Test_If_FindAttendee_InputField_label_is_PresentandCorrect" time="0.025"/>
  <system-out/>
  <testcase classname="MeetingRooms.HostBroadcastMeetingRoomUITest" name="Test_If_Attendeeslist_FullscreenIcon_is_Present" time="0.041"/>
  <system-out/>
  <testcase classname="MeetingRooms.HostBroadcastMeetingRoomUITest" name="Test_If_Attendeeslist_FullscreenIcon_is_Enabled" time="0.025"/>
  <system-out/>
  <testcase classname="MeetingRooms.HostBroadcastMeetingRoomUITest" name="Test_If_When_FullscreenIcon_isClicked_AttendeeslistPortlet_willExpand" time="3.317"/>
  <system-out/>
  <testcase classname="MeetingRooms.HostBroadcastMeetingRoomUITest" name="Test_If_When_Click_Again_FullscreenIcon_Itwillgoback_ToNormalsize" time="13.228"/>
  <system-out/>
  <testcase classname="MeetingRooms.HostBroadcastMeetingRoomUITest" name="Test_If_portletGlobalChat_is_Present" time="3.039"/>
  <system-out/>
  <testcase classname="MeetingRooms.HostBroadcastMeetingRoomUITest" name="Test_If_portletGlobalChat_Title_is_Present" time="0.041"/>
  <system-out/>
  <testcase classname="MeetingRooms.HostBroadcastMeetingRoomUITest" name="Test_If_portletGlobalChat_Title_is_textCorrect" time="0.041"/>
  <system-out/>
  <testcase classname="MeetingRooms.HostBroadcastMeetingRoomUITest" name="Test_If_portletGlobalChat_Title_Icon_is_Present" time="0.033"/>
  <system-out/>
  <testcase classname="MeetingRooms.HostBroadcastMeetingRoomUITest" name="Test_If_portletGlobalChat_NoNewMessageInfo_is_Present" time="0.045"/>
  <system-out/>
  <testcase classname="MeetingRooms.HostBroadcastMeetingRoomUITest" name="Test_If_portletGlobalChat_NoNewMessageInfo_is_textCorrect" time="0.044"/>
  <system-out/>
  <testcase classname="MeetingRooms.HostBroadcastMeetingRoomUITest" name="Test_If_SendaMessageInputfield_is_Present" time="0.040"/>
  <system-out/>
  <testcase classname="MeetingRooms.HostBroadcastMeetingRoomUITest" name="Test_If_SendaMessageInputfield_is_Enabled" time="0.024"/>
  <system-out/>
  <testcase classname="MeetingRooms.HostBroadcastMeetingRoomUITest" name="Test_If_SendaMessageInputfield_is_textCorrect" time="0.026"/>
  <system-out/>
  <testcase classname="MeetingRooms.HostBroadcastMeetingRoomUITest" name="Test_If_SendButton_is_Present" time="0.042"/>
  <system-out/>
  <testcase classname="MeetingRooms.HostBroadcastMeetingRoomUITest" name="Test_If_SendButton_is_Enabled" time="0.031"/>
  <system-out/>
  <testcase classname="MeetingRooms.HostBroadcastMeetingRoomUITest" name="Test_If_SendButton_Name_is_PresentandCorrect" time="0.048"/>
  <system-out/>
  <testcase classname="MeetingRooms.HostBroadcastMeetingRoomUITest" name="Test_If_FullscreenIcon_is_Enabled" time="0.032"/>
  <system-out/>
  <testcase classname="MeetingRooms.HostBroadcastMeetingRoomUITest" name="Test_If_FullscreenIcon_is_Present" time="0.036"/>
  <system-out/>
  <testcase classname="MeetingRooms.HostBroadcastMeetingRoomUITest" name="Test_If_When_FullscreenIcon_isClicked_portletGlobalChat_willExpand" time="3.294"/>
  <system-out/>
  <testcase classname="MeetingRooms.HostBroadcastMeetingRoomUITest" name="Test_If_When_Click_Again_FullscreenIcon_Itwillgoback_ToNormalsizePortletGlobalChat" time="13.247"/>
  <system-out/>
  <testcase classname="MeetingRooms.HostBroadcastMeetingRoomUITest" name="Test_If_ToggleGallerybutton_is_Present" time="0.039"/>
  <system-out/>
  <testcase classname="MeetingRooms.HostBroadcastMeetingRoomUITest" name="Test_If_ToggleGallerybutton_is_Enabled" time="0.024"/>
  <system-out/>
  <testcase classname="MeetingRooms.HostBroadcastMeetingRoomUITest" name="Test_If_ToggleGallerybutton_Icon_is_Present" time="0.028"/>
  <system-out/>
  <testcase classname="MeetingRooms.HostBroadcastMeetingRoomUITest" name="Test_If_ToggleGallerySwitch_ON" time="2.284"/>
  <system-out/>
  <testcase classname="MeetingRooms.HostBroadcastMeetingRoomUITest" name="Test_If_ToggleGallerySwitch_OFF" time="2.240"/>
  <system-out/>
</testsuite> <!-- MeetingRooms.HostBroadcastMeetingRoomUITest -->
