<?xml version="1.0" encoding="UTF-8"?>
<!-- Generated by org.testng.reporters.JUnitReportReporter -->
<testsuite hostname="DESKTOP-IHTC1M0" failures="0" tests="9" name="Webinars.aaa0042AddNewWebinarAdelineTemplate_SimulatedLiveWebinar_RunRecurring_GoesTo_AllWebinarsPage" time="53.378" errors="0" timestamp="2020-12-22T18:53:49 SGT" skipped="0">
  <testcase classname="Webinars.aaa0042AddNewWebinarAdelineTemplate_SimulatedLiveWebinar_RunRecurring_GoesTo_AllWebinarsPage" name="Test_If_AddNew_SimulatedLiveWebinar_RunHourly_IT_GoesToCorrectpath" time="33.188"/>
  <system-out/>
  <testcase classname="Webinars.aaa0042AddNewWebinarAdelineTemplate_SimulatedLiveWebinar_RunRecurring_GoesTo_AllWebinarsPage" name="Test_ChooseaWeekDay_SelectionMenu_Has_Submenus" time="2.914"/>
  <system-out/>
  <testcase classname="Webinars.aaa0042AddNewWebinarAdelineTemplate_SimulatedLiveWebinar_RunRecurring_GoesTo_AllWebinarsPage" name="Test_When_host_SelectDay_Sunday_SetTimeInputfield_With_Closebutton_Emerges" time="2.531"/>
  <system-out/>
  <testcase classname="Webinars.aaa0042AddNewWebinarAdelineTemplate_SimulatedLiveWebinar_RunRecurring_GoesTo_AllWebinarsPage" name="Test_When_host_SelectDay_Monday_SetTimeInputfield_With_Closebutton_Emerges" time="2.437"/>
  <system-out/>
  <testcase classname="Webinars.aaa0042AddNewWebinarAdelineTemplate_SimulatedLiveWebinar_RunRecurring_GoesTo_AllWebinarsPage" name="Test_When_host_SelectDay_Tuesday_SetTimeInputfield_With_Closebutton_Emerges" time="2.455"/>
  <system-out/>
  <testcase classname="Webinars.aaa0042AddNewWebinarAdelineTemplate_SimulatedLiveWebinar_RunRecurring_GoesTo_AllWebinarsPage" name="Test_When_host_SelectDay_Wednesday_SetTimeInputfield_With_Closebutton_Emerges" time="2.475"/>
  <system-out/>
  <testcase classname="Webinars.aaa0042AddNewWebinarAdelineTemplate_SimulatedLiveWebinar_RunRecurring_GoesTo_AllWebinarsPage" name="Test_When_host_SelectDay_Thursday_SetTimeInputfield_With_Closebutton_Emerges" time="2.434"/>
  <system-out/>
  <testcase classname="Webinars.aaa0042AddNewWebinarAdelineTemplate_SimulatedLiveWebinar_RunRecurring_GoesTo_AllWebinarsPage" name="Test_When_host_SelectDay_Friday_SetTimeInputfield_With_Closebutton_Emerges" time="2.459"/>
  <system-out/>
  <testcase classname="Webinars.aaa0042AddNewWebinarAdelineTemplate_SimulatedLiveWebinar_RunRecurring_GoesTo_AllWebinarsPage" name="Test_When_host_SelectDay_Saturday_SetTimeInputfield_With_Closebutton_Emerges" time="2.485"/>
  <system-out/>
</testsuite> <!-- Webinars.aaa0042AddNewWebinarAdelineTemplate_SimulatedLiveWebinar_RunRecurring_GoesTo_AllWebinarsPage -->
