<?xml version="1.0" encoding="UTF-8"?>
<!-- Generated by org.testng.reporters.JUnitReportReporter -->
<testsuite skipped="0" hostname="LAPTOP-ESEL78H9" name="Webinars.runTestAddNewWebinarpageAlertErrorsText" tests="8" failures="0" timestamp="2020-09-29T23:20:29 SGT" time="92.187" errors="0">
  <testcase name="Test_AddNewWebinar_Page_From_AdelineTemplate" time="12.961" classname="Webinars.runTestAddNewWebinarpageAlertErrorsText"/>
  <system-out/>
  <testcase name="Test_AddNewWebinar_Page_From_MesaTemplate" time="9.471" classname="Webinars.runTestAddNewWebinarpageAlertErrorsText"/>
  <system-out/>
  <testcase name="Test_AddNewWebinar_Page_From_BelmontTemplate" time="9.572" classname="Webinars.runTestAddNewWebinarpageAlertErrorsText"/>
  <system-out/>
  <testcase name="Test_AddNewWebinar_Page_From_OakTemplate" time="12.776" classname="Webinars.runTestAddNewWebinarpageAlertErrorsText"/>
  <system-out/>
  <testcase name="Test_AddNewWebinar_Page_From_NexGenTemplate" time="10.944" classname="Webinars.runTestAddNewWebinarpageAlertErrorsText"/>
  <system-out/>
  <testcase name="Test_AddNewWebinar_Page_From_ChicagoTemplate" time="10.979" classname="Webinars.runTestAddNewWebinarpageAlertErrorsText"/>
  <system-out/>
  <testcase name="Test_AddNewWebinar_Page_From_ClarkTemplate" time="14.170" classname="Webinars.runTestAddNewWebinarpageAlertErrorsText"/>
  <system-out/>
  <testcase name="Test_AddNewWebinar_Page_From_LagunaTemplate" time="11.314" classname="Webinars.runTestAddNewWebinarpageAlertErrorsText"/>
  <system-out/>
</testsuite> <!-- Webinars.runTestAddNewWebinarpageAlertErrorsText -->
