<?xml version="1.0" encoding="UTF-8"?>
<!-- Generated by org.testng.reporters.JUnitReportReporter -->
<testsuite hostname="LAPTOP-ESEL78H9" failures="0" tests="8" name="Webinars.webinarsDashboardUITest" time="27.575" errors="0" timestamp="2020-08-14T18:58:28 PST" skipped="0">
  <testcase classname="Webinars.webinarsDashboardUITest" name="TestAddWebinarSubmenuExist" time="3.113"/>
  <system-out/>
  <testcase classname="Webinars.webinarsDashboardUITest" name="TestnotdisabledAddwebinarSubmenu" time="0.019"/>
  <system-out/>
  <testcase classname="Webinars.webinarsDashboardUITest" name="TestAddwebinarpageui" time="9.049"/>
  <system-out/>
  <testcase classname="Webinars.webinarsDashboardUITest" name="Testallwebinaruipage" time="10.250"/>
  <system-out/>
  <testcase classname="Webinars.webinarsDashboardUITest" name="TestAllWebinarSubmenuExist" time="0.025"/>
  <system-out/>
  <testcase classname="Webinars.webinarsDashboardUITest" name="TestnotdisabledAllwebinarSubmenu" time="0.022"/>
  <system-out/>
  <testcase classname="Webinars.webinarsDashboardUITest" name="TestnotdisabledWebinarmenu" time="0.020"/>
  <system-out/>
  <testcase classname="Webinars.webinarsDashboardUITest" name="TestifWebinarmenuExist" time="5.077"/>
  <system-out/>
</testsuite> <!-- Webinars.webinarsDashboardUITest -->
