<?xml version="1.0" encoding="UTF-8"?>
<!-- Generated by org.testng.reporters.JUnitReportReporter -->
<testsuite hostname="DESKTOP-IHTC1M0" failures="0" tests="8" name="Webinars.aaa0015AddNewWebinarChicagoTemplateInputErrorScenarios" time="55.745" errors="0" timestamp="2020-12-18T22:14:27 SGT" skipped="0">
  <testcase classname="Webinars.aaa0015AddNewWebinarChicagoTemplateInputErrorScenarios" name="Test_If_Attempt_ToAdd_NewWebinar_Without_UserInputData_AlertErrorMessage_Popup" time="55.444"/>
  <system-out/>
  <testcase classname="Webinars.aaa0015AddNewWebinarChicagoTemplateInputErrorScenarios" name="Test_If_Pleaseheck_ErrormessageText_Is_Correct" time="0.063"/>
  <system-out/>
  <testcase classname="Webinars.aaa0015AddNewWebinarChicagoTemplateInputErrorScenarios" name="Test_If_Pleaseheck_ErrormessageText_Color_Is_Correct" time="0.036"/>
  <system-out/>
  <testcase classname="Webinars.aaa0015AddNewWebinarChicagoTemplateInputErrorScenarios" name="Test_If_Pleasecheck_ErrormessageText_BackgroundColor_Is_Correct" time="0.038"/>
  <system-out/>
  <testcase classname="Webinars.aaa0015AddNewWebinarChicagoTemplateInputErrorScenarios" name="Test_If_Webinar_URL_TextColor_Is_Correct" time="0.038"/>
  <system-out/>
  <testcase classname="Webinars.aaa0015AddNewWebinarChicagoTemplateInputErrorScenarios" name="Test_If_Webinar_URL_InputfieldLabel_TextColor_Is_Correct" time="0.042"/>
  <system-out/>
  <testcase classname="Webinars.aaa0015AddNewWebinarChicagoTemplateInputErrorScenarios" name="Test_If_Webinar_Title_InputfieldLabel_TextColor_Is_Correct" time="0.044"/>
  <system-out/>
  <testcase classname="Webinars.aaa0015AddNewWebinarChicagoTemplateInputErrorScenarios" name="Test_If_EventTimezone_InputfieldLabel_TextColor_Is_Correct" time="0.040"/>
  <system-out/>
</testsuite> <!-- Webinars.aaa0015AddNewWebinarChicagoTemplateInputErrorScenarios -->
