<?xml version="1.0" encoding="UTF-8"?>
<!-- Generated by org.testng.reporters.JUnitReportReporter -->
<testsuite hostname="DESKTOP-IHTC1M0" failures="0" tests="29" name="Dashboard.JetWebinarLogo_ClosedDashboardPanel_HideMenus_UITest" time="68.335" errors="0" timestamp="2020-11-25T16:57:44 SGT" skipped="0">
  <testcase classname="Dashboard.JetWebinarLogo_ClosedDashboardPanel_HideMenus_UITest" name="Test_if_JetWebinar_Logo_is_Present" time="7.802"/>
  <system-out/>
  <testcase classname="Dashboard.JetWebinarLogo_ClosedDashboardPanel_HideMenus_UITest" name="Test_if_Hamburgerbutton_is_Present" time="0.062"/>
  <system-out/>
  <testcase classname="Dashboard.JetWebinarLogo_ClosedDashboardPanel_HideMenus_UITest" name="Test_if_Hamburgerbutton_is_Enabled" time="0.045"/>
  <system-out/>
  <testcase classname="Dashboard.JetWebinarLogo_ClosedDashboardPanel_HideMenus_UITest" name="Test_if_Only_Home_Icon_is_Visible" time="3.146"/>
  <system-out/>
  <testcase classname="Dashboard.JetWebinarLogo_ClosedDashboardPanel_HideMenus_UITest" name="Test_if_Only_Webinars_Icon_is_Visible_While__Webinarsmenu_is_Hidden" time="0.048"/>
  <system-out/>
  <testcase classname="Dashboard.JetWebinarLogo_ClosedDashboardPanel_HideMenus_UITest" name="Test_if_whenMouseisHover_to_Webinars_submenu_shows_checkAllwebinars" time="4.789"/>
  <system-out/>
  <testcase classname="Dashboard.JetWebinarLogo_ClosedDashboardPanel_HideMenus_UITest" name="Test_if_whenMouseisHover_to_Webinars_submenu_shows_checkAddwebinars" time="4.328"/>
  <system-out/>
  <testcase classname="Dashboard.JetWebinarLogo_ClosedDashboardPanel_HideMenus_UITest" name="Test_if_MessageCentericon_is_visible" time="0.052"/>
  <system-out/>
  <testcase classname="Dashboard.JetWebinarLogo_ClosedDashboardPanel_HideMenus_UITest" name="Test_whenMouseisHover_to_MessageCentericon_menu_shows_checkMessageCenter" time="4.322"/>
  <system-out/>
  <testcase classname="Dashboard.JetWebinarLogo_ClosedDashboardPanel_HideMenus_UITest" name="Test_if_Attendeesicon_is_visible" time="0.041"/>
  <system-out/>
  <testcase classname="Dashboard.JetWebinarLogo_ClosedDashboardPanel_HideMenus_UITest" name="Test_whenMouseisHover_to_Attendeesicon_menu_shows_checkAttendees" time="4.314"/>
  <system-out/>
  <testcase classname="Dashboard.JetWebinarLogo_ClosedDashboardPanel_HideMenus_UITest" name="Test_if_Affiliatesicon_is_visible" time="0.051"/>
  <system-out/>
  <testcase classname="Dashboard.JetWebinarLogo_ClosedDashboardPanel_HideMenus_UITest" name="Test_whenMouseisHover_to_Affiliatesicon_menu_shows_checkAffiliates" time="4.337"/>
  <system-out/>
  <testcase classname="Dashboard.JetWebinarLogo_ClosedDashboardPanel_HideMenus_UITest" name="Test_if_MeetingRoomsicon_is_visible" time="0.061"/>
  <system-out/>
  <testcase classname="Dashboard.JetWebinarLogo_ClosedDashboardPanel_HideMenus_UITest" name="Test_whenMouseisHover_to_MeetingRoomssicon_menu_shows_checkMeetingRooms" time="4.314"/>
  <system-out/>
  <testcase classname="Dashboard.JetWebinarLogo_ClosedDashboardPanel_HideMenus_UITest" name="Test_if_Mediaicon_is_visible" time="0.044"/>
  <system-out/>
  <testcase classname="Dashboard.JetWebinarLogo_ClosedDashboardPanel_HideMenus_UITest" name="Test_whenMouseisHover_to_Mediaicon_menu_shows_checkMedia" time="4.317"/>
  <system-out/>
  <testcase classname="Dashboard.JetWebinarLogo_ClosedDashboardPanel_HideMenus_UITest" name="Test_if_Usersicon_is_visible" time="0.060"/>
  <system-out/>
  <testcase classname="Dashboard.JetWebinarLogo_ClosedDashboardPanel_HideMenus_UITest" name="Test_whenMouseisHover_to_Usersicon_menu_shows_checkUsers" time="4.324"/>
  <system-out/>
  <testcase classname="Dashboard.JetWebinarLogo_ClosedDashboardPanel_HideMenus_UITest" name="Test_if_Settingsicon_is_visible" time="0.043"/>
  <system-out/>
  <testcase classname="Dashboard.JetWebinarLogo_ClosedDashboardPanel_HideMenus_UITest" name="Test_whenMouseisHover_to_Settingsicon_menu_shows_checkSettings" time="4.332"/>
  <system-out/>
  <testcase classname="Dashboard.JetWebinarLogo_ClosedDashboardPanel_HideMenus_UITest" name="Test_if_Subscriptionicon_is_visible" time="0.050"/>
  <system-out/>
  <testcase classname="Dashboard.JetWebinarLogo_ClosedDashboardPanel_HideMenus_UITest" name="Test_whenMouseisHover_to_Subscriptionicon_menu_shows_checkSubscription" time="4.315"/>
  <system-out/>
  <testcase classname="Dashboard.JetWebinarLogo_ClosedDashboardPanel_HideMenus_UITest" name="Test_if_VideoTutorialsicon_is_visible" time="0.078"/>
  <system-out/>
  <testcase classname="Dashboard.JetWebinarLogo_ClosedDashboardPanel_HideMenus_UITest" name="Test_whenMouseisHover_to_VideoTutorialsicon_menu_shows_checkVideoTutorials" time="4.327"/>
  <system-out/>
  <testcase classname="Dashboard.JetWebinarLogo_ClosedDashboardPanel_HideMenus_UITest" name="Test_if_Documentationicon_is_visible" time="0.049"/>
  <system-out/>
  <testcase classname="Dashboard.JetWebinarLogo_ClosedDashboardPanel_HideMenus_UITest" name="Test_whenMouseisHover_to_SubmitSupportTicketicon_menu_shows_checkSubmitSupportTicket" time="4.331"/>
  <system-out/>
  <testcase classname="Dashboard.JetWebinarLogo_ClosedDashboardPanel_HideMenus_UITest" name="Test_whenMouseisHover_to_Documentationicon_menu_shows_checkDocumentation" time="4.312"/>
  <system-out/>
  <testcase classname="Dashboard.JetWebinarLogo_ClosedDashboardPanel_HideMenus_UITest" name="Test_if_SubmitSupportTicketicon_is_visible" time="0.041"/>
  <system-out/>
</testsuite> <!-- Dashboard.JetWebinarLogo_ClosedDashboardPanel_HideMenus_UITest -->
