<?xml version="1.0" encoding="UTF-8"?>
<!-- Generated by org.testng.reporters.JUnitReportReporter -->
<testsuite hostname="DESKTOP-IHTC1M0" failures="0" tests="46" name="Webinars.aaa0002_AddNewWebinarAdelineTemplate" time="24.188" errors="0" timestamp="2020-12-18T00:13:07 SGT" skipped="0">
  <testcase classname="Webinars.aaa0002_AddNewWebinarAdelineTemplate" name="Test_Webinar_Settings_Title_Is_Present" time="17.660"/>
  <system-out/>
  <testcase classname="Webinars.aaa0002_AddNewWebinarAdelineTemplate" name="Test_If_WebinarSettings_Title_Is_Correct" time="0.055"/>
  <system-out/>
  <testcase classname="Webinars.aaa0002_AddNewWebinarAdelineTemplate" name="Test_If_WebinarURL_Title_Input" time="0.055"/>
  <system-out/>
  <testcase classname="Webinars.aaa0002_AddNewWebinarAdelineTemplate" name="Test_If_WebinarURL_Title_Input_Is_Correct" time="0.051"/>
  <system-out/>
  <testcase classname="Webinars.aaa0002_AddNewWebinarAdelineTemplate" name="Test_If_WebinarURL_InputLabel_Is_Present" time="0.050"/>
  <system-out/>
  <testcase classname="Webinars.aaa0002_AddNewWebinarAdelineTemplate" name="Test_If_WebinarURL_InputLabel_Is_Correct" time="0.056"/>
  <system-out/>
  <testcase classname="Webinars.aaa0002_AddNewWebinarAdelineTemplate" name="Test_If_WebinarURL_InputField_Is_Present" time="0.055"/>
  <system-out/>
  <testcase classname="Webinars.aaa0002_AddNewWebinarAdelineTemplate" name="Test_If_WebinarURL_InputField_Is_Enabled" time="0.036"/>
  <system-out/>
  <testcase classname="Webinars.aaa0002_AddNewWebinarAdelineTemplate" name="Test_If_WebinarURL_InputField_PlaceholderText_IsPresentandCorrect" time="0.035"/>
  <system-out/>
  <testcase classname="Webinars.aaa0002_AddNewWebinarAdelineTemplate" name="Test_If_WebinarTitle_Is_Present" time="0.047"/>
  <system-out/>
  <testcase classname="Webinars.aaa0002_AddNewWebinarAdelineTemplate" name="Test_If_WebinarTitle_Is_Correct" time="0.052"/>
  <system-out/>
  <testcase classname="Webinars.aaa0002_AddNewWebinarAdelineTemplate" name="Test_If_WebinarTitle_InputField_Is_Present" time="0.046"/>
  <system-out/>
  <testcase classname="Webinars.aaa0002_AddNewWebinarAdelineTemplate" name="Test_If_WebinarTitle_InputField_Is_Enabled" time="0.037"/>
  <system-out/>
  <testcase classname="Webinars.aaa0002_AddNewWebinarAdelineTemplate" name="Test_If_WebinarTitle_InputField_PlaceholderText_IsPresentandCorrect" time="0.031"/>
  <system-out/>
  <testcase classname="Webinars.aaa0002_AddNewWebinarAdelineTemplate" name="Test_If_EventTimezone_Label_Is_Present" time="0.047"/>
  <system-out/>
  <testcase classname="Webinars.aaa0002_AddNewWebinarAdelineTemplate" name="Test_If_EventTimezone_Label_Is_Correct" time="0.054"/>
  <system-out/>
  <testcase classname="Webinars.aaa0002_AddNewWebinarAdelineTemplate" name="Test_If_EventTimezone_ChooseEventTimezone_Is_Present" time="0.048"/>
  <system-out/>
  <testcase classname="Webinars.aaa0002_AddNewWebinarAdelineTemplate" name="Test_If_EventTimezone_ChooseEventTimezone_Is_Enabled" time="0.031"/>
  <system-out/>
  <testcase classname="Webinars.aaa0002_AddNewWebinarAdelineTemplate" name="Test_If_EventType_Label_Is_Present" time="0.054"/>
  <system-out/>
  <testcase classname="Webinars.aaa0002_AddNewWebinarAdelineTemplate" name="Test_If_EventType_Label_Is_Correct" time="0.052"/>
  <system-out/>
  <testcase classname="Webinars.aaa0002_AddNewWebinarAdelineTemplate" name="Test_If_EventType_EventSelection_Is_Present" time="0.046"/>
  <system-out/>
  <testcase classname="Webinars.aaa0002_AddNewWebinarAdelineTemplate" name="Test_If_EventType_EventSelection_Is_Enabled" time="0.032"/>
  <system-out/>
  <testcase classname="Webinars.aaa0002_AddNewWebinarAdelineTemplate" name="Test_If_When_EventType_EventSelection_Is_Click_ItWill_ShowAvailableSeletions_LiveBroadcast_Is_Present" time="2.296"/>
  <system-out/>
  <testcase classname="Webinars.aaa0002_AddNewWebinarAdelineTemplate" name="Test_If_LiveBroadcast_Is_Enabled" time="0.030"/>
  <system-out/>
  <testcase classname="Webinars.aaa0002_AddNewWebinarAdelineTemplate" name="Test_If_LiveBroadcast_Label_Is_Correct" time="0.045"/>
  <system-out/>
  <testcase classname="Webinars.aaa0002_AddNewWebinarAdelineTemplate" name="Test_If_SimulatedLive_Is_Present" time="0.042"/>
  <system-out/>
  <testcase classname="Webinars.aaa0002_AddNewWebinarAdelineTemplate" name="Test_If_SimulatedLive_Is_Enabled" time="0.032"/>
  <system-out/>
  <testcase classname="Webinars.aaa0002_AddNewWebinarAdelineTemplate" name="Test_If_SimulatedLive_Label_Is_Correct" time="0.043"/>
  <system-out/>
  <testcase classname="Webinars.aaa0002_AddNewWebinarAdelineTemplate" name="Test_If_InstantReplay_Is_Present" time="0.052"/>
  <system-out/>
  <testcase classname="Webinars.aaa0002_AddNewWebinarAdelineTemplate" name="Test_If_InstantReplay_Is_Enabled" time="0.029"/>
  <system-out/>
  <testcase classname="Webinars.aaa0002_AddNewWebinarAdelineTemplate" name="Test_If_InstantReplay_Label_Is_Correct" time="0.049"/>
  <system-out/>
  <testcase classname="Webinars.aaa0002_AddNewWebinarAdelineTemplate" name="Test_If_EventTime_Label_Is_Present" time="0.048"/>
  <system-out/>
  <testcase classname="Webinars.aaa0002_AddNewWebinarAdelineTemplate" name="Test_If_EventTime_Label_Is_Correct" time="0.051"/>
  <system-out/>
  <testcase classname="Webinars.aaa0002_AddNewWebinarAdelineTemplate" name="Test_If_dateInputfield_Is_Present" time="0.046"/>
  <system-out/>
  <testcase classname="Webinars.aaa0002_AddNewWebinarAdelineTemplate" name="Test_If_dateInputfield_Is_Enabled" time="0.031"/>
  <system-out/>
  <testcase classname="Webinars.aaa0002_AddNewWebinarAdelineTemplate" name="Test_If_dateInputIcon_Is_Present" time="0.042"/>
  <system-out/>
  <testcase classname="Webinars.aaa0002_AddNewWebinarAdelineTemplate" name="Test_If_dateInputIcon_Is_Enabled" time="0.029"/>
  <system-out/>
  <testcase classname="Webinars.aaa0002_AddNewWebinarAdelineTemplate" name="Test_If_dateInputIcon_When_Click_ItOpenUp_TheDatePicker" time="2.367"/>
  <system-out/>
  <testcase classname="Webinars.aaa0002_AddNewWebinarAdelineTemplate" name="Test_If_GoBackButton_Is_Present" time="0.042"/>
  <system-out/>
  <testcase classname="Webinars.aaa0002_AddNewWebinarAdelineTemplate" name="Test_If_GoBackButton_Is_Enabled" time="0.031"/>
  <system-out/>
  <testcase classname="Webinars.aaa0002_AddNewWebinarAdelineTemplate" name="Test_If_GoBackButton_Name_Is_Correct" time="0.050"/>
  <system-out/>
  <testcase classname="Webinars.aaa0002_AddNewWebinarAdelineTemplate" name="Test_If_GoBackButton_Icon_Is_PresentandCorrect" time="0.031"/>
  <system-out/>
  <testcase classname="Webinars.aaa0002_AddNewWebinarAdelineTemplate" name="Test_If_AddWebinarButton_Is_Present" time="0.042"/>
  <system-out/>
  <testcase classname="Webinars.aaa0002_AddNewWebinarAdelineTemplate" name="Test_If_AddWebinarButton_Is_Enabled" time="0.034"/>
  <system-out/>
  <testcase classname="Webinars.aaa0002_AddNewWebinarAdelineTemplate" name="Test_If_AddWebinarButton_Name_Is_Correct" time="0.056"/>
  <system-out/>
  <testcase classname="Webinars.aaa0002_AddNewWebinarAdelineTemplate" name="Test_If_AddWebinarButton_Icon_Is_PresentandCorrect" time="0.040"/>
  <system-out/>
</testsuite> <!-- Webinars.aaa0002_AddNewWebinarAdelineTemplate -->
