<?xml version="1.0" encoding="UTF-8"?>
<!-- Generated by org.testng.reporters.JUnitReportReporter -->
<testsuite hostname="DESKTOP-IHTC1M0" failures="0" tests="29" name="Dashboard.JetWebinarLogo_ClosedOpenDashboardPanel_Account_UsernamerRightMenuUITest" time="71.939" errors="0" timestamp="2020-11-11T20:36:02 SGT" skipped="0">
  <testcase classname="Dashboard.JetWebinarLogo_ClosedOpenDashboardPanel_Account_UsernamerRightMenuUITest" name="Test_if_JetWebinar_Logo_is_Present" time="11.312"/>
  <system-out/>
  <testcase classname="Dashboard.JetWebinarLogo_ClosedOpenDashboardPanel_Account_UsernamerRightMenuUITest" name="Test_if_Hamburgerbutton_is_Present" time="0.069"/>
  <system-out/>
  <testcase classname="Dashboard.JetWebinarLogo_ClosedOpenDashboardPanel_Account_UsernamerRightMenuUITest" name="Test_if_Hamburgerbutton_is_Enabled" time="0.034"/>
  <system-out/>
  <testcase classname="Dashboard.JetWebinarLogo_ClosedOpenDashboardPanel_Account_UsernamerRightMenuUITest" name="Test_if_Only_Home_Icon_is_Visible" time="3.191"/>
  <system-out/>
  <testcase classname="Dashboard.JetWebinarLogo_ClosedOpenDashboardPanel_Account_UsernamerRightMenuUITest" name="Test_if_Only_Webinars_Icon_is_Visible_While__Webinarsmenu_is_Hidden" time="0.056"/>
  <system-out/>
  <testcase classname="Dashboard.JetWebinarLogo_ClosedOpenDashboardPanel_Account_UsernamerRightMenuUITest" name="Test_if_whenMouseisHover_to_Webinars_submenu_shows_checkAllwebinars" time="4.583"/>
  <system-out/>
  <testcase classname="Dashboard.JetWebinarLogo_ClosedOpenDashboardPanel_Account_UsernamerRightMenuUITest" name="Test_if_whenMouseisHover_to_Webinars_submenu_shows_checkAddwebinars" time="4.354"/>
  <system-out/>
  <testcase classname="Dashboard.JetWebinarLogo_ClosedOpenDashboardPanel_Account_UsernamerRightMenuUITest" name="Test_if_MessageCentericon_is_visible" time="0.053"/>
  <system-out/>
  <testcase classname="Dashboard.JetWebinarLogo_ClosedOpenDashboardPanel_Account_UsernamerRightMenuUITest" name="Test_whenMouseisHover_to_MessageCentericon_menu_shows_checkMessageCenter" time="4.334"/>
  <system-out/>
  <testcase classname="Dashboard.JetWebinarLogo_ClosedOpenDashboardPanel_Account_UsernamerRightMenuUITest" name="Test_if_Attendeesicon_is_visible" time="0.048"/>
  <system-out/>
  <testcase classname="Dashboard.JetWebinarLogo_ClosedOpenDashboardPanel_Account_UsernamerRightMenuUITest" name="Test_whenMouseisHover_to_Attendeesicon_menu_shows_checkAttendees" time="4.363"/>
  <system-out/>
  <testcase classname="Dashboard.JetWebinarLogo_ClosedOpenDashboardPanel_Account_UsernamerRightMenuUITest" name="Test_if_Affiliatesicon_is_visible" time="0.056"/>
  <system-out/>
  <testcase classname="Dashboard.JetWebinarLogo_ClosedOpenDashboardPanel_Account_UsernamerRightMenuUITest" name="Test_whenMouseisHover_to_Affiliatesicon_menu_shows_checkAffiliates" time="4.346"/>
  <system-out/>
  <testcase classname="Dashboard.JetWebinarLogo_ClosedOpenDashboardPanel_Account_UsernamerRightMenuUITest" name="Test_if_MeetingRoomsicon_is_visible" time="0.052"/>
  <system-out/>
  <testcase classname="Dashboard.JetWebinarLogo_ClosedOpenDashboardPanel_Account_UsernamerRightMenuUITest" name="Test_whenMouseisHover_to_MeetingRoomssicon_menu_shows_checkMeetingRooms" time="4.349"/>
  <system-out/>
  <testcase classname="Dashboard.JetWebinarLogo_ClosedOpenDashboardPanel_Account_UsernamerRightMenuUITest" name="Test_if_Mediaicon_is_visible" time="0.040"/>
  <system-out/>
  <testcase classname="Dashboard.JetWebinarLogo_ClosedOpenDashboardPanel_Account_UsernamerRightMenuUITest" name="Test_whenMouseisHover_to_Mediaicon_menu_shows_checkMedia" time="4.343"/>
  <system-out/>
  <testcase classname="Dashboard.JetWebinarLogo_ClosedOpenDashboardPanel_Account_UsernamerRightMenuUITest" name="Test_if_Usersicon_is_visible" time="0.054"/>
  <system-out/>
  <testcase classname="Dashboard.JetWebinarLogo_ClosedOpenDashboardPanel_Account_UsernamerRightMenuUITest" name="Test_whenMouseisHover_to_Usersicon_menu_shows_checkUsers" time="4.332"/>
  <system-out/>
  <testcase classname="Dashboard.JetWebinarLogo_ClosedOpenDashboardPanel_Account_UsernamerRightMenuUITest" name="Test_if_Settingsicon_is_visible" time="0.041"/>
  <system-out/>
  <testcase classname="Dashboard.JetWebinarLogo_ClosedOpenDashboardPanel_Account_UsernamerRightMenuUITest" name="Test_whenMouseisHover_to_Settingsicon_menu_shows_checkSettings" time="4.329"/>
  <system-out/>
  <testcase classname="Dashboard.JetWebinarLogo_ClosedOpenDashboardPanel_Account_UsernamerRightMenuUITest" name="Test_if_Subscriptionicon_is_visible" time="0.045"/>
  <system-out/>
  <testcase classname="Dashboard.JetWebinarLogo_ClosedOpenDashboardPanel_Account_UsernamerRightMenuUITest" name="Test_whenMouseisHover_to_Subscriptionicon_menu_shows_checkSubscription" time="4.337"/>
  <system-out/>
  <testcase classname="Dashboard.JetWebinarLogo_ClosedOpenDashboardPanel_Account_UsernamerRightMenuUITest" name="Test_if_VideoTutorialsicon_is_visible" time="0.072"/>
  <system-out/>
  <testcase classname="Dashboard.JetWebinarLogo_ClosedOpenDashboardPanel_Account_UsernamerRightMenuUITest" name="Test_whenMouseisHover_to_VideoTutorialsicon_menu_shows_checkVideoTutorials" time="4.349"/>
  <system-out/>
  <testcase classname="Dashboard.JetWebinarLogo_ClosedOpenDashboardPanel_Account_UsernamerRightMenuUITest" name="Test_if_Documentationicon_is_visible" time="0.045"/>
  <system-out/>
  <testcase classname="Dashboard.JetWebinarLogo_ClosedOpenDashboardPanel_Account_UsernamerRightMenuUITest" name="Test_whenMouseisHover_to_SubmitSupportTicketicon_menu_shows_checkSubmitSupportTicket" time="4.374"/>
  <system-out/>
  <testcase classname="Dashboard.JetWebinarLogo_ClosedOpenDashboardPanel_Account_UsernamerRightMenuUITest" name="Test_whenMouseisHover_to_Documentationicon_menu_shows_checkDocumentation" time="4.337"/>
  <system-out/>
  <testcase classname="Dashboard.JetWebinarLogo_ClosedOpenDashboardPanel_Account_UsernamerRightMenuUITest" name="Test_if_SubmitSupportTicketicon_is_visible" time="0.041"/>
  <system-out/>
</testsuite> <!-- Dashboard.JetWebinarLogo_ClosedOpenDashboardPanel_Account_UsernamerRightMenuUITest -->
