<?xml version="1.0" encoding="UTF-8"?>
<!-- Generated by org.testng.reporters.JUnitReportReporter -->
<testsuite hostname="DESKTOP-IHTC1M0" failures="0" tests="16" name="Webinars.aaa0047AddNewWebinarChicagoTemplate_SimulatedLiveWebinar_RunRecurring" time="292.714" errors="0" timestamp="2020-12-23T18:11:52 SGT" skipped="0">
  <testcase classname="Webinars.aaa0047AddNewWebinarChicagoTemplate_SimulatedLiveWebinar_RunRecurring" name="Test_If_AddNew_SimulatedLiveWebinar_When_Selecting_RunHourly_SetWeekdayTime_and_AddAnotherTime_Elements_Emerges" time="44.142"/>
  <system-out/>
  <testcase classname="Webinars.aaa0047AddNewWebinarChicagoTemplate_SimulatedLiveWebinar_RunRecurring" name="Test_ChooseaWeekDay_SelectionMenu_Has_Submenus" time="3.141"/>
  <system-out/>
  <testcase classname="Webinars.aaa0047AddNewWebinarChicagoTemplate_SimulatedLiveWebinar_RunRecurring" name="Test_When_host_SelectDay_Sunday_SetTimeInputfield_With_Closebutton_Emerges" time="2.655"/>
  <system-out/>
  <testcase classname="Webinars.aaa0047AddNewWebinarChicagoTemplate_SimulatedLiveWebinar_RunRecurring" name="Test_When_host_SelectDay_Monday_SetTimeInputfield_With_Closebutton_Emerges" time="2.597"/>
  <system-out/>
  <testcase classname="Webinars.aaa0047AddNewWebinarChicagoTemplate_SimulatedLiveWebinar_RunRecurring" name="Test_When_host_SelectDay_Tuesday_SetTimeInputfield_With_Closebutton_Emerges" time="2.557"/>
  <system-out/>
  <testcase classname="Webinars.aaa0047AddNewWebinarChicagoTemplate_SimulatedLiveWebinar_RunRecurring" name="Test_When_host_SelectDay_Wednesday_SetTimeInputfield_With_Closebutton_Emerges" time="2.586"/>
  <system-out/>
  <testcase classname="Webinars.aaa0047AddNewWebinarChicagoTemplate_SimulatedLiveWebinar_RunRecurring" name="Test_When_host_SelectDay_Thursday_SetTimeInputfield_With_Closebutton_Emerges" time="2.553"/>
  <system-out/>
  <testcase classname="Webinars.aaa0047AddNewWebinarChicagoTemplate_SimulatedLiveWebinar_RunRecurring" name="Test_When_host_SelectDay_Friday_SetTimeInputfield_With_Closebutton_Emerges" time="2.588"/>
  <system-out/>
  <testcase classname="Webinars.aaa0047AddNewWebinarChicagoTemplate_SimulatedLiveWebinar_RunRecurring" name="Test_When_host_SelectDay_Saturday_SetTimeInputfield_With_Closebutton_Emerges" time="2.634"/>
  <system-out/>
  <testcase classname="Webinars.aaa0047AddNewWebinarChicagoTemplate_SimulatedLiveWebinar_RunRecurring" name="Test_Adding_Multiple_SeTimerPerDay_OnSaturday" time="30.472"/>
  <system-out/>
  <testcase classname="Webinars.aaa0047AddNewWebinarChicagoTemplate_SimulatedLiveWebinar_RunRecurring" name="Test_Adding_Multiple_SeTimerPerDay_OnSunday" time="32.605"/>
  <system-out/>
  <testcase classname="Webinars.aaa0047AddNewWebinarChicagoTemplate_SimulatedLiveWebinar_RunRecurring" name="Test_Adding_Multiple_SeTimerPerDay_OnMonday" time="32.902"/>
  <system-out/>
  <testcase classname="Webinars.aaa0047AddNewWebinarChicagoTemplate_SimulatedLiveWebinar_RunRecurring" name="Test_Adding_Multiple_SeTimerPerDay_OnTuesday" time="32.970"/>
  <system-out/>
  <testcase classname="Webinars.aaa0047AddNewWebinarChicagoTemplate_SimulatedLiveWebinar_RunRecurring" name="Test_Adding_Multiple_SeTimerPerDay_OnWednesday" time="32.885"/>
  <system-out/>
  <testcase classname="Webinars.aaa0047AddNewWebinarChicagoTemplate_SimulatedLiveWebinar_RunRecurring" name="Test_Adding_Multiple_SeTimerPerDay_OnThrusday" time="32.807"/>
  <system-out/>
  <testcase classname="Webinars.aaa0047AddNewWebinarChicagoTemplate_SimulatedLiveWebinar_RunRecurring" name="Test_Adding_Multiple_SeTimerPerDay_OnFriday" time="32.620"/>
  <system-out/>
</testsuite> <!-- Webinars.aaa0047AddNewWebinarChicagoTemplate_SimulatedLiveWebinar_RunRecurring -->
