<?xml version="1.0" encoding="UTF-8"?>
<!-- Generated by org.testng.reporters.JUnitReportReporter -->
<testsuite hostname="LAPTOP-ESEL78H9" failures="0" tests="1" name="loginPage.one" time="0.018" errors="0" timestamp="2020-09-20T12:19:30 PST" skipped="0">
  <testcase classname="loginPage.one" name="dispp" time="0.018"/>
  <system-out/>
</testsuite> <!-- loginPage.one -->
