<?xml version="1.0" encoding="UTF-8"?>
<!-- Generated by org.testng.reporters.JUnitReportReporter -->
<testsuite hostname="DESKTOP-IHTC1M0" failures="0" tests="16" name="Webinars.aaa0042AddNewWebinarAdelineTemplate_SimulatedLiveWebinar_RunRecurring" time="269.395" errors="0" timestamp="2020-12-23T00:11:56 SGT" skipped="0">
  <testcase classname="Webinars.aaa0042AddNewWebinarAdelineTemplate_SimulatedLiveWebinar_RunRecurring" name="Test_If_AddNew_SimulatedLiveWebinar_When_Selecting_RunHourly_SetWeekdayTime_and_AddAnotherTime_Elements_Emerges" time="23.203"/>
  <system-out/>
  <testcase classname="Webinars.aaa0042AddNewWebinarAdelineTemplate_SimulatedLiveWebinar_RunRecurring" name="Test_ChooseaWeekDay_SelectionMenu_Has_Submenus" time="3.141"/>
  <system-out/>
  <testcase classname="Webinars.aaa0042AddNewWebinarAdelineTemplate_SimulatedLiveWebinar_RunRecurring" name="Test_When_host_SelectDay_Sunday_SetTimeInputfield_With_Closebutton_Emerges" time="2.555"/>
  <system-out/>
  <testcase classname="Webinars.aaa0042AddNewWebinarAdelineTemplate_SimulatedLiveWebinar_RunRecurring" name="Test_When_host_SelectDay_Monday_SetTimeInputfield_With_Closebutton_Emerges" time="2.554"/>
  <system-out/>
  <testcase classname="Webinars.aaa0042AddNewWebinarAdelineTemplate_SimulatedLiveWebinar_RunRecurring" name="Test_When_host_SelectDay_Tuesday_SetTimeInputfield_With_Closebutton_Emerges" time="2.523"/>
  <system-out/>
  <testcase classname="Webinars.aaa0042AddNewWebinarAdelineTemplate_SimulatedLiveWebinar_RunRecurring" name="Test_When_host_SelectDay_Wednesday_SetTimeInputfield_With_Closebutton_Emerges" time="2.667"/>
  <system-out/>
  <testcase classname="Webinars.aaa0042AddNewWebinarAdelineTemplate_SimulatedLiveWebinar_RunRecurring" name="Test_When_host_SelectDay_Thursday_SetTimeInputfield_With_Closebutton_Emerges" time="2.499"/>
  <system-out/>
  <testcase classname="Webinars.aaa0042AddNewWebinarAdelineTemplate_SimulatedLiveWebinar_RunRecurring" name="Test_When_host_SelectDay_Friday_SetTimeInputfield_With_Closebutton_Emerges" time="2.458"/>
  <system-out/>
  <testcase classname="Webinars.aaa0042AddNewWebinarAdelineTemplate_SimulatedLiveWebinar_RunRecurring" name="Test_When_host_SelectDay_Saturday_SetTimeInputfield_With_Closebutton_Emerges" time="2.522"/>
  <system-out/>
  <testcase classname="Webinars.aaa0042AddNewWebinarAdelineTemplate_SimulatedLiveWebinar_RunRecurring" name="Test_Adding_Multiple_SeTimerPerDay_OnSaturday" time="30.271"/>
  <system-out/>
  <testcase classname="Webinars.aaa0042AddNewWebinarAdelineTemplate_SimulatedLiveWebinar_RunRecurring" name="Test_Adding_Multiple_SeTimerPerDay_OnSunday" time="32.715"/>
  <system-out/>
  <testcase classname="Webinars.aaa0042AddNewWebinarAdelineTemplate_SimulatedLiveWebinar_RunRecurring" name="Test_Adding_Multiple_SeTimerPerDay_OnMonday" time="32.593"/>
  <system-out/>
  <testcase classname="Webinars.aaa0042AddNewWebinarAdelineTemplate_SimulatedLiveWebinar_RunRecurring" name="Test_Adding_Multiple_SeTimerPerDay_OnTuesday" time="32.428"/>
  <system-out/>
  <testcase classname="Webinars.aaa0042AddNewWebinarAdelineTemplate_SimulatedLiveWebinar_RunRecurring" name="Test_Adding_Multiple_SeTimerPerDay_OnWednesday" time="32.366"/>
  <system-out/>
  <testcase classname="Webinars.aaa0042AddNewWebinarAdelineTemplate_SimulatedLiveWebinar_RunRecurring" name="Test_Adding_Multiple_SeTimerPerDay_OnThrusday" time="32.455"/>
  <system-out/>
  <testcase classname="Webinars.aaa0042AddNewWebinarAdelineTemplate_SimulatedLiveWebinar_RunRecurring" name="Test_Adding_Multiple_SeTimerPerDay_OnFriday" time="32.445"/>
  <system-out/>
</testsuite> <!-- Webinars.aaa0042AddNewWebinarAdelineTemplate_SimulatedLiveWebinar_RunRecurring -->
