<?xml version="1.0" encoding="UTF-8"?>
<!-- Generated by org.testng.reporters.JUnitReportReporter -->
<testsuite hostname="DESKTOP-IHTC1M0" failures="0" tests="46" name="Webinars.aaa0009AddNewWebinarLagunaTemplateWebinarSettingsUI" time="26.386" errors="0" timestamp="2020-12-18T00:49:30 SGT" skipped="0">
  <testcase classname="Webinars.aaa0009AddNewWebinarLagunaTemplateWebinarSettingsUI" name="Test_Webinar_Settings_Title_Is_Present" time="18.808"/>
  <system-out/>
  <testcase classname="Webinars.aaa0009AddNewWebinarLagunaTemplateWebinarSettingsUI" name="Test_If_WebinarSettings_Title_Is_Correct" time="0.064"/>
  <system-out/>
  <testcase classname="Webinars.aaa0009AddNewWebinarLagunaTemplateWebinarSettingsUI" name="Test_If_WebinarURL_Title_Input" time="0.058"/>
  <system-out/>
  <testcase classname="Webinars.aaa0009AddNewWebinarLagunaTemplateWebinarSettingsUI" name="Test_If_WebinarURL_Title_Input_Is_Correct" time="0.058"/>
  <system-out/>
  <testcase classname="Webinars.aaa0009AddNewWebinarLagunaTemplateWebinarSettingsUI" name="Test_If_WebinarURL_InputLabel_Is_Present" time="0.055"/>
  <system-out/>
  <testcase classname="Webinars.aaa0009AddNewWebinarLagunaTemplateWebinarSettingsUI" name="Test_If_WebinarURL_InputLabel_Is_Correct" time="0.064"/>
  <system-out/>
  <testcase classname="Webinars.aaa0009AddNewWebinarLagunaTemplateWebinarSettingsUI" name="Test_If_WebinarURL_InputField_Is_Present" time="0.064"/>
  <system-out/>
  <testcase classname="Webinars.aaa0009AddNewWebinarLagunaTemplateWebinarSettingsUI" name="Test_If_WebinarURL_InputField_Is_Enabled" time="0.058"/>
  <system-out/>
  <testcase classname="Webinars.aaa0009AddNewWebinarLagunaTemplateWebinarSettingsUI" name="Test_If_WebinarURL_InputField_PlaceholderText_IsPresentandCorrect" time="0.056"/>
  <system-out/>
  <testcase classname="Webinars.aaa0009AddNewWebinarLagunaTemplateWebinarSettingsUI" name="Test_If_WebinarTitle_Is_Present" time="0.069"/>
  <system-out/>
  <testcase classname="Webinars.aaa0009AddNewWebinarLagunaTemplateWebinarSettingsUI" name="Test_If_WebinarTitle_Is_Correct" time="0.067"/>
  <system-out/>
  <testcase classname="Webinars.aaa0009AddNewWebinarLagunaTemplateWebinarSettingsUI" name="Test_If_WebinarTitle_InputField_Is_Present" time="0.057"/>
  <system-out/>
  <testcase classname="Webinars.aaa0009AddNewWebinarLagunaTemplateWebinarSettingsUI" name="Test_If_WebinarTitle_InputField_Is_Enabled" time="0.037"/>
  <system-out/>
  <testcase classname="Webinars.aaa0009AddNewWebinarLagunaTemplateWebinarSettingsUI" name="Test_If_WebinarTitle_InputField_PlaceholderText_IsPresentandCorrect" time="0.048"/>
  <system-out/>
  <testcase classname="Webinars.aaa0009AddNewWebinarLagunaTemplateWebinarSettingsUI" name="Test_If_EventTimezone_Label_Is_Present" time="0.077"/>
  <system-out/>
  <testcase classname="Webinars.aaa0009AddNewWebinarLagunaTemplateWebinarSettingsUI" name="Test_If_EventTimezone_Label_Is_Correct" time="0.076"/>
  <system-out/>
  <testcase classname="Webinars.aaa0009AddNewWebinarLagunaTemplateWebinarSettingsUI" name="Test_If_EventTimezone_ChooseEventTimezone_Is_Present" time="0.060"/>
  <system-out/>
  <testcase classname="Webinars.aaa0009AddNewWebinarLagunaTemplateWebinarSettingsUI" name="Test_If_EventTimezone_ChooseEventTimezone_Is_Enabled" time="0.040"/>
  <system-out/>
  <testcase classname="Webinars.aaa0009AddNewWebinarLagunaTemplateWebinarSettingsUI" name="Test_If_EventType_Label_Is_Present" time="0.067"/>
  <system-out/>
  <testcase classname="Webinars.aaa0009AddNewWebinarLagunaTemplateWebinarSettingsUI" name="Test_If_EventType_Label_Is_Correct" time="0.112"/>
  <system-out/>
  <testcase classname="Webinars.aaa0009AddNewWebinarLagunaTemplateWebinarSettingsUI" name="Test_If_EventType_EventSelection_Is_Present" time="0.077"/>
  <system-out/>
  <testcase classname="Webinars.aaa0009AddNewWebinarLagunaTemplateWebinarSettingsUI" name="Test_If_EventType_EventSelection_Is_Enabled" time="0.047"/>
  <system-out/>
  <testcase classname="Webinars.aaa0009AddNewWebinarLagunaTemplateWebinarSettingsUI" name="Test_If_When_EventType_EventSelection_Is_Click_ItWill_ShowAvailableSeletions_LiveBroadcast_Is_Present" time="2.470"/>
  <system-out/>
  <testcase classname="Webinars.aaa0009AddNewWebinarLagunaTemplateWebinarSettingsUI" name="Test_If_LiveBroadcast_Is_Enabled" time="0.043"/>
  <system-out/>
  <testcase classname="Webinars.aaa0009AddNewWebinarLagunaTemplateWebinarSettingsUI" name="Test_If_LiveBroadcast_Label_Is_Correct" time="0.068"/>
  <system-out/>
  <testcase classname="Webinars.aaa0009AddNewWebinarLagunaTemplateWebinarSettingsUI" name="Test_If_SimulatedLive_Is_Present" time="0.061"/>
  <system-out/>
  <testcase classname="Webinars.aaa0009AddNewWebinarLagunaTemplateWebinarSettingsUI" name="Test_If_SimulatedLive_Is_Enabled" time="0.038"/>
  <system-out/>
  <testcase classname="Webinars.aaa0009AddNewWebinarLagunaTemplateWebinarSettingsUI" name="Test_If_SimulatedLive_Label_Is_Correct" time="0.052"/>
  <system-out/>
  <testcase classname="Webinars.aaa0009AddNewWebinarLagunaTemplateWebinarSettingsUI" name="Test_If_InstantReplay_Is_Present" time="0.052"/>
  <system-out/>
  <testcase classname="Webinars.aaa0009AddNewWebinarLagunaTemplateWebinarSettingsUI" name="Test_If_InstantReplay_Is_Enabled" time="0.038"/>
  <system-out/>
  <testcase classname="Webinars.aaa0009AddNewWebinarLagunaTemplateWebinarSettingsUI" name="Test_If_InstantReplay_Label_Is_Correct" time="0.060"/>
  <system-out/>
  <testcase classname="Webinars.aaa0009AddNewWebinarLagunaTemplateWebinarSettingsUI" name="Test_If_EventTime_Label_Is_Present" time="0.067"/>
  <system-out/>
  <testcase classname="Webinars.aaa0009AddNewWebinarLagunaTemplateWebinarSettingsUI" name="Test_If_EventTime_Label_Is_Correct" time="0.059"/>
  <system-out/>
  <testcase classname="Webinars.aaa0009AddNewWebinarLagunaTemplateWebinarSettingsUI" name="Test_If_dateInputfield_Is_Present" time="0.057"/>
  <system-out/>
  <testcase classname="Webinars.aaa0009AddNewWebinarLagunaTemplateWebinarSettingsUI" name="Test_If_dateInputfield_Is_Enabled" time="0.034"/>
  <system-out/>
  <testcase classname="Webinars.aaa0009AddNewWebinarLagunaTemplateWebinarSettingsUI" name="Test_If_dateInputIcon_Is_Present" time="0.053"/>
  <system-out/>
  <testcase classname="Webinars.aaa0009AddNewWebinarLagunaTemplateWebinarSettingsUI" name="Test_If_dateInputIcon_Is_Enabled" time="0.041"/>
  <system-out/>
  <testcase classname="Webinars.aaa0009AddNewWebinarLagunaTemplateWebinarSettingsUI" name="Test_If_dateInputIcon_When_Click_ItOpenUp_TheDatePicker" time="2.676"/>
  <system-out/>
  <testcase classname="Webinars.aaa0009AddNewWebinarLagunaTemplateWebinarSettingsUI" name="Test_If_GoBackButton_Is_Present" time="0.051"/>
  <system-out/>
  <testcase classname="Webinars.aaa0009AddNewWebinarLagunaTemplateWebinarSettingsUI" name="Test_If_GoBackButton_Is_Enabled" time="0.036"/>
  <system-out/>
  <testcase classname="Webinars.aaa0009AddNewWebinarLagunaTemplateWebinarSettingsUI" name="Test_If_GoBackButton_Name_Is_Correct" time="0.063"/>
  <system-out/>
  <testcase classname="Webinars.aaa0009AddNewWebinarLagunaTemplateWebinarSettingsUI" name="Test_If_GoBackButton_Icon_Is_PresentandCorrect" time="0.046"/>
  <system-out/>
  <testcase classname="Webinars.aaa0009AddNewWebinarLagunaTemplateWebinarSettingsUI" name="Test_If_AddWebinarButton_Is_Present" time="0.055"/>
  <system-out/>
  <testcase classname="Webinars.aaa0009AddNewWebinarLagunaTemplateWebinarSettingsUI" name="Test_If_AddWebinarButton_Is_Enabled" time="0.036"/>
  <system-out/>
  <testcase classname="Webinars.aaa0009AddNewWebinarLagunaTemplateWebinarSettingsUI" name="Test_If_AddWebinarButton_Name_Is_Correct" time="0.067"/>
  <system-out/>
  <testcase classname="Webinars.aaa0009AddNewWebinarLagunaTemplateWebinarSettingsUI" name="Test_If_AddWebinarButton_Icon_Is_PresentandCorrect" time="0.044"/>
  <system-out/>
</testsuite> <!-- Webinars.aaa0009AddNewWebinarLagunaTemplateWebinarSettingsUI -->
