<?xml version="1.0" encoding="UTF-8"?>
<!-- Generated by org.testng.reporters.JUnitReportReporter -->
<testsuite hostname="DESKTOP-IHTC1M0" failures="0" tests="9" name="MeetingRooms.HostWebinarRoomConfirmationDialogTest" time="65.383" errors="0" timestamp="2020-12-15T22:51:16 SGT" skipped="0">
  <testcase classname="MeetingRooms.HostWebinarRoomConfirmationDialogTest" name="Test_If_ConfirmationDialog_Popup_At_Host_WebinarRoom_When_Launch" time="54.793"/>
  <system-out/>
  <testcase classname="MeetingRooms.HostWebinarRoomConfirmationDialogTest" name="Test_If_ConfirmationDialog_Has_Title" time="0.045"/>
  <system-out/>
  <testcase classname="MeetingRooms.HostWebinarRoomConfirmationDialogTest" name="Test_If_ConfirmationDialog_Has_Title_Is_Correct" time="0.048"/>
  <system-out/>
  <testcase classname="MeetingRooms.HostWebinarRoomConfirmationDialogTest" name="Test_If_ConfirmationDialog_Has_InstructionText" time="0.047"/>
  <system-out/>
  <testcase classname="MeetingRooms.HostWebinarRoomConfirmationDialogTest" name="Test_If_ConfirmationDialog_InstructionText_Is_Correct" time="0.046"/>
  <system-out/>
  <testcase classname="MeetingRooms.HostWebinarRoomConfirmationDialogTest" name="Test_If_ConfirmationDialog_Has_JoinRoomNow_Button" time="0.052"/>
  <system-out/>
  <testcase classname="MeetingRooms.HostWebinarRoomConfirmationDialogTest" name="Test_If_ConfirmationDialog_JoinRoomNow_Button_Is_Enabled" time="0.030"/>
  <system-out/>
  <testcase classname="MeetingRooms.HostWebinarRoomConfirmationDialogTest" name="Test_If_ConfirmationDialog_JoinRoomNow_Button_Has_Name_And_Correct" time="0.049"/>
  <system-out/>
  <testcase classname="MeetingRooms.HostWebinarRoomConfirmationDialogTest" name="Test_If_When_JoinRoomNow_Button_Is_Clicked_ConfirmationDialog_Will_Be_Closed" time="10.273"/>
  <system-out/>
</testsuite> <!-- MeetingRooms.HostWebinarRoomConfirmationDialogTest -->
