<?xml version="1.0" encoding="UTF-8"?>
<!-- Generated by org.testng.reporters.JUnitReportReporter -->
<testsuite hostname="DESKTOP-IHTC1M0" failures="0" tests="14" name="MeetingRooms.StartMeetingRoomConfirmationDialogTest" time="67.431" errors="0" timestamp="2020-12-10T19:56:49 SGT" skipped="0">
  <testcase classname="MeetingRooms.StartMeetingRoomConfirmationDialogTest" name="Test_If_StartMeetingRoom_ConfirmmationDialog_Will_Popup_When_StartMeetingNow_Button_Is_Clicked" time="26.797"/>
  <system-out/>
  <testcase classname="MeetingRooms.StartMeetingRoomConfirmationDialogTest" name="Test_Start_Meeting_Room_modalDialog_Title_is_Present" time="0.065"/>
  <system-out/>
  <testcase classname="MeetingRooms.StartMeetingRoomConfirmationDialogTest" name="Test_Start_Meeting_Room_modalDialog_Title_is_textCorrect" time="0.060"/>
  <system-out/>
  <testcase classname="MeetingRooms.StartMeetingRoomConfirmationDialogTest" name="Test_Start_Meeting_Room_modalDialog_questionText_is_Present" time="0.048"/>
  <system-out/>
  <testcase classname="MeetingRooms.StartMeetingRoomConfirmationDialogTest" name="Test_Start_Meeting_Room_modalDialog_questionText_is_textCorrect" time="0.059"/>
  <system-out/>
  <testcase classname="MeetingRooms.StartMeetingRoomConfirmationDialogTest" name="Test_Start_Meeting_Room_modalDialog_CancelButton_is_Present" time="0.051"/>
  <system-out/>
  <testcase classname="MeetingRooms.StartMeetingRoomConfirmationDialogTest" name="Test_Start_Meeting_Room_modalDialog_CancelButton_is_Enabled" time="0.034"/>
  <system-out/>
  <testcase classname="MeetingRooms.StartMeetingRoomConfirmationDialogTest" name="Test_Start_Meeting_Room_modalDialog_CancelButton_name_is_Correct" time="0.094"/>
  <system-out/>
  <testcase classname="MeetingRooms.StartMeetingRoomConfirmationDialogTest" name="Test_Start_Meeting_Room_modalDialog_STARTMEETINGButton_is_Present" time="0.054"/>
  <system-out/>
  <testcase classname="MeetingRooms.StartMeetingRoomConfirmationDialogTest" name="Test_Start_Meeting_Room_modalDialog_STARTMEETINGButton_is_Enabled" time="0.069"/>
  <system-out/>
  <testcase classname="MeetingRooms.StartMeetingRoomConfirmationDialogTest" name="Test_Start_Meeting_Room_modalDialog_STARTMEETINGButton_name_is_Correct" time="0.090"/>
  <system-out/>
  <testcase classname="MeetingRooms.StartMeetingRoomConfirmationDialogTest" name="Test_if_Click_cancelButton_will_close_StartMeetingRoomModalDialog" time="12.266"/>
  <system-out/>
  <testcase classname="MeetingRooms.StartMeetingRoomConfirmationDialogTest" name="Test_if_STARTMEETINGbutton_is_click_HostMeetingRoom_will_launch_next_windowTab" time="6.801"/>
  <system-out/>
  <testcase classname="MeetingRooms.StartMeetingRoomConfirmationDialogTest" name="Test_if_Correct_URL_in_HostMeetingRoom" time="20.943"/>
  <system-out/>
</testsuite> <!-- MeetingRooms.StartMeetingRoomConfirmationDialogTest -->
