<?xml version="1.0" encoding="UTF-8"?>
<!-- Generated by org.testng.reporters.JUnitReportReporter -->
<testsuite hostname="DESKTOP-IHTC1M0" failures="0" tests="15" name="forgotPassword.forgotPasswordUITest" time="2.739" errors="0" timestamp="2020-11-25T17:32:02 SGT" skipped="0">
  <testcase classname="forgotPassword.forgotPasswordUITest" name="Test_Main_Title_is_Present" time="2.198"/>
  <system-out/>
  <testcase classname="forgotPassword.forgotPasswordUITest" name="Test_is_Main_Title_correct" time="0.041"/>
  <system-out/>
  <testcase classname="forgotPassword.forgotPasswordUITest" name="Test_SubTitle_is_Present" time="0.052"/>
  <system-out/>
  <testcase classname="forgotPassword.forgotPasswordUITest" name="Test_SubTitle_is_correct" time="0.036"/>
  <system-out/>
  <testcase classname="forgotPassword.forgotPasswordUITest" name="Test_if_InstructionalText_is_Present" time="0.047"/>
  <system-out/>
  <testcase classname="forgotPassword.forgotPasswordUITest" name="Test_if_InstructionalText_is_Correct" time="0.035"/>
  <system-out/>
  <testcase classname="forgotPassword.forgotPasswordUITest" name="Test_if_EmailInputfield_is_Present" time="0.044"/>
  <system-out/>
  <testcase classname="forgotPassword.forgotPasswordUITest" name="Test_if_EmailInputfield_is_Enabled" time="0.032"/>
  <system-out/>
  <testcase classname="forgotPassword.forgotPasswordUITest" name="Test_if_EmailInputfield_InsideLabel_is_Correct" time="0.046"/>
  <system-out/>
  <testcase classname="forgotPassword.forgotPasswordUITest" name="Test_if_BackButton_is_Present" time="0.043"/>
  <system-out/>
  <testcase classname="forgotPassword.forgotPasswordUITest" name="Test_if_BackButton_is_Enabled" time="0.027"/>
  <system-out/>
  <testcase classname="forgotPassword.forgotPasswordUITest" name="Test_if_BackButton_Name_is_Correct" time="0.032"/>
  <system-out/>
  <testcase classname="forgotPassword.forgotPasswordUITest" name="Test_if_SubmitButton_is_Present" time="0.042"/>
  <system-out/>
  <testcase classname="forgotPassword.forgotPasswordUITest" name="Test_if_SubmitButton_is_Enabled" time="0.030"/>
  <system-out/>
  <testcase classname="forgotPassword.forgotPasswordUITest" name="Test_if_SubmitButton_Name_is_Correct" time="0.034"/>
  <system-out/>
</testsuite> <!-- forgotPassword.forgotPasswordUITest -->
