<?xml version="1.0" encoding="UTF-8"?>
<!-- Generated by org.testng.reporters.JUnitReportReporter -->
<testsuite hostname="DESKTOP-IHTC1M0" failures="0" tests="9" name="MeetingRooms.aaa0004HostWebinarRoomConfirmationDialogTest" time="0.000" errors="0" timestamp="2020-12-17T19:49:10 SGT" skipped="9">
  <testcase classname="MeetingRooms.aaa0004HostWebinarRoomConfirmationDialogTest" name="Test_If_ConfirmationDialog_Popup_At_Host_WebinarRoom_When_Launch" time="0.000">
    <skipped/>
  </testcase> <!-- Test_If_ConfirmationDialog_Popup_At_Host_WebinarRoom_When_Launch -->
  <system-out/>
  <testcase classname="MeetingRooms.aaa0004HostWebinarRoomConfirmationDialogTest" name="Test_If_ConfirmationDialog_Has_Title" time="0.000">
    <skipped/>
  </testcase> <!-- Test_If_ConfirmationDialog_Has_Title -->
  <system-out/>
  <testcase classname="MeetingRooms.aaa0004HostWebinarRoomConfirmationDialogTest" name="Test_If_ConfirmationDialog_Has_Title_Is_Correct" time="0.000">
    <skipped/>
  </testcase> <!-- Test_If_ConfirmationDialog_Has_Title_Is_Correct -->
  <system-out/>
  <testcase classname="MeetingRooms.aaa0004HostWebinarRoomConfirmationDialogTest" name="Test_If_ConfirmationDialog_Has_InstructionText" time="0.000">
    <skipped/>
  </testcase> <!-- Test_If_ConfirmationDialog_Has_InstructionText -->
  <system-out/>
  <testcase classname="MeetingRooms.aaa0004HostWebinarRoomConfirmationDialogTest" name="Test_If_ConfirmationDialog_InstructionText_Is_Correct" time="0.000">
    <skipped/>
  </testcase> <!-- Test_If_ConfirmationDialog_InstructionText_Is_Correct -->
  <system-out/>
  <testcase classname="MeetingRooms.aaa0004HostWebinarRoomConfirmationDialogTest" name="Test_If_ConfirmationDialog_JoinRoomNow_Button_Is_Enabled" time="0.000">
    <skipped/>
  </testcase> <!-- Test_If_ConfirmationDialog_JoinRoomNow_Button_Is_Enabled -->
  <system-out/>
  <testcase classname="MeetingRooms.aaa0004HostWebinarRoomConfirmationDialogTest" name="Test_If_ConfirmationDialog_Has_JoinRoomNow_Button" time="0.000">
    <skipped/>
  </testcase> <!-- Test_If_ConfirmationDialog_Has_JoinRoomNow_Button -->
  <system-out/>
  <testcase classname="MeetingRooms.aaa0004HostWebinarRoomConfirmationDialogTest" name="Test_If_ConfirmationDialog_JoinRoomNow_Button_Has_Name_And_Correct" time="0.000">
    <skipped/>
  </testcase> <!-- Test_If_ConfirmationDialog_JoinRoomNow_Button_Has_Name_And_Correct -->
  <system-out/>
  <testcase classname="MeetingRooms.aaa0004HostWebinarRoomConfirmationDialogTest" name="Test_If_When_JoinRoomNow_Button_Is_Clicked_ConfirmationDialog_Will_Be_Closed" time="0.000">
    <skipped/>
  </testcase> <!-- Test_If_When_JoinRoomNow_Button_Is_Clicked_ConfirmationDialog_Will_Be_Closed -->
  <system-out/>
</testsuite> <!-- MeetingRooms.aaa0004HostWebinarRoomConfirmationDialogTest -->
