<?xml version="1.0" encoding="UTF-8"?>
<!-- Generated by org.testng.reporters.JUnitReportReporter -->
<testsuite hostname="DESKTOP-IHTC1M0" failures="0" tests="16" name="Webinars.aaa0049AddNewWebinarLagunaTemplate_SimulatedLiveWebinar_RunRecurring" time="296.894" errors="0" timestamp="2020-12-23T18:32:24 SGT" skipped="0">
  <testcase classname="Webinars.aaa0049AddNewWebinarLagunaTemplate_SimulatedLiveWebinar_RunRecurring" name="Test_If_AddNew_SimulatedLiveWebinar_When_Selecting_RunHourly_SetWeekdayTime_and_AddAnotherTime_Elements_Emerges" time="47.825"/>
  <system-out/>
  <testcase classname="Webinars.aaa0049AddNewWebinarLagunaTemplate_SimulatedLiveWebinar_RunRecurring" name="Test_ChooseaWeekDay_SelectionMenu_Has_Submenus" time="3.616"/>
  <system-out/>
  <testcase classname="Webinars.aaa0049AddNewWebinarLagunaTemplate_SimulatedLiveWebinar_RunRecurring" name="Test_When_host_SelectDay_Sunday_SetTimeInputfield_With_Closebutton_Emerges" time="2.837"/>
  <system-out/>
  <testcase classname="Webinars.aaa0049AddNewWebinarLagunaTemplate_SimulatedLiveWebinar_RunRecurring" name="Test_When_host_SelectDay_Monday_SetTimeInputfield_With_Closebutton_Emerges" time="2.690"/>
  <system-out/>
  <testcase classname="Webinars.aaa0049AddNewWebinarLagunaTemplate_SimulatedLiveWebinar_RunRecurring" name="Test_When_host_SelectDay_Tuesday_SetTimeInputfield_With_Closebutton_Emerges" time="2.573"/>
  <system-out/>
  <testcase classname="Webinars.aaa0049AddNewWebinarLagunaTemplate_SimulatedLiveWebinar_RunRecurring" name="Test_When_host_SelectDay_Wednesday_SetTimeInputfield_With_Closebutton_Emerges" time="2.573"/>
  <system-out/>
  <testcase classname="Webinars.aaa0049AddNewWebinarLagunaTemplate_SimulatedLiveWebinar_RunRecurring" name="Test_When_host_SelectDay_Thursday_SetTimeInputfield_With_Closebutton_Emerges" time="2.548"/>
  <system-out/>
  <testcase classname="Webinars.aaa0049AddNewWebinarLagunaTemplate_SimulatedLiveWebinar_RunRecurring" name="Test_When_host_SelectDay_Friday_SetTimeInputfield_With_Closebutton_Emerges" time="2.531"/>
  <system-out/>
  <testcase classname="Webinars.aaa0049AddNewWebinarLagunaTemplate_SimulatedLiveWebinar_RunRecurring" name="Test_When_host_SelectDay_Saturday_SetTimeInputfield_With_Closebutton_Emerges" time="2.549"/>
  <system-out/>
  <testcase classname="Webinars.aaa0049AddNewWebinarLagunaTemplate_SimulatedLiveWebinar_RunRecurring" name="Test_Adding_Multiple_SeTimerPerDay_OnSaturday" time="30.333"/>
  <system-out/>
  <testcase classname="Webinars.aaa0049AddNewWebinarLagunaTemplate_SimulatedLiveWebinar_RunRecurring" name="Test_Adding_Multiple_SeTimerPerDay_OnSunday" time="33.005"/>
  <system-out/>
  <testcase classname="Webinars.aaa0049AddNewWebinarLagunaTemplate_SimulatedLiveWebinar_RunRecurring" name="Test_Adding_Multiple_SeTimerPerDay_OnMonday" time="33.191"/>
  <system-out/>
  <testcase classname="Webinars.aaa0049AddNewWebinarLagunaTemplate_SimulatedLiveWebinar_RunRecurring" name="Test_Adding_Multiple_SeTimerPerDay_OnTuesday" time="32.844"/>
  <system-out/>
  <testcase classname="Webinars.aaa0049AddNewWebinarLagunaTemplate_SimulatedLiveWebinar_RunRecurring" name="Test_Adding_Multiple_SeTimerPerDay_OnWednesday" time="32.577"/>
  <system-out/>
  <testcase classname="Webinars.aaa0049AddNewWebinarLagunaTemplate_SimulatedLiveWebinar_RunRecurring" name="Test_Adding_Multiple_SeTimerPerDay_OnThrusday" time="32.617"/>
  <system-out/>
  <testcase classname="Webinars.aaa0049AddNewWebinarLagunaTemplate_SimulatedLiveWebinar_RunRecurring" name="Test_Adding_Multiple_SeTimerPerDay_OnFriday" time="32.585"/>
  <system-out/>
</testsuite> <!-- Webinars.aaa0049AddNewWebinarLagunaTemplate_SimulatedLiveWebinar_RunRecurring -->
