<?xml version="1.0" encoding="UTF-8"?>
<!-- Generated by org.testng.reporters.JUnitReportReporter -->
<testsuite hostname="DESKTOP-IHTC1M0" failures="0" tests="18" name="Dashboard.aaa0003UserLoginProfile_UITest" time="0.000" errors="0" timestamp="2020-12-17T19:49:10 SGT" skipped="18">
  <testcase classname="Dashboard.aaa0003UserLoginProfile_UITest" name="Test_if_username_is_Present_onToprightcorner" time="0.000">
    <skipped/>
  </testcase> <!-- Test_if_username_is_Present_onToprightcorner -->
  <system-out/>
  <testcase classname="Dashboard.aaa0003UserLoginProfile_UITest" name="Test_if_username_is_Enabled_onToprightcorner" time="0.000">
    <skipped/>
  </testcase> <!-- Test_if_username_is_Enabled_onToprightcorner -->
  <system-out/>
  <testcase classname="Dashboard.aaa0003UserLoginProfile_UITest" name="Test_if_username_icon_is_Present" time="0.000">
    <skipped/>
  </testcase> <!-- Test_if_username_icon_is_Present -->
  <system-out/>
  <testcase classname="Dashboard.aaa0003UserLoginProfile_UITest" name="Test_if_Settings_Menu_is_Present_when_username_is_clicked" time="0.000">
    <skipped/>
  </testcase> <!-- Test_if_Settings_Menu_is_Present_when_username_is_clicked -->
  <system-out/>
  <testcase classname="Dashboard.aaa0003UserLoginProfile_UITest" name="Test_if_Settings_Menu_is_Enabled_when_username_is_clicked" time="0.000">
    <skipped/>
  </testcase> <!-- Test_if_Settings_Menu_is_Enabled_when_username_is_clicked -->
  <system-out/>
  <testcase classname="Dashboard.aaa0003UserLoginProfile_UITest" name="Test_if_Settings_Menu_is_TextisCorrect_when_username_is_clicked" time="0.000">
    <skipped/>
  </testcase> <!-- Test_if_Settings_Menu_is_TextisCorrect_when_username_is_clicked -->
  <system-out/>
  <testcase classname="Dashboard.aaa0003UserLoginProfile_UITest" name="Test_if_Settings_icon_is_Present_when_username_is_clicked" time="0.000">
    <skipped/>
  </testcase> <!-- Test_if_Settings_icon_is_Present_when_username_is_clicked -->
  <system-out/>
  <testcase classname="Dashboard.aaa0003UserLoginProfile_UITest" name="Test_if_Support_Menu_is_Present_when_username_is_clicked" time="0.000">
    <skipped/>
  </testcase> <!-- Test_if_Support_Menu_is_Present_when_username_is_clicked -->
  <system-out/>
  <testcase classname="Dashboard.aaa0003UserLoginProfile_UITest" name="Test_if_Support_Menu_is_Enabled_when_username_is_clicked" time="0.000">
    <skipped/>
  </testcase> <!-- Test_if_Support_Menu_is_Enabled_when_username_is_clicked -->
  <system-out/>
  <testcase classname="Dashboard.aaa0003UserLoginProfile_UITest" name="Test_if_Support_Icon_is_Present_when_username_is_clicked" time="0.000">
    <skipped/>
  </testcase> <!-- Test_if_Support_Icon_is_Present_when_username_is_clicked -->
  <system-out/>
  <testcase classname="Dashboard.aaa0003UserLoginProfile_UITest" name="Test_if_Support_Menu_is_CorrectTetxt_when_username_is_clicked" time="0.000">
    <skipped/>
  </testcase> <!-- Test_if_Support_Menu_is_CorrectTetxt_when_username_is_clicked -->
  <system-out/>
  <testcase classname="Dashboard.aaa0003UserLoginProfile_UITest" name="Test_if_Logout_Menu_is_Present_when_username_is_clicked" time="0.000">
    <skipped/>
  </testcase> <!-- Test_if_Logout_Menu_is_Present_when_username_is_clicked -->
  <system-out/>
  <testcase classname="Dashboard.aaa0003UserLoginProfile_UITest" name="Test_if_Logout_Menu_is_Enabled_when_username_is_clicked" time="0.000">
    <skipped/>
  </testcase> <!-- Test_if_Logout_Menu_is_Enabled_when_username_is_clicked -->
  <system-out/>
  <testcase classname="Dashboard.aaa0003UserLoginProfile_UITest" name="Test_if_Logout_Menu_is_CorrectText_when_username_is_clicked" time="0.000">
    <skipped/>
  </testcase> <!-- Test_if_Logout_Menu_is_CorrectText_when_username_is_clicked -->
  <system-out/>
  <testcase classname="Dashboard.aaa0003UserLoginProfile_UITest" name="Test_if_Logout_Icon_is_Present_when_username_is_clicked" time="0.000">
    <skipped/>
  </testcase> <!-- Test_if_Logout_Icon_is_Present_when_username_is_clicked -->
  <system-out/>
  <testcase classname="Dashboard.aaa0003UserLoginProfile_UITest" name="Test_if_When_Settings_is_Clicked_Correct_URLDestination_and_CorrectPage_title" time="0.000">
    <skipped/>
  </testcase> <!-- Test_if_When_Settings_is_Clicked_Correct_URLDestination_and_CorrectPage_title -->
  <system-out/>
  <testcase classname="Dashboard.aaa0003UserLoginProfile_UITest" name="Test_if_When_Support_is_Clicked_Correct_URLDestination_and_CorrectPage_title" time="0.000">
    <skipped/>
  </testcase> <!-- Test_if_When_Support_is_Clicked_Correct_URLDestination_and_CorrectPage_title -->
  <system-out/>
  <testcase classname="Dashboard.aaa0003UserLoginProfile_UITest" name="Test_if_When_LogOut_is_Clicked_Correct_URLDestination" time="0.000">
    <skipped/>
  </testcase> <!-- Test_if_When_LogOut_is_Clicked_Correct_URLDestination -->
  <system-out/>
</testsuite> <!-- Dashboard.aaa0003UserLoginProfile_UITest -->
