<?xml version="1.0" encoding="UTF-8"?>
<!-- Generated by org.testng.reporters.JUnitReportReporter -->
<testsuite hostname="LAPTOP-ESEL78H9" failures="0" tests="1" name="loginPage.loginattemptTest" time="3.528" errors="0" timestamp="2020-08-12T02:27:10 PST" skipped="0">
  <testcase classname="loginPage.loginattemptTest" name="Testvalidusernamepasswordmismatch" time="3.528"/>
  <system-out/>
</testsuite> <!-- loginPage.loginattemptTest -->
