<?xml version="1.0" encoding="UTF-8"?>
<!-- Generated by org.testng.reporters.JUnitReportReporter -->
<testsuite hostname="DESKTOP-IHTC1M0" failures="0" tests="8" name="Webinars.aaa0032AddNewClarkTemplate_SimulatedLiveWebinar_RunOnce_GoesTo_AllWebinarsPage" time="49.780" errors="0" timestamp="2020-12-21T22:48:57 SGT" skipped="0">
  <testcase classname="Webinars.aaa0032AddNewClarkTemplate_SimulatedLiveWebinar_RunOnce_GoesTo_AllWebinarsPage" name="Test_If_WhenSelecting_SimulateLive_SimulatedLiveTiming_Menu_Will_Emerge" time="24.971"/>
  <system-out/>
  <testcase classname="Webinars.aaa0032AddNewClarkTemplate_SimulatedLiveWebinar_RunOnce_GoesTo_AllWebinarsPage" name="Test_If_AddNew_SimulatedLiveWebinar_RunOnce_IT_GoesToCorrectpath" time="12.296"/>
  <system-out/>
  <testcase classname="Webinars.aaa0032AddNewClarkTemplate_SimulatedLiveWebinar_RunOnce_GoesTo_AllWebinarsPage" name="Test_If_The_RecentCreated_SimulatedLiveWebinar_RunOnce_Appear_At_AllWebinarsPage" time="11.744"/>
  <system-out/>
  <testcase classname="Webinars.aaa0032AddNewClarkTemplate_SimulatedLiveWebinar_RunOnce_GoesTo_AllWebinarsPage" name="Test_If_The_RecentCreated_SimulatedLiveWebinar_RunOnce_Has_ManageSimulatedEvent_button_Enabled_CorrectButtonName_ButtonHasIconandWithCorrectIconName" time="0.234"/>
  <system-out/>
  <testcase classname="Webinars.aaa0032AddNewClarkTemplate_SimulatedLiveWebinar_RunOnce_GoesTo_AllWebinarsPage" name="Test_If_The_RecentCreated_SimulatedLiveWebinar_RunOnce_Has_WebinarLink_Enabled_CorrectLinkText" time="0.133"/>
  <system-out/>
  <testcase classname="Webinars.aaa0032AddNewClarkTemplate_SimulatedLiveWebinar_RunOnce_GoesTo_AllWebinarsPage" name="Test_If_The_RecentCreated_SimulatedLiveWebinar_RunOnce_Has_EditLink_Enabled_Correctlinktext" time="0.138"/>
  <system-out/>
  <testcase classname="Webinars.aaa0032AddNewClarkTemplate_SimulatedLiveWebinar_RunOnce_GoesTo_AllWebinarsPage" name="Test_If_The_RecentCreated_SimulatedLiveWebinar_RunOnce_Has_CopyLink_Enabled_Correctlinktext" time="0.130"/>
  <system-out/>
  <testcase classname="Webinars.aaa0032AddNewClarkTemplate_SimulatedLiveWebinar_RunOnce_GoesTo_AllWebinarsPage" name="Test_If_The_RecentCreated_SimulatedLiveWebinar_RunOnce_Has_DeleteLink_Enabled_Correctlinktext" time="0.134"/>
  <system-out/>
</testsuite> <!-- Webinars.aaa0032AddNewClarkTemplate_SimulatedLiveWebinar_RunOnce_GoesTo_AllWebinarsPage -->
