<?xml version="1.0" encoding="UTF-8"?>
<!-- Generated by org.testng.reporters.JUnitReportReporter -->
<testsuite hostname="DESKTOP-IHTC1M0" failures="0" tests="12" name="Login_Home_Page.loginTestExecution" time="0.685" errors="0" timestamp="2020-11-05T19:53:23 SGT" skipped="0">
  <testcase classname="Login_Home_Page.loginTestExecution" name="Test_if_Title_is_Present" time="0.129"/>
  <system-out/>
  <testcase classname="Login_Home_Page.loginTestExecution" name="Test_if_Title_is_correct" time="0.049"/>
  <system-out/>
  <testcase classname="Login_Home_Page.loginTestExecution" name="Test_if_UserNameInputfield_is_Present" time="0.067"/>
  <system-out/>
  <testcase classname="Login_Home_Page.loginTestExecution" name="Test_if_UserNameInputfield_is_Enabled" time="0.042"/>
  <system-out/>
  <testcase classname="Login_Home_Page.loginTestExecution" name="Test_if_UserNameInputfield_is_PresentandCorrect" time="0.050"/>
  <system-out/>
  <testcase classname="Login_Home_Page.loginTestExecution" name="Test_if_PasswordInputfield_is_Present" time="0.059"/>
  <system-out/>
  <testcase classname="Login_Home_Page.loginTestExecution" name="Test_if_PasswordInputfield_is_Enabled" time="0.034"/>
  <system-out/>
  <testcase classname="Login_Home_Page.loginTestExecution" name="Test_if_PasswordInputfield_is_PresentandCorrect" time="0.060"/>
  <system-out/>
  <testcase classname="Login_Home_Page.loginTestExecution" name="Test_if_Rememberme_Label_is_Present" time="0.061"/>
  <system-out/>
  <testcase classname="Login_Home_Page.loginTestExecution" name="Test_if_Rememberme_Label_is_Correct" time="0.042"/>
  <system-out/>
  <testcase classname="Login_Home_Page.loginTestExecution" name="Test_if_CheckBox_is_Present" time="0.053"/>
  <system-out/>
  <testcase classname="Login_Home_Page.loginTestExecution" name="Test_if_CheckBox_is_Enabled" time="0.039"/>
  <system-out/>
</testsuite> <!-- Login_Home_Page.loginTestExecution -->
