<?xml version="1.0" encoding="UTF-8"?>
<!-- Generated by org.testng.reporters.JUnitReportReporter -->
<testsuite hostname="DESKTOP-IHTC1M0" failures="0" tests="8" name="Webinars.aaa0027AddNewMesaTemplate_SimulatedLiveWebinar_GoesTo_AllWebinarsPage" time="53.341" errors="0" timestamp="2020-12-21T22:29:42 SGT" skipped="0">
  <testcase classname="Webinars.aaa0027AddNewMesaTemplate_SimulatedLiveWebinar_GoesTo_AllWebinarsPage" name="Test_If_WhenSelecting_SimulateLive_SimulatedLiveTiming_Menu_Will_Emerge" time="26.166"/>
  <system-out/>
  <testcase classname="Webinars.aaa0027AddNewMesaTemplate_SimulatedLiveWebinar_GoesTo_AllWebinarsPage" name="Test_If_AddNew_SimulatedLiveWebinar_RunOnce_IT_GoesToCorrectpath" time="12.929"/>
  <system-out/>
  <testcase classname="Webinars.aaa0027AddNewMesaTemplate_SimulatedLiveWebinar_GoesTo_AllWebinarsPage" name="Test_If_The_RecentCreated_SimulatedLiveWebinar_RunOnce_Appear_At_AllWebinarsPage" time="13.450"/>
  <system-out/>
  <testcase classname="Webinars.aaa0027AddNewMesaTemplate_SimulatedLiveWebinar_GoesTo_AllWebinarsPage" name="Test_If_The_RecentCreated_SimulatedLiveWebinar_RunOnce_Has_ManageSimulatedEvent_button_Enabled_CorrectButtonName_ButtonHasIconandWithCorrectIconName" time="0.244"/>
  <system-out/>
  <testcase classname="Webinars.aaa0027AddNewMesaTemplate_SimulatedLiveWebinar_GoesTo_AllWebinarsPage" name="Test_If_The_RecentCreated_SimulatedLiveWebinar_RunOnce_Has_WebinarLink_Enabled_CorrectLinkText" time="0.136"/>
  <system-out/>
  <testcase classname="Webinars.aaa0027AddNewMesaTemplate_SimulatedLiveWebinar_GoesTo_AllWebinarsPage" name="Test_If_The_RecentCreated_SimulatedLiveWebinar_RunOnce_Has_EditLink_Enabled_Correctlinktext" time="0.136"/>
  <system-out/>
  <testcase classname="Webinars.aaa0027AddNewMesaTemplate_SimulatedLiveWebinar_GoesTo_AllWebinarsPage" name="Test_If_The_RecentCreated_SimulatedLiveWebinar_RunOnce_Has_CopyLink_Enabled_Correctlinktext" time="0.147"/>
  <system-out/>
  <testcase classname="Webinars.aaa0027AddNewMesaTemplate_SimulatedLiveWebinar_GoesTo_AllWebinarsPage" name="Test_If_The_RecentCreated_SimulatedLiveWebinar_RunOnce_Has_DeleteLink_Enabled_Correctlinktext" time="0.133"/>
  <system-out/>
</testsuite> <!-- Webinars.aaa0027AddNewMesaTemplate_SimulatedLiveWebinar_GoesTo_AllWebinarsPage -->
