<?xml version="1.0" encoding="UTF-8"?>
<!-- Generated by org.testng.reporters.JUnitReportReporter -->
<testsuite hostname="LAPTOP-ESEL78H9" failures="0" tests="1" name="loginPage.testloginPage" time="0.076" errors="0" timestamp="2020-08-03T12:11:56 PST" skipped="0">
  <testcase classname="loginPage.testloginPage" name="loginpageTest0001" time="0.076"/>
  <system-out/>
</testsuite> <!-- loginPage.testloginPage -->
