<?xml version="1.0" encoding="UTF-8"?>
<!-- Generated by org.testng.reporters.JUnitReportReporter -->
<testsuite hostname="LAPTOP-ESEL78H9" failures="0" tests="11" name="Webinars.runTestAddWebinarTemplate" time="61.420" errors="0" timestamp="2020-09-23T15:26:14 PST" skipped="0">
  <testcase classname="Webinars.runTestAddWebinarTemplate" name="Test_If_Webinars_Main_Menu_Exist" time="6.275"/>
  <system-out/>
  <testcase classname="Webinars.runTestAddWebinarTemplate" name="Test_If_Webinars_Sub_Menus_Exist" time="7.146"/>
  <system-out/>
  <testcase classname="Webinars.runTestAddWebinarTemplate" name="Test_Add_New_Webinars_Page" time="5.295"/>
  <system-out/>
  <testcase classname="Webinars.runTestAddWebinarTemplate" name="Test_If_Adeline_Template_Exist" time="5.313"/>
  <system-out/>
  <testcase classname="Webinars.runTestAddWebinarTemplate" name="Test_If_Mesa_Template_Exist" time="5.317"/>
  <system-out/>
  <testcase classname="Webinars.runTestAddWebinarTemplate" name="Test_If_Belmont_Template_Exist" time="5.316"/>
  <system-out/>
  <testcase classname="Webinars.runTestAddWebinarTemplate" name="Test_If_Oak_Template_Exist" time="5.334"/>
  <system-out/>
  <testcase classname="Webinars.runTestAddWebinarTemplate" name="Test_If_Nexgen_Template_Exist" time="5.514"/>
  <system-out/>
  <testcase classname="Webinars.runTestAddWebinarTemplate" name="Test_If_Chicago_Template_Exist" time="5.309"/>
  <system-out/>
  <testcase classname="Webinars.runTestAddWebinarTemplate" name="Test_If_Clark_Template_Exist" time="5.300"/>
  <system-out/>
  <testcase classname="Webinars.runTestAddWebinarTemplate" name="Test_If_Laguna_Template_Exist" time="5.301"/>
  <system-out/>
</testsuite> <!-- Webinars.runTestAddWebinarTemplate -->
