<?xml version="1.0" encoding="UTF-8"?>
<!-- Generated by org.testng.reporters.JUnitReportReporter -->
<testsuite hostname="DESKTOP-IHTC1M0" failures="0" tests="20" name="Login_Home_Page.aaa0001loginPageUITest" time="0.897" errors="0" timestamp="2020-12-17T20:07:05 SGT" skipped="0">
  <testcase classname="Login_Home_Page.aaa0001loginPageUITest" name="Test_if_Title_is_Present" time="0.097"/>
  <system-out/>
  <testcase classname="Login_Home_Page.aaa0001loginPageUITest" name="Test_if_Title_is_correct" time="0.044"/>
  <system-out/>
  <testcase classname="Login_Home_Page.aaa0001loginPageUITest" name="Test_if_UserNameInputfield_is_Present" time="0.053"/>
  <system-out/>
  <testcase classname="Login_Home_Page.aaa0001loginPageUITest" name="Test_if_UserNameInputfield_is_Enabled" time="0.030"/>
  <system-out/>
  <testcase classname="Login_Home_Page.aaa0001loginPageUITest" name="Test_if_UserNameInputfield_InsideLabel_is_Correct" time="0.050"/>
  <system-out/>
  <testcase classname="Login_Home_Page.aaa0001loginPageUITest" name="Test_if_PasswordInputfield_is_Present" time="0.059"/>
  <system-out/>
  <testcase classname="Login_Home_Page.aaa0001loginPageUITest" name="Test_if_PasswordInputfield_is_Enabled" time="0.033"/>
  <system-out/>
  <testcase classname="Login_Home_Page.aaa0001loginPageUITest" name="Test_if_PasswordInputfield_InsideLabel_is_Correct" time="0.042"/>
  <system-out/>
  <testcase classname="Login_Home_Page.aaa0001loginPageUITest" name="Test_if_Rememberme_Label_is_Present" time="0.057"/>
  <system-out/>
  <testcase classname="Login_Home_Page.aaa0001loginPageUITest" name="Test_if_Rememberme_Label_is_Correct" time="0.048"/>
  <system-out/>
  <testcase classname="Login_Home_Page.aaa0001loginPageUITest" name="Test_if_CheckBox_is_Present" time="0.054"/>
  <system-out/>
  <testcase classname="Login_Home_Page.aaa0001loginPageUITest" name="Test_if_CheckBox_is_Enabled" time="0.034"/>
  <system-out/>
  <testcase classname="Login_Home_Page.aaa0001loginPageUITest" name="Test_if_ForgotPasswordLinktext_is_Present" time="0.044"/>
  <system-out/>
  <testcase classname="Login_Home_Page.aaa0001loginPageUITest" name="Test_if_ForgotPasswordLinktext_is_Enabled" time="0.031"/>
  <system-out/>
  <testcase classname="Login_Home_Page.aaa0001loginPageUITest" name="Test_if_ForgotPasswordLinktext_is_correctText" time="0.035"/>
  <system-out/>
  <testcase classname="Login_Home_Page.aaa0001loginPageUITest" name="Test_if_SIGNINButton_is_Present" time="0.047"/>
  <system-out/>
  <testcase classname="Login_Home_Page.aaa0001loginPageUITest" name="Test_if_SIGNINButton_is_nameIscorrect" time="0.035"/>
  <system-out/>
  <testcase classname="Login_Home_Page.aaa0001loginPageUITest" name="Test_if_SIGNINButton_is_Enabled" time="0.029"/>
  <system-out/>
  <testcase classname="Login_Home_Page.aaa0001loginPageUITest" name="Test_if_footer_is_Present" time="0.042"/>
  <system-out/>
  <testcase classname="Login_Home_Page.aaa0001loginPageUITest" name="Test_if_footer_is_correct" time="0.033"/>
  <system-out/>
</testsuite> <!-- Login_Home_Page.aaa0001loginPageUITest -->
