<?xml version="1.0" encoding="UTF-8"?>
<!-- Generated by org.testng.reporters.JUnitReportReporter -->
<testsuite hostname="DESKTOP-IHTC1M0" failures="0" tests="20" name="Login_Home_Page.loginPageUITest" time="1.002" errors="0" timestamp="2020-12-09T00:18:22 SGT" skipped="0">
  <testcase classname="Login_Home_Page.loginPageUITest" name="Test_if_Title_is_Present" time="0.123"/>
  <system-out/>
  <testcase classname="Login_Home_Page.loginPageUITest" name="Test_if_Title_is_correct" time="0.046"/>
  <system-out/>
  <testcase classname="Login_Home_Page.loginPageUITest" name="Test_if_UserNameInputfield_is_Present" time="0.060"/>
  <system-out/>
  <testcase classname="Login_Home_Page.loginPageUITest" name="Test_if_UserNameInputfield_is_Enabled" time="0.037"/>
  <system-out/>
  <testcase classname="Login_Home_Page.loginPageUITest" name="Test_if_UserNameInputfield_InsideLabel_is_Correct" time="0.053"/>
  <system-out/>
  <testcase classname="Login_Home_Page.loginPageUITest" name="Test_if_PasswordInputfield_is_Present" time="0.054"/>
  <system-out/>
  <testcase classname="Login_Home_Page.loginPageUITest" name="Test_if_PasswordInputfield_is_Enabled" time="0.033"/>
  <system-out/>
  <testcase classname="Login_Home_Page.loginPageUITest" name="Test_if_PasswordInputfield_InsideLabel_is_Correct" time="0.048"/>
  <system-out/>
  <testcase classname="Login_Home_Page.loginPageUITest" name="Test_if_Rememberme_Label_is_Present" time="0.066"/>
  <system-out/>
  <testcase classname="Login_Home_Page.loginPageUITest" name="Test_if_Rememberme_Label_is_Correct" time="0.048"/>
  <system-out/>
  <testcase classname="Login_Home_Page.loginPageUITest" name="Test_if_CheckBox_is_Present" time="0.058"/>
  <system-out/>
  <testcase classname="Login_Home_Page.loginPageUITest" name="Test_if_CheckBox_is_Enabled" time="0.037"/>
  <system-out/>
  <testcase classname="Login_Home_Page.loginPageUITest" name="Test_if_ForgotPasswordLinktext_is_Present" time="0.051"/>
  <system-out/>
  <testcase classname="Login_Home_Page.loginPageUITest" name="Test_if_ForgotPasswordLinktext_is_Enabled" time="0.036"/>
  <system-out/>
  <testcase classname="Login_Home_Page.loginPageUITest" name="Test_if_ForgotPasswordLinktext_is_correctText" time="0.037"/>
  <system-out/>
  <testcase classname="Login_Home_Page.loginPageUITest" name="Test_if_SIGNINButton_is_Present" time="0.051"/>
  <system-out/>
  <testcase classname="Login_Home_Page.loginPageUITest" name="Test_if_SIGNINButton_is_nameIscorrect" time="0.041"/>
  <system-out/>
  <testcase classname="Login_Home_Page.loginPageUITest" name="Test_if_SIGNINButton_is_Enabled" time="0.035"/>
  <system-out/>
  <testcase classname="Login_Home_Page.loginPageUITest" name="Test_if_footer_is_Present" time="0.050"/>
  <system-out/>
  <testcase classname="Login_Home_Page.loginPageUITest" name="Test_if_footer_is_correct" time="0.038"/>
  <system-out/>
</testsuite> <!-- Login_Home_Page.loginPageUITest -->
