<?xml version="1.0" encoding="UTF-8"?>
<!-- Generated by org.testng.reporters.JUnitReportReporter -->
<testsuite skipped="0" hostname="LAPTOP-ESEL78H9" name="forgotPassword.runTestforgotpasswordUI" tests="1" failures="0" timestamp="2020-09-28T23:25:42 SGT" time="5.932" errors="0">
  <testcase name="Testforgotpasswordsubtitle" time="5.932" classname="forgotPassword.runTestforgotpasswordUI"/>
  <system-out/>
</testsuite> <!-- forgotPassword.runTestforgotpasswordUI -->
