<?xml version="1.0" encoding="UTF-8"?>
<!-- Generated by org.testng.reporters.JUnitReportReporter -->
<testsuite skipped="0" hostname="LAPTOP-ESEL78H9" name="Login_Home_Page.runTestLoginHomePage" tests="7" failures="0" timestamp="2020-09-28T23:25:42 SGT" time="1.128" errors="0">
  <testcase name="Test_If_Title_Exist" time="0.197" classname="Login_Home_Page.runTestLoginHomePage"/>
  <system-out/>
  <testcase name="Test_If_Username_Input_field_Exist" time="0.164" classname="Login_Home_Page.runTestLoginHomePage"/>
  <system-out/>
  <testcase name="Test_If_Password_Input_field_Exist" time="0.130" classname="Login_Home_Page.runTestLoginHomePage"/>
  <system-out/>
  <testcase name="Test_If_RememberMe_Exist_and_its_checkbox" time="0.193" classname="Login_Home_Page.runTestLoginHomePage"/>
  <system-out/>
  <testcase name="Test_If_ForgotPassword_LinkText_Exist" time="0.168" classname="Login_Home_Page.runTestLoginHomePage"/>
  <system-out/>
  <testcase name="Test_If_SignIn_Button_Exist" time="0.170" classname="Login_Home_Page.runTestLoginHomePage"/>
  <system-out/>
  <testcase name="Test_If_Footer_Text_Exist" time="0.106" classname="Login_Home_Page.runTestLoginHomePage"/>
  <system-out/>
</testsuite> <!-- Login_Home_Page.runTestLoginHomePage -->
