<?xml version="1.0" encoding="UTF-8"?>
<!-- Generated by org.testng.reporters.JUnitReportReporter -->
<testsuite skipped="0" hostname="LAPTOP-ESEL78H9" name="Webinars.runTestAddWebinarTemplate" tests="11" failures="0" timestamp="2020-09-28T23:25:42 SGT" time="70.437" errors="0">
  <testcase name="Test_If_Webinars_Main_Menu_Exist" time="7.673" classname="Webinars.runTestAddWebinarTemplate"/>
  <system-out/>
  <testcase name="Test_If_Webinars_Sub_Menus_Exist" time="7.331" classname="Webinars.runTestAddWebinarTemplate"/>
  <system-out/>
  <testcase name="Test_Add_New_Webinars_Page" time="10.119" classname="Webinars.runTestAddWebinarTemplate"/>
  <system-out/>
  <testcase name="Test_If_Adeline_Template_Exist" time="5.606" classname="Webinars.runTestAddWebinarTemplate"/>
  <system-out/>
  <testcase name="Test_If_Mesa_Template_Exist" time="5.683" classname="Webinars.runTestAddWebinarTemplate"/>
  <system-out/>
  <testcase name="Test_If_Belmont_Template_Exist" time="5.690" classname="Webinars.runTestAddWebinarTemplate"/>
  <system-out/>
  <testcase name="Test_If_Oak_Template_Exist" time="5.668" classname="Webinars.runTestAddWebinarTemplate"/>
  <system-out/>
  <testcase name="Test_If_Nexgen_Template_Exist" time="5.706" classname="Webinars.runTestAddWebinarTemplate"/>
  <system-out/>
  <testcase name="Test_If_Chicago_Template_Exist" time="5.685" classname="Webinars.runTestAddWebinarTemplate"/>
  <system-out/>
  <testcase name="Test_If_Clark_Template_Exist" time="5.657" classname="Webinars.runTestAddWebinarTemplate"/>
  <system-out/>
  <testcase name="Test_If_Laguna_Template_Exist" time="5.619" classname="Webinars.runTestAddWebinarTemplate"/>
  <system-out/>
</testsuite> <!-- Webinars.runTestAddWebinarTemplate -->
