<?xml version="1.0" encoding="UTF-8"?>
<!-- Generated by org.testng.reporters.JUnitReportReporter -->
<testsuite skipped="0" hostname="LAPTOP-ESEL78H9" name="Login_Home_Page.runTestLoginScenarios" tests="6" failures="0" timestamp="2020-09-28T23:25:42 SGT" time="24.722" errors="0">
  <testcase name="Test_If_Login_Without_Credentials" time="3.338" classname="Login_Home_Page.runTestLoginScenarios"/>
  <system-out/>
  <testcase name="Test_If_Login_Username_Only_Credentials" time="3.415" classname="Login_Home_Page.runTestLoginScenarios"/>
  <system-out/>
  <testcase name="Test_If_Login_Password_Only_Credentials" time="3.443" classname="Login_Home_Page.runTestLoginScenarios"/>
  <system-out/>
  <testcase name="Test_If_Login_Incorrect_Username_Incorrect_Password_Credentials" time="3.689" classname="Login_Home_Page.runTestLoginScenarios"/>
  <system-out/>
  <testcase name="Test_If_Login_Correct_Username_Incorrect_Password_Credentials" time="3.532" classname="Login_Home_Page.runTestLoginScenarios"/>
  <system-out/>
  <testcase name="Test_If_Login_Correct_Username_And_Password_Credentials" time="7.305" classname="Login_Home_Page.runTestLoginScenarios"/>
  <system-out/>
</testsuite> <!-- Login_Home_Page.runTestLoginScenarios -->
